# JMH version: 1.23
# VM version: JDK 13.0.2, OpenJDK Server VM, 13.0.2+8
# VM invoker: /home/ubuntu/opt/jdk-13.0.2+8/bin/java
# VM options: <none>
# Warmup: 5 iterations, 10 s each
# Measurement: 5 iterations, 10 s each
# Timeout: 10 min per iteration
# Threads: 1 thread, will synchronize iterations
# Benchmark mode: Throughput, ops/time
# Benchmark: com.sun.glass.ui.monocle.Benchmarks.copyTo08New
# Parameters: (type = large)

# Run progress: 0.00% complete, ETA 01:23:20
# Fork: 1 of 5
# Warmup Iteration   1: 1.694 ops/s
# Warmup Iteration   2: 1.487 ops/s
# Warmup Iteration   3: 1.496 ops/s
# Warmup Iteration   4: 1.498 ops/s
# Warmup Iteration   5: 1.498 ops/s
Iteration   1: 1.499 ops/s
Iteration   2: 1.500 ops/s
Iteration   3: 1.487 ops/s
Iteration   4: 1.497 ops/s
Iteration   5: 1.498 ops/s

# Run progress: 2.00% complete, ETA 01:41:57
# Fork: 2 of 5
# Warmup Iteration   1: 1.677 ops/s
# Warmup Iteration   2: 1.948 ops/s
# Warmup Iteration   3: 1.987 ops/s
# Warmup Iteration   4: 1.988 ops/s
# Warmup Iteration   5: 1.974 ops/s
Iteration   1: 1.984 ops/s
Iteration   2: 1.993 ops/s
Iteration   3: 1.986 ops/s
Iteration   4: 1.977 ops/s
Iteration   5: 1.987 ops/s

# Run progress: 4.00% complete, ETA 01:37:54
# Fork: 3 of 5
# Warmup Iteration   1: 1.673 ops/s
# Warmup Iteration   2: 1.948 ops/s
# Warmup Iteration   3: 1.977 ops/s
# Warmup Iteration   4: 1.978 ops/s
# Warmup Iteration   5: 1.979 ops/s
Iteration   1: 1.985 ops/s
Iteration   2: 1.986 ops/s
Iteration   3: 1.977 ops/s
Iteration   4: 1.932 ops/s
Iteration   5: 1.955 ops/s

# Run progress: 6.00% complete, ETA 01:35:20
# Fork: 4 of 5
# Warmup Iteration   1: 1.655 ops/s
# Warmup Iteration   2: 1.510 ops/s
# Warmup Iteration   3: 1.500 ops/s
# Warmup Iteration   4: 1.505 ops/s
# Warmup Iteration   5: 1.506 ops/s
Iteration   1: 1.505 ops/s
Iteration   2: 1.507 ops/s
Iteration   3: 1.504 ops/s
Iteration   4: 1.504 ops/s
Iteration   5: 1.493 ops/s

# Run progress: 8.00% complete, ETA 01:33:48
# Fork: 5 of 5
# Warmup Iteration   1: 1.374 ops/s
# Warmup Iteration   2: 1.368 ops/s
# Warmup Iteration   3: 1.299 ops/s
# Warmup Iteration   4: 1.295 ops/s
# Warmup Iteration   5: 1.299 ops/s
Iteration   1: 1.301 ops/s
Iteration   2: 1.301 ops/s
Iteration   3: 1.298 ops/s
Iteration   4: 1.295 ops/s
Iteration   5: 1.298 ops/s


Result "com.sun.glass.ui.monocle.Benchmarks.copyTo08New":
  1.650 ±(99.9%) 0.211 ops/s [Average]
  (min, avg, max) = (1.295, 1.650, 1.993), stdev = 0.282
  CI (99.9%): [1.439, 1.861] (assumes normal distribution)


# JMH version: 1.23
# VM version: JDK 13.0.2, OpenJDK Server VM, 13.0.2+8
# VM invoker: /home/ubuntu/opt/jdk-13.0.2+8/bin/java
# VM options: <none>
# Warmup: 5 iterations, 10 s each
# Measurement: 5 iterations, 10 s each
# Timeout: 10 min per iteration
# Threads: 1 thread, will synchronize iterations
# Benchmark mode: Throughput, ops/time
# Benchmark: com.sun.glass.ui.monocle.Benchmarks.copyTo16New
# Parameters: (type = large)

# Run progress: 10.00% complete, ETA 01:31:43
# Fork: 1 of 5
# Warmup Iteration   1: 3.082 ops/s
# Warmup Iteration   2: 2.984 ops/s
# Warmup Iteration   3: 3.016 ops/s
# Warmup Iteration   4: 3.035 ops/s
# Warmup Iteration   5: 3.031 ops/s
Iteration   1: 3.029 ops/s
Iteration   2: 3.029 ops/s
Iteration   3: 3.033 ops/s
Iteration   4: 3.031 ops/s
Iteration   5: 3.029 ops/s

# Run progress: 12.00% complete, ETA 01:29:37
# Fork: 2 of 5
# Warmup Iteration   1: 4.653 ops/s
# Warmup Iteration   2: 5.792 ops/s
# Warmup Iteration   3: 5.926 ops/s
# Warmup Iteration   4: 5.677 ops/s
# Warmup Iteration   5: 5.927 ops/s
Iteration   1: 5.927 ops/s
Iteration   2: 5.921 ops/s
Iteration   3: 5.928 ops/s
Iteration   4: 5.922 ops/s
Iteration   5: 5.899 ops/s

# Run progress: 14.00% complete, ETA 01:27:24
# Fork: 3 of 5
# Warmup Iteration   1: 4.959 ops/s
# Warmup Iteration   2: 5.892 ops/s
# Warmup Iteration   3: 6.031 ops/s
# Warmup Iteration   4: 6.043 ops/s
# Warmup Iteration   5: 6.102 ops/s
Iteration   1: 6.099 ops/s
Iteration   2: 6.080 ops/s
Iteration   3: 6.086 ops/s
Iteration   4: 6.097 ops/s
Iteration   5: 6.101 ops/s

# Run progress: 16.00% complete, ETA 01:25:09
# Fork: 4 of 5
# Warmup Iteration   1: 4.631 ops/s
# Warmup Iteration   2: 5.815 ops/s
# Warmup Iteration   3: 5.953 ops/s
# Warmup Iteration   4: 5.952 ops/s
# Warmup Iteration   5: 5.953 ops/s
Iteration   1: 5.956 ops/s
Iteration   2: 5.959 ops/s
Iteration   3: 5.953 ops/s
Iteration   4: 5.961 ops/s
Iteration   5: 5.934 ops/s

# Run progress: 18.00% complete, ETA 01:22:58
# Fork: 5 of 5
# Warmup Iteration   1: 4.730 ops/s
# Warmup Iteration   2: 5.834 ops/s
# Warmup Iteration   3: 5.958 ops/s
# Warmup Iteration   4: 5.938 ops/s
# Warmup Iteration   5: 5.963 ops/s
Iteration   1: 5.968 ops/s
Iteration   2: 5.969 ops/s
Iteration   3: 5.959 ops/s
Iteration   4: 5.962 ops/s
Iteration   5: 5.972 ops/s


Result "com.sun.glass.ui.monocle.Benchmarks.copyTo16New":
  5.392 ±(99.9%) 0.904 ops/s [Average]
  (min, avg, max) = (3.029, 5.392, 6.101), stdev = 1.207
  CI (99.9%): [4.488, 6.296] (assumes normal distribution)


# JMH version: 1.23
# VM version: JDK 13.0.2, OpenJDK Server VM, 13.0.2+8
# VM invoker: /home/ubuntu/opt/jdk-13.0.2+8/bin/java
# VM options: <none>
# Warmup: 5 iterations, 10 s each
# Measurement: 5 iterations, 10 s each
# Timeout: 10 min per iteration
# Threads: 1 thread, will synchronize iterations
# Benchmark mode: Throughput, ops/time
# Benchmark: com.sun.glass.ui.monocle.Benchmarks.copyTo16Old
# Parameters: (type = large)

# Run progress: 20.00% complete, ETA 01:20:49
# Fork: 1 of 5
# Warmup Iteration   1: 2.662 ops/s
# Warmup Iteration   2: 3.378 ops/s
# Warmup Iteration   3: 3.393 ops/s
# Warmup Iteration   4: 3.393 ops/s
# Warmup Iteration   5: 3.393 ops/s
Iteration   1: 3.395 ops/s
Iteration   2: 3.378 ops/s
Iteration   3: 3.394 ops/s
Iteration   4: 3.315 ops/s
Iteration   5: 3.370 ops/s

# Run progress: 22.00% complete, ETA 01:18:37
# Fork: 2 of 5
# Warmup Iteration   1: 2.518 ops/s
# Warmup Iteration   2: 2.743 ops/s
# Warmup Iteration   3: 2.754 ops/s
# Warmup Iteration   4: 2.731 ops/s
# Warmup Iteration   5: 2.758 ops/s
Iteration   1: 2.755 ops/s
Iteration   2: 2.748 ops/s
Iteration   3: 2.756 ops/s
Iteration   4: 2.759 ops/s
Iteration   5: 2.756 ops/s

# Run progress: 24.00% complete, ETA 01:16:33
# Fork: 3 of 5
# Warmup Iteration   1: 4.262 ops/s
# Warmup Iteration   2: 5.054 ops/s
# Warmup Iteration   3: 5.069 ops/s
# Warmup Iteration   4: 5.079 ops/s
# Warmup Iteration   5: 5.061 ops/s
Iteration   1: 5.083 ops/s
Iteration   2: 5.058 ops/s
Iteration   3: 5.069 ops/s
Iteration   4: 5.080 ops/s
Iteration   5: 5.035 ops/s

# Run progress: 26.00% complete, ETA 01:14:28
# Fork: 4 of 5
# Warmup Iteration   1: 2.784 ops/s
# Warmup Iteration   2: 3.302 ops/s
# Warmup Iteration   3: 3.317 ops/s
# Warmup Iteration   4: 3.312 ops/s
# Warmup Iteration   5: 3.318 ops/s
Iteration   1: 3.314 ops/s
Iteration   2: 3.302 ops/s
Iteration   3: 3.316 ops/s
Iteration   4: 3.317 ops/s
Iteration   5: 3.270 ops/s

# Run progress: 28.00% complete, ETA 01:12:25
# Fork: 5 of 5
# Warmup Iteration   1: 4.270 ops/s
# Warmup Iteration   2: 5.035 ops/s
# Warmup Iteration   3: 5.075 ops/s
# Warmup Iteration   4: 5.057 ops/s
# Warmup Iteration   5: 5.056 ops/s
Iteration   1: 5.073 ops/s
Iteration   2: 5.057 ops/s
Iteration   3: 5.074 ops/s
Iteration   4: 5.068 ops/s
Iteration   5: 5.066 ops/s


Result "com.sun.glass.ui.monocle.Benchmarks.copyTo16Old":
  3.912 ±(99.9%) 0.739 ops/s [Average]
  (min, avg, max) = (2.748, 3.912, 5.083), stdev = 0.986
  CI (99.9%): [3.174, 4.651] (assumes normal distribution)


# JMH version: 1.23
# VM version: JDK 13.0.2, OpenJDK Server VM, 13.0.2+8
# VM invoker: /home/ubuntu/opt/jdk-13.0.2+8/bin/java
# VM options: <none>
# Warmup: 5 iterations, 10 s each
# Measurement: 5 iterations, 10 s each
# Timeout: 10 min per iteration
# Threads: 1 thread, will synchronize iterations
# Benchmark mode: Throughput, ops/time
# Benchmark: com.sun.glass.ui.monocle.Benchmarks.copyTo32New
# Parameters: (type = large)

# Run progress: 30.00% complete, ETA 01:10:19
# Fork: 1 of 5
# Warmup Iteration   1: 43.374 ops/s
# Warmup Iteration   2: 43.262 ops/s
# Warmup Iteration   3: 43.508 ops/s
# Warmup Iteration   4: 41.024 ops/s
# Warmup Iteration   5: 43.382 ops/s
Iteration   1: 43.436 ops/s
Iteration   2: 43.221 ops/s
Iteration   3: 43.318 ops/s
Iteration   4: 43.392 ops/s
Iteration   5: 43.409 ops/s

# Run progress: 32.00% complete, ETA 01:08:18
# Fork: 2 of 5
# Warmup Iteration   1: 46.265 ops/s
# Warmup Iteration   2: 46.002 ops/s
# Warmup Iteration   3: 46.215 ops/s
# Warmup Iteration   4: 46.174 ops/s
# Warmup Iteration   5: 45.826 ops/s
Iteration   1: 46.139 ops/s
Iteration   2: 46.294 ops/s
Iteration   3: 46.172 ops/s
Iteration   4: 46.152 ops/s
Iteration   5: 46.027 ops/s

# Run progress: 34.00% complete, ETA 01:06:13
# Fork: 3 of 5
# Warmup Iteration   1: 45.190 ops/s
# Warmup Iteration   2: 44.982 ops/s
# Warmup Iteration   3: 45.049 ops/s
# Warmup Iteration   4: 45.147 ops/s
# Warmup Iteration   5: 45.111 ops/s
Iteration   1: 45.125 ops/s
Iteration   2: 45.116 ops/s
Iteration   3: 44.817 ops/s
Iteration   4: 45.045 ops/s
Iteration   5: 44.989 ops/s

# Run progress: 36.00% complete, ETA 01:04:09
# Fork: 4 of 5
# Warmup Iteration   1: 44.997 ops/s
# Warmup Iteration   2: 44.038 ops/s
# Warmup Iteration   3: 44.136 ops/s
# Warmup Iteration   4: 44.932 ops/s
# Warmup Iteration   5: 44.900 ops/s
Iteration   1: 45.030 ops/s
Iteration   2: 43.083 ops/s
Iteration   3: 44.927 ops/s
Iteration   4: 44.927 ops/s
Iteration   5: 45.027 ops/s

# Run progress: 38.00% complete, ETA 01:02:09
# Fork: 5 of 5
# Warmup Iteration   1: 46.324 ops/s
# Warmup Iteration   2: 46.237 ops/s
# Warmup Iteration   3: 46.391 ops/s
# Warmup Iteration   4: 46.295 ops/s
# Warmup Iteration   5: 46.152 ops/s
Iteration   1: 46.342 ops/s
Iteration   2: 46.358 ops/s
Iteration   3: 46.317 ops/s
Iteration   4: 46.228 ops/s
Iteration   5: 46.360 ops/s


Result "com.sun.glass.ui.monocle.Benchmarks.copyTo32New":
  45.090 ±(99.9%) 0.873 ops/s [Average]
  (min, avg, max) = (43.083, 45.090, 46.360), stdev = 1.165
  CI (99.9%): [44.217, 45.963] (assumes normal distribution)


# JMH version: 1.23
# VM version: JDK 13.0.2, OpenJDK Server VM, 13.0.2+8
# VM invoker: /home/ubuntu/opt/jdk-13.0.2+8/bin/java
# VM options: <none>
# Warmup: 5 iterations, 10 s each
# Measurement: 5 iterations, 10 s each
# Timeout: 10 min per iteration
# Threads: 1 thread, will synchronize iterations
# Benchmark mode: Throughput, ops/time
# Benchmark: com.sun.glass.ui.monocle.Benchmarks.copyTo32Old
# Parameters: (type = large)

# Run progress: 40.00% complete, ETA 01:00:06
# Fork: 1 of 5
# Warmup Iteration   1: 46.254 ops/s
# Warmup Iteration   2: 46.116 ops/s
# Warmup Iteration   3: 46.216 ops/s
# Warmup Iteration   4: 46.156 ops/s
# Warmup Iteration   5: 46.114 ops/s
Iteration   1: 45.739 ops/s
Iteration   2: 46.217 ops/s
Iteration   3: 46.095 ops/s
Iteration   4: 46.196 ops/s
Iteration   5: 46.187 ops/s

# Run progress: 42.00% complete, ETA 00:58:02
# Fork: 2 of 5
# Warmup Iteration   1: 46.271 ops/s
# Warmup Iteration   2: 46.229 ops/s
# Warmup Iteration   3: 46.186 ops/s
# Warmup Iteration   4: 46.284 ops/s
# Warmup Iteration   5: 45.851 ops/s
Iteration   1: 46.254 ops/s
Iteration   2: 46.322 ops/s
Iteration   3: 45.596 ops/s
Iteration   4: 46.286 ops/s
Iteration   5: 46.244 ops/s

# Run progress: 44.00% complete, ETA 00:56:01
# Fork: 3 of 5
# Warmup Iteration   1: 46.156 ops/s
# Warmup Iteration   2: 45.953 ops/s
# Warmup Iteration   3: 46.042 ops/s
# Warmup Iteration   4: 46.051 ops/s
# Warmup Iteration   5: 46.051 ops/s
Iteration   1: 46.105 ops/s
Iteration   2: 46.055 ops/s
Iteration   3: 46.038 ops/s
Iteration   4: 46.082 ops/s
Iteration   5: 46.086 ops/s

# Run progress: 46.00% complete, ETA 00:53:58
# Fork: 4 of 5
# Warmup Iteration   1: 46.631 ops/s
# Warmup Iteration   2: 46.481 ops/s
# Warmup Iteration   3: 46.454 ops/s
# Warmup Iteration   4: 46.641 ops/s
# Warmup Iteration   5: 46.526 ops/s
Iteration   1: 46.624 ops/s
Iteration   2: 46.463 ops/s
Iteration   3: 46.499 ops/s
Iteration   4: 46.463 ops/s
Iteration   5: 46.635 ops/s

# Run progress: 48.00% complete, ETA 00:51:56
# Fork: 5 of 5
# Warmup Iteration   1: 44.949 ops/s
# Warmup Iteration   2: 44.814 ops/s
# Warmup Iteration   3: 44.844 ops/s
# Warmup Iteration   4: 44.999 ops/s
# Warmup Iteration   5: 44.959 ops/s
Iteration   1: 44.819 ops/s
Iteration   2: 44.990 ops/s
Iteration   3: 44.954 ops/s
Iteration   4: 44.734 ops/s
Iteration   5: 44.803 ops/s


Result "com.sun.glass.ui.monocle.Benchmarks.copyTo32Old":
  45.939 ±(99.9%) 0.449 ops/s [Average]
  (min, avg, max) = (44.734, 45.939, 46.635), stdev = 0.599
  CI (99.9%): [45.490, 46.389] (assumes normal distribution)


# JMH version: 1.23
# VM version: JDK 13.0.2, OpenJDK Server VM, 13.0.2+8
# VM invoker: /home/ubuntu/opt/jdk-13.0.2+8/bin/java
# VM options: <none>
# Warmup: 5 iterations, 10 s each
# Measurement: 5 iterations, 10 s each
# Timeout: 10 min per iteration
# Threads: 1 thread, will synchronize iterations
# Benchmark mode: Throughput, ops/time
# Benchmark: com.sun.glass.ui.monocle.Benchmarks.writeTo08New
# Parameters: (type = large)

# Run progress: 50.00% complete, ETA 00:49:56
# Fork: 1 of 5
# Warmup Iteration   1: 1.426 ops/s
# Warmup Iteration   2: 1.919 ops/s
# Warmup Iteration   3: 1.951 ops/s
# Warmup Iteration   4: 1.952 ops/s
# Warmup Iteration   5: 1.956 ops/s
Iteration   1: 1.955 ops/s
Iteration   2: 1.956 ops/s
Iteration   3: 1.951 ops/s
Iteration   4: 1.955 ops/s
Iteration   5: 1.955 ops/s

# Run progress: 52.00% complete, ETA 00:47:58
# Fork: 2 of 5
# Warmup Iteration   1: 1.135 ops/s
# Warmup Iteration   2: 1.667 ops/s
# Warmup Iteration   3: 1.951 ops/s
# Warmup Iteration   4: 1.951 ops/s
# Warmup Iteration   5: 1.925 ops/s
Iteration   1: 1.940 ops/s
Iteration   2: 1.954 ops/s
Iteration   3: 1.951 ops/s
Iteration   4: 1.947 ops/s
Iteration   5: 1.953 ops/s

# Run progress: 54.00% complete, ETA 00:45:59
# Fork: 3 of 5
# Warmup Iteration   1: 1.482 ops/s
# Warmup Iteration   2: 1.899 ops/s
# Warmup Iteration   3: 1.883 ops/s
# Warmup Iteration   4: 1.930 ops/s
# Warmup Iteration   5: 1.924 ops/s
Iteration   1: 1.930 ops/s
Iteration   2: 1.933 ops/s
Iteration   3: 1.932 ops/s
Iteration   4: 1.934 ops/s
Iteration   5: 1.935 ops/s

# Run progress: 56.00% complete, ETA 00:44:01
# Fork: 4 of 5
# Warmup Iteration   1: 1.147 ops/s
# Warmup Iteration   2: 1.662 ops/s
# Warmup Iteration   3: 1.946 ops/s
# Warmup Iteration   4: 1.945 ops/s
# Warmup Iteration   5: 1.933 ops/s
Iteration   1: 1.939 ops/s
Iteration   2: 1.949 ops/s
Iteration   3: 1.943 ops/s
Iteration   4: 1.948 ops/s
Iteration   5: 1.946 ops/s

# Run progress: 58.00% complete, ETA 00:42:02
# Fork: 5 of 5
# Warmup Iteration   1: 1.125 ops/s
# Warmup Iteration   2: 1.665 ops/s
# Warmup Iteration   3: 1.942 ops/s
# Warmup Iteration   4: 1.937 ops/s
# Warmup Iteration   5: 1.933 ops/s
Iteration   1: 1.942 ops/s
Iteration   2: 1.945 ops/s
Iteration   3: 1.942 ops/s
Iteration   4: 1.942 ops/s
Iteration   5: 1.940 ops/s


Result "com.sun.glass.ui.monocle.Benchmarks.writeTo08New":
  1.945 ±(99.9%) 0.006 ops/s [Average]
  (min, avg, max) = (1.930, 1.945, 1.956), stdev = 0.008
  CI (99.9%): [1.939, 1.951] (assumes normal distribution)


# JMH version: 1.23
# VM version: JDK 13.0.2, OpenJDK Server VM, 13.0.2+8
# VM invoker: /home/ubuntu/opt/jdk-13.0.2+8/bin/java
# VM options: <none>
# Warmup: 5 iterations, 10 s each
# Measurement: 5 iterations, 10 s each
# Timeout: 10 min per iteration
# Threads: 1 thread, will synchronize iterations
# Benchmark mode: Throughput, ops/time
# Benchmark: com.sun.glass.ui.monocle.Benchmarks.writeTo16New
# Parameters: (type = large)

# Run progress: 60.00% complete, ETA 00:40:03
# Fork: 1 of 5
# Warmup Iteration   1: 2.989 ops/s
# Warmup Iteration   2: 5.160 ops/s
# Warmup Iteration   3: 5.372 ops/s
# Warmup Iteration   4: 5.372 ops/s
# Warmup Iteration   5: 5.365 ops/s
Iteration   1: 5.361 ops/s
Iteration   2: 5.374 ops/s
Iteration   3: 5.364 ops/s
Iteration   4: 5.351 ops/s
Iteration   5: 5.383 ops/s

# Run progress: 62.00% complete, ETA 00:38:02
# Fork: 2 of 5
# Warmup Iteration   1: 2.855 ops/s
# Warmup Iteration   2: 5.048 ops/s
# Warmup Iteration   3: 5.210 ops/s
# Warmup Iteration   4: 5.221 ops/s
# Warmup Iteration   5: 5.151 ops/s
Iteration   1: 5.116 ops/s
Iteration   2: 5.215 ops/s
Iteration   3: 5.216 ops/s
Iteration   4: 5.194 ops/s
Iteration   5: 5.216 ops/s

# Run progress: 64.00% complete, ETA 00:36:02
# Fork: 3 of 5
# Warmup Iteration   1: 2.629 ops/s
# Warmup Iteration   2: 5.019 ops/s
# Warmup Iteration   3: 5.170 ops/s
# Warmup Iteration   4: 5.186 ops/s
# Warmup Iteration   5: 5.193 ops/s
Iteration   1: 5.176 ops/s
Iteration   2: 5.178 ops/s
Iteration   3: 5.174 ops/s
Iteration   4: 5.174 ops/s
Iteration   5: 5.181 ops/s

# Run progress: 66.00% complete, ETA 00:34:01
# Fork: 4 of 5
# Warmup Iteration   1: 2.269 ops/s
# Warmup Iteration   2: 5.073 ops/s
# Warmup Iteration   3: 4.062 ops/s
# Warmup Iteration   4: 5.234 ops/s
# Warmup Iteration   5: 5.209 ops/s
Iteration   1: 5.231 ops/s
Iteration   2: 5.236 ops/s
Iteration   3: 5.232 ops/s
Iteration   4: 5.245 ops/s
Iteration   5: 5.235 ops/s

# Run progress: 68.00% complete, ETA 00:32:01
# Fork: 5 of 5
# Warmup Iteration   1: 1.481 ops/s
# Warmup Iteration   2: 3.283 ops/s
# Warmup Iteration   3: 3.421 ops/s
# Warmup Iteration   4: 3.423 ops/s
# Warmup Iteration   5: 3.409 ops/s
Iteration   1: 3.387 ops/s
Iteration   2: 3.423 ops/s
Iteration   3: 3.417 ops/s
Iteration   4: 3.389 ops/s
Iteration   5: 3.423 ops/s


Result "com.sun.glass.ui.monocle.Benchmarks.writeTo16New":
  4.876 ±(99.9%) 0.564 ops/s [Average]
  (min, avg, max) = (3.387, 4.876, 5.383), stdev = 0.752
  CI (99.9%): [4.312, 5.439] (assumes normal distribution)


# JMH version: 1.23
# VM version: JDK 13.0.2, OpenJDK Server VM, 13.0.2+8
# VM invoker: /home/ubuntu/opt/jdk-13.0.2+8/bin/java
# VM options: <none>
# Warmup: 5 iterations, 10 s each
# Measurement: 5 iterations, 10 s each
# Timeout: 10 min per iteration
# Threads: 1 thread, will synchronize iterations
# Benchmark mode: Throughput, ops/time
# Benchmark: com.sun.glass.ui.monocle.Benchmarks.writeTo16Old
# Parameters: (type = large)

# Run progress: 70.00% complete, ETA 00:30:01
# Fork: 1 of 5
# Warmup Iteration   1: 3.348 ops/s
# Warmup Iteration   2: 4.617 ops/s
# Warmup Iteration   3: 4.589 ops/s
# Warmup Iteration   4: 4.600 ops/s
# Warmup Iteration   5: 4.631 ops/s
Iteration   1: 4.634 ops/s
Iteration   2: 4.585 ops/s
Iteration   3: 1.989 ops/s
Iteration   4: 4.611 ops/s
Iteration   5: 4.554 ops/s

# Run progress: 72.00% complete, ETA 00:28:01
# Fork: 2 of 5
# Warmup Iteration   1: 1.833 ops/s
# Warmup Iteration   2: 2.324 ops/s
# Warmup Iteration   3: 2.327 ops/s
# Warmup Iteration   4: 2.332 ops/s
# Warmup Iteration   5: 2.239 ops/s
Iteration   1: 2.332 ops/s
Iteration   2: 1.892 ops/s
Iteration   3: 2.327 ops/s
Iteration   4: 2.334 ops/s
Iteration   5: 2.332 ops/s

# Run progress: 74.00% complete, ETA 00:26:01
# Fork: 3 of 5
# Warmup Iteration   1: 3.046 ops/s
# Warmup Iteration   2: 3.909 ops/s
# Warmup Iteration   3: 3.904 ops/s
# Warmup Iteration   4: 3.907 ops/s
# Warmup Iteration   5: 3.914 ops/s
Iteration   1: 3.912 ops/s
Iteration   2: 3.904 ops/s
Iteration   3: 3.907 ops/s
Iteration   4: 3.912 ops/s
Iteration   5: 3.897 ops/s

# Run progress: 76.00% complete, ETA 00:24:00
# Fork: 4 of 5
# Warmup Iteration   1: 3.368 ops/s
# Warmup Iteration   2: 4.598 ops/s
# Warmup Iteration   3: 4.601 ops/s
# Warmup Iteration   4: 4.597 ops/s
# Warmup Iteration   5: 4.627 ops/s
Iteration   1: 4.621 ops/s
Iteration   2: 4.602 ops/s
Iteration   3: 4.627 ops/s
Iteration   4: 4.587 ops/s
Iteration   5: 4.618 ops/s

# Run progress: 78.00% complete, ETA 00:22:00
# Fork: 5 of 5
# Warmup Iteration   1: 0.661 ops/s
# Warmup Iteration   2: 1.311 ops/s
# Warmup Iteration   3: 1.343 ops/s
# Warmup Iteration   4: 1.345 ops/s
# Warmup Iteration   5: 1.344 ops/s
Iteration   1: 1.791 ops/s
Iteration   2: 2.692 ops/s
Iteration   3: 2.720 ops/s
Iteration   4: 2.721 ops/s
Iteration   5: 2.727 ops/s


Result "com.sun.glass.ui.monocle.Benchmarks.writeTo16Old":
  3.473 ±(99.9%) 0.802 ops/s [Average]
  (min, avg, max) = (1.791, 3.473, 4.634), stdev = 1.071
  CI (99.9%): [2.671, 4.275] (assumes normal distribution)


# JMH version: 1.23
# VM version: JDK 13.0.2, OpenJDK Server VM, 13.0.2+8
# VM invoker: /home/ubuntu/opt/jdk-13.0.2+8/bin/java
# VM options: <none>
# Warmup: 5 iterations, 10 s each
# Measurement: 5 iterations, 10 s each
# Timeout: 10 min per iteration
# Threads: 1 thread, will synchronize iterations
# Benchmark mode: Throughput, ops/time
# Benchmark: com.sun.glass.ui.monocle.Benchmarks.writeTo32New
# Parameters: (type = large)

# Run progress: 80.00% complete, ETA 00:20:05
# Fork: 1 of 5
# Warmup Iteration   1: 14.724 ops/s
# Warmup Iteration   2: 22.584 ops/s
# Warmup Iteration   3: 17.876 ops/s
# Warmup Iteration   4: 14.130 ops/s
# Warmup Iteration   5: 22.724 ops/s
Iteration   1: 22.818 ops/s
Iteration   2: 22.826 ops/s
Iteration   3: 22.854 ops/s
Iteration   4: 22.879 ops/s
Iteration   5: 22.848 ops/s

# Run progress: 82.00% complete, ETA 00:18:04
# Fork: 2 of 5
# Warmup Iteration   1: 16.161 ops/s
# Warmup Iteration   2: 24.029 ops/s
# Warmup Iteration   3: 23.714 ops/s
# Warmup Iteration   4: 24.148 ops/s
# Warmup Iteration   5: 24.105 ops/s
Iteration   1: 24.117 ops/s
Iteration   2: 24.131 ops/s
Iteration   3: 24.129 ops/s
Iteration   4: 24.116 ops/s
Iteration   5: 24.140 ops/s

# Run progress: 84.00% complete, ETA 00:16:03
# Fork: 3 of 5
# Warmup Iteration   1: 13.470 ops/s
# Warmup Iteration   2: 20.825 ops/s
# Warmup Iteration   3: 20.796 ops/s
# Warmup Iteration   4: 20.803 ops/s
# Warmup Iteration   5: 20.915 ops/s
Iteration   1: 20.904 ops/s
Iteration   2: 20.905 ops/s
Iteration   3: 20.892 ops/s
Iteration   4: 20.914 ops/s
Iteration   5: 20.913 ops/s

# Run progress: 86.00% complete, ETA 00:14:03
# Fork: 4 of 5
# Warmup Iteration   1: 15.563 ops/s
# Warmup Iteration   2: 23.358 ops/s
# Warmup Iteration   3: 23.569 ops/s
# Warmup Iteration   4: 23.525 ops/s
# Warmup Iteration   5: 23.459 ops/s
Iteration   1: 23.548 ops/s
Iteration   2: 23.568 ops/s
Iteration   3: 23.556 ops/s
Iteration   4: 23.355 ops/s
Iteration   5: 23.567 ops/s

# Run progress: 88.00% complete, ETA 00:12:02
# Fork: 5 of 5
# Warmup Iteration   1: 14.824 ops/s
# Warmup Iteration   2: 22.558 ops/s
# Warmup Iteration   3: 22.587 ops/s
# Warmup Iteration   4: 22.569 ops/s
# Warmup Iteration   5: 22.594 ops/s
Iteration   1: 22.587 ops/s
Iteration   2: 22.595 ops/s
Iteration   3: 22.583 ops/s
Iteration   4: 22.548 ops/s
Iteration   5: 22.586 ops/s


Result "com.sun.glass.ui.monocle.Benchmarks.writeTo32New":
  22.795 ±(99.9%) 0.832 ops/s [Average]
  (min, avg, max) = (20.892, 22.795, 24.140), stdev = 1.111
  CI (99.9%): [21.963, 23.627] (assumes normal distribution)


# JMH version: 1.23
# VM version: JDK 13.0.2, OpenJDK Server VM, 13.0.2+8
# VM invoker: /home/ubuntu/opt/jdk-13.0.2+8/bin/java
# VM options: <none>
# Warmup: 5 iterations, 10 s each
# Measurement: 5 iterations, 10 s each
# Timeout: 10 min per iteration
# Threads: 1 thread, will synchronize iterations
# Benchmark mode: Throughput, ops/time
# Benchmark: com.sun.glass.ui.monocle.Benchmarks.writeTo32Old
# Parameters: (type = large)

# Run progress: 90.00% complete, ETA 00:10:02
# Fork: 1 of 5
# Warmup Iteration   1: 15.853 ops/s
# Warmup Iteration   2: 23.792 ops/s
# Warmup Iteration   3: 23.933 ops/s
# Warmup Iteration   4: 23.888 ops/s
# Warmup Iteration   5: 21.838 ops/s
Iteration   1: 23.907 ops/s
Iteration   2: 23.893 ops/s
Iteration   3: 23.770 ops/s
Iteration   4: 23.831 ops/s
Iteration   5: 23.911 ops/s

# Run progress: 92.00% complete, ETA 00:08:01
# Fork: 2 of 5
# Warmup Iteration   1: 14.938 ops/s
# Warmup Iteration   2: 22.051 ops/s
# Warmup Iteration   3: 22.068 ops/s
# Warmup Iteration   4: 21.905 ops/s
# Warmup Iteration   5: 22.084 ops/s
Iteration   1: 22.086 ops/s
Iteration   2: 22.075 ops/s
Iteration   3: 22.013 ops/s
Iteration   4: 22.097 ops/s
Iteration   5: 22.083 ops/s

# Run progress: 94.00% complete, ETA 00:06:01
# Fork: 3 of 5
# Warmup Iteration   1: 14.211 ops/s
# Warmup Iteration   2: 20.919 ops/s
# Warmup Iteration   3: 21.009 ops/s
# Warmup Iteration   4: 20.956 ops/s
# Warmup Iteration   5: 21.007 ops/s
Iteration   1: 21.037 ops/s
Iteration   2: 21.031 ops/s
Iteration   3: 21.020 ops/s
Iteration   4: 21.043 ops/s
Iteration   5: 21.028 ops/s

# Run progress: 96.00% complete, ETA 00:04:00
# Fork: 4 of 5
# Warmup Iteration   1: 14.042 ops/s
# Warmup Iteration   2: 21.181 ops/s
# Warmup Iteration   3: 21.284 ops/s
# Warmup Iteration   4: 21.014 ops/s
# Warmup Iteration   5: 21.299 ops/s
Iteration   1: 21.264 ops/s
Iteration   2: 21.199 ops/s
Iteration   3: 21.288 ops/s
Iteration   4: 21.050 ops/s
Iteration   5: 21.080 ops/s

# Run progress: 98.00% complete, ETA 00:02:00
# Fork: 5 of 5
# Warmup Iteration   1: 14.663 ops/s
# Warmup Iteration   2: 22.114 ops/s
# Warmup Iteration   3: 22.183 ops/s
# Warmup Iteration   4: 22.152 ops/s
# Warmup Iteration   5: 22.175 ops/s
Iteration   1: 22.209 ops/s
Iteration   2: 22.224 ops/s
Iteration   3: 22.176 ops/s
Iteration   4: 22.155 ops/s
Iteration   5: 22.100 ops/s


Result "com.sun.glass.ui.monocle.Benchmarks.writeTo32Old":
  22.063 ±(99.9%) 0.773 ops/s [Average]
  (min, avg, max) = (21.020, 22.063, 23.911), stdev = 1.032
  CI (99.9%): [21.290, 22.836] (assumes normal distribution)


# Run complete. Total time: 01:40:12

REMEMBER: The numbers below are just data. To gain reusable insights, you need to follow up on
why the numbers are the way they are. Use profilers (see -prof, -lprof), design factorial
experiments, perform baseline and negative tests that provide experimental control, make sure
the benchmarking environment is safe on JVM/OS/HW level, ask for reviews from the domain experts.
Do not assume the numbers tell you what you want them to tell.

Benchmark                (type)   Mode  Cnt   Score   Error  Units
Benchmarks.copyTo08New    large  thrpt   25   1.650 ± 0.211  ops/s
Benchmarks.copyTo16New    large  thrpt   25   5.392 ± 0.904  ops/s
Benchmarks.copyTo16Old    large  thrpt   25   3.912 ± 0.739  ops/s
Benchmarks.copyTo32New    large  thrpt   25  45.090 ± 0.873  ops/s
Benchmarks.copyTo32Old    large  thrpt   25  45.939 ± 0.449  ops/s
Benchmarks.writeTo08New   large  thrpt   25   1.945 ± 0.006  ops/s
Benchmarks.writeTo16New   large  thrpt   25   4.876 ± 0.564  ops/s
Benchmarks.writeTo16Old   large  thrpt   25   3.473 ± 0.802  ops/s
Benchmarks.writeTo32New   large  thrpt   25  22.795 ± 0.832  ops/s
Benchmarks.writeTo32Old   large  thrpt   25  22.063 ± 0.773  ops/s
