# JMH version: 1.22
# VM version: JDK 12.0.2, OpenJDK Server VM, 12.0.2+10
# VM invoker: /home/ubuntu/opt/jdk-12.0.2+10/bin/java
# VM options: <none>
# Warmup: 5 iterations, 10 s each
# Measurement: 5 iterations, 10 s each
# Timeout: 10 min per iteration
# Threads: 1 thread, will synchronize iterations
# Benchmark mode: Throughput, ops/time
# Benchmark: com.sun.glass.ui.monocle.Benchmarks.copyTo08New
# Parameters: (type = large)

# Run progress: 0.00% complete, ETA 01:23:20
# Fork: 1 of 5
# Warmup Iteration   1: 9.872 ops/s
# Warmup Iteration   2: 9.802 ops/s
# Warmup Iteration   3: 9.938 ops/s
# Warmup Iteration   4: 9.920 ops/s
# Warmup Iteration   5: 9.932 ops/s
Iteration   1: 9.940 ops/s
Iteration   2: 9.944 ops/s
Iteration   3: 9.931 ops/s
Iteration   4: 9.955 ops/s
Iteration   5: 9.961 ops/s

# Run progress: 2.00% complete, ETA 01:27:01
# Fork: 2 of 5
# Warmup Iteration   1: 7.920 ops/s
# Warmup Iteration   2: 8.114 ops/s
# Warmup Iteration   3: 8.098 ops/s
# Warmup Iteration   4: 8.105 ops/s
# Warmup Iteration   5: 8.116 ops/s
Iteration   1: 8.110 ops/s
Iteration   2: 8.104 ops/s
Iteration   3: 8.122 ops/s
Iteration   4: 8.112 ops/s
Iteration   5: 8.112 ops/s

# Run progress: 4.00% complete, ETA 01:24:51
# Fork: 3 of 5
# Warmup Iteration   1: 9.873 ops/s
# Warmup Iteration   2: 9.932 ops/s
# Warmup Iteration   3: 9.941 ops/s
# Warmup Iteration   4: 9.936 ops/s
# Warmup Iteration   5: 9.919 ops/s
Iteration   1: 9.935 ops/s
Iteration   2: 9.942 ops/s
Iteration   3: 9.930 ops/s
Iteration   4: 9.920 ops/s
Iteration   5: 9.926 ops/s

# Run progress: 6.00% complete, ETA 01:22:56
# Fork: 4 of 5
# Warmup Iteration   1: 9.854 ops/s
# Warmup Iteration   2: 9.930 ops/s
# Warmup Iteration   3: 9.916 ops/s
# Warmup Iteration   4: 9.937 ops/s
# Warmup Iteration   5: 9.938 ops/s
Iteration   1: 9.918 ops/s
Iteration   2: 9.922 ops/s
Iteration   3: 9.940 ops/s
Iteration   4: 9.920 ops/s
Iteration   5: 9.937 ops/s

# Run progress: 8.00% complete, ETA 01:21:03
# Fork: 5 of 5
# Warmup Iteration   1: 9.857 ops/s
# Warmup Iteration   2: 9.938 ops/s
# Warmup Iteration   3: 9.946 ops/s
# Warmup Iteration   4: 9.932 ops/s
# Warmup Iteration   5: 9.951 ops/s
Iteration   1: 9.947 ops/s
Iteration   2: 9.931 ops/s
Iteration   3: 9.938 ops/s
Iteration   4: 9.944 ops/s
Iteration   5: 9.933 ops/s


Result "com.sun.glass.ui.monocle.Benchmarks.copyTo08New":
  9.571 ±(99.9%) 0.558 ops/s [Average]
  (min, avg, max) = (8.104, 9.571, 9.961), stdev = 0.745
  CI (99.9%): [9.013, 10.129] (assumes normal distribution)


# JMH version: 1.22
# VM version: JDK 12.0.2, OpenJDK Server VM, 12.0.2+10
# VM invoker: /home/ubuntu/opt/jdk-12.0.2+10/bin/java
# VM options: <none>
# Warmup: 5 iterations, 10 s each
# Measurement: 5 iterations, 10 s each
# Timeout: 10 min per iteration
# Threads: 1 thread, will synchronize iterations
# Benchmark mode: Throughput, ops/time
# Benchmark: com.sun.glass.ui.monocle.Benchmarks.copyTo16New
# Parameters: (type = large)

# Run progress: 10.00% complete, ETA 01:19:13
# Fork: 1 of 5
# Warmup Iteration   1: 12.917 ops/s
# Warmup Iteration   2: 13.618 ops/s
# Warmup Iteration   3: 13.673 ops/s
# Warmup Iteration   4: 13.655 ops/s
# Warmup Iteration   5: 13.654 ops/s
Iteration   1: 13.671 ops/s
Iteration   2: 13.680 ops/s
Iteration   3: 13.663 ops/s
Iteration   4: 13.677 ops/s
Iteration   5: 13.655 ops/s

# Run progress: 12.00% complete, ETA 01:17:24
# Fork: 2 of 5
# Warmup Iteration   1: 12.899 ops/s
# Warmup Iteration   2: 13.688 ops/s
# Warmup Iteration   3: 13.660 ops/s
# Warmup Iteration   4: 13.681 ops/s
# Warmup Iteration   5: 13.676 ops/s
Iteration   1: 13.669 ops/s
Iteration   2: 13.682 ops/s
Iteration   3: 13.683 ops/s
Iteration   4: 13.674 ops/s
Iteration   5: 13.684 ops/s

# Run progress: 14.00% complete, ETA 01:15:34
# Fork: 3 of 5
# Warmup Iteration   1: 12.924 ops/s
# Warmup Iteration   2: 13.705 ops/s
# Warmup Iteration   3: 13.709 ops/s
# Warmup Iteration   4: 13.693 ops/s
# Warmup Iteration   5: 13.689 ops/s
Iteration   1: 13.700 ops/s
Iteration   2: 13.663 ops/s
Iteration   3: 13.687 ops/s
Iteration   4: 13.687 ops/s
Iteration   5: 13.671 ops/s

# Run progress: 16.00% complete, ETA 01:13:46
# Fork: 4 of 5
# Warmup Iteration   1: 12.876 ops/s
# Warmup Iteration   2: 13.631 ops/s
# Warmup Iteration   3: 13.671 ops/s
# Warmup Iteration   4: 13.701 ops/s
# Warmup Iteration   5: 13.690 ops/s
Iteration   1: 13.704 ops/s
Iteration   2: 13.659 ops/s
Iteration   3: 13.634 ops/s
Iteration   4: 13.658 ops/s
Iteration   5: 13.663 ops/s

# Run progress: 18.00% complete, ETA 01:11:59
# Fork: 5 of 5
# Warmup Iteration   1: 12.892 ops/s
# Warmup Iteration   2: 13.676 ops/s
# Warmup Iteration   3: 13.676 ops/s
# Warmup Iteration   4: 13.648 ops/s
# Warmup Iteration   5: 13.674 ops/s
Iteration   1: 13.684 ops/s
Iteration   2: 13.665 ops/s
Iteration   3: 13.675 ops/s
Iteration   4: 13.679 ops/s
Iteration   5: 13.647 ops/s


Result "com.sun.glass.ui.monocle.Benchmarks.copyTo16New":
  13.673 ±(99.9%) 0.012 ops/s [Average]
  (min, avg, max) = (13.634, 13.673, 13.704), stdev = 0.016
  CI (99.9%): [13.661, 13.684] (assumes normal distribution)


# JMH version: 1.22
# VM version: JDK 12.0.2, OpenJDK Server VM, 12.0.2+10
# VM invoker: /home/ubuntu/opt/jdk-12.0.2+10/bin/java
# VM options: <none>
# Warmup: 5 iterations, 10 s each
# Measurement: 5 iterations, 10 s each
# Timeout: 10 min per iteration
# Threads: 1 thread, will synchronize iterations
# Benchmark mode: Throughput, ops/time
# Benchmark: com.sun.glass.ui.monocle.Benchmarks.copyTo16Old
# Parameters: (type = large)

# Run progress: 20.00% complete, ETA 01:10:12
# Fork: 1 of 5
# Warmup Iteration   1: 9.710 ops/s
# Warmup Iteration   2: 9.986 ops/s
# Warmup Iteration   3: 10.013 ops/s
# Warmup Iteration   4: 10.014 ops/s
# Warmup Iteration   5: 9.995 ops/s
Iteration   1: 10.015 ops/s
Iteration   2: 10.016 ops/s
Iteration   3: 10.000 ops/s
Iteration   4: 10.008 ops/s
Iteration   5: 10.007 ops/s

# Run progress: 22.00% complete, ETA 01:08:26
# Fork: 2 of 5
# Warmup Iteration   1: 9.770 ops/s
# Warmup Iteration   2: 10.085 ops/s
# Warmup Iteration   3: 10.073 ops/s
# Warmup Iteration   4: 10.078 ops/s
# Warmup Iteration   5: 10.077 ops/s
Iteration   1: 10.068 ops/s
Iteration   2: 10.072 ops/s
Iteration   3: 10.080 ops/s
Iteration   4: 10.071 ops/s
Iteration   5: 10.076 ops/s

# Run progress: 24.00% complete, ETA 01:06:38
# Fork: 3 of 5
# Warmup Iteration   1: 9.669 ops/s
# Warmup Iteration   2: 9.968 ops/s
# Warmup Iteration   3: 9.985 ops/s
# Warmup Iteration   4: 9.967 ops/s
# Warmup Iteration   5: 9.985 ops/s
Iteration   1: 9.984 ops/s
Iteration   2: 9.972 ops/s
Iteration   3: 9.976 ops/s
Iteration   4: 9.983 ops/s
Iteration   5: 9.977 ops/s

# Run progress: 26.00% complete, ETA 01:04:51
# Fork: 4 of 5
# Warmup Iteration   1: 9.692 ops/s
# Warmup Iteration   2: 9.992 ops/s
# Warmup Iteration   3: 10.003 ops/s
# Warmup Iteration   4: 9.985 ops/s
# Warmup Iteration   5: 9.990 ops/s
Iteration   1: 10.005 ops/s
Iteration   2: 10.006 ops/s
Iteration   3: 9.992 ops/s
Iteration   4: 10.003 ops/s
Iteration   5: 9.989 ops/s

# Run progress: 28.00% complete, ETA 01:03:05
# Fork: 5 of 5
# Warmup Iteration   1: 9.663 ops/s
# Warmup Iteration   2: 9.979 ops/s
# Warmup Iteration   3: 9.985 ops/s
# Warmup Iteration   4: 9.979 ops/s
# Warmup Iteration   5: 9.983 ops/s
Iteration   1: 9.994 ops/s
Iteration   2: 9.984 ops/s
Iteration   3: 9.999 ops/s
Iteration   4: 9.987 ops/s
Iteration   5: 9.993 ops/s


Result "com.sun.glass.ui.monocle.Benchmarks.copyTo16Old":
  10.010 ±(99.9%) 0.026 ops/s [Average]
  (min, avg, max) = (9.972, 10.010, 10.080), stdev = 0.034
  CI (99.9%): [9.985, 10.036] (assumes normal distribution)


# JMH version: 1.22
# VM version: JDK 12.0.2, OpenJDK Server VM, 12.0.2+10
# VM invoker: /home/ubuntu/opt/jdk-12.0.2+10/bin/java
# VM options: <none>
# Warmup: 5 iterations, 10 s each
# Measurement: 5 iterations, 10 s each
# Timeout: 10 min per iteration
# Threads: 1 thread, will synchronize iterations
# Benchmark mode: Throughput, ops/time
# Benchmark: com.sun.glass.ui.monocle.Benchmarks.copyTo32New
# Parameters: (type = large)

# Run progress: 30.00% complete, ETA 01:01:19
# Fork: 1 of 5
# Warmup Iteration   1: 99.110 ops/s
# Warmup Iteration   2: 99.036 ops/s
# Warmup Iteration   3: 99.186 ops/s
# Warmup Iteration   4: 98.855 ops/s
# Warmup Iteration   5: 98.951 ops/s
Iteration   1: 99.270 ops/s
Iteration   2: 99.352 ops/s
Iteration   3: 99.282 ops/s
Iteration   4: 99.392 ops/s
Iteration   5: 99.449 ops/s

# Run progress: 32.00% complete, ETA 00:59:33
# Fork: 2 of 5
# Warmup Iteration   1: 97.616 ops/s
# Warmup Iteration   2: 97.366 ops/s
# Warmup Iteration   3: 97.469 ops/s
# Warmup Iteration   4: 97.466 ops/s
# Warmup Iteration   5: 97.391 ops/s
Iteration   1: 97.345 ops/s
Iteration   2: 97.744 ops/s
Iteration   3: 97.637 ops/s
Iteration   4: 97.447 ops/s
Iteration   5: 97.710 ops/s

# Run progress: 34.00% complete, ETA 00:57:47
# Fork: 3 of 5
# Warmup Iteration   1: 110.152 ops/s
# Warmup Iteration   2: 110.320 ops/s
# Warmup Iteration   3: 110.293 ops/s
# Warmup Iteration   4: 109.978 ops/s
# Warmup Iteration   5: 110.153 ops/s
Iteration   1: 110.596 ops/s
Iteration   2: 110.465 ops/s
Iteration   3: 110.609 ops/s
Iteration   4: 110.575 ops/s
Iteration   5: 138.521 ops/s

# Run progress: 36.00% complete, ETA 00:56:01
# Fork: 4 of 5
# Warmup Iteration   1: 92.401 ops/s
# Warmup Iteration   2: 92.150 ops/s
# Warmup Iteration   3: 92.397 ops/s
# Warmup Iteration   4: 92.251 ops/s
# Warmup Iteration   5: 92.067 ops/s
Iteration   1: 92.170 ops/s
Iteration   2: 92.540 ops/s
Iteration   3: 92.350 ops/s
Iteration   4: 92.505 ops/s
Iteration   5: 92.432 ops/s

# Run progress: 38.00% complete, ETA 00:54:16
# Fork: 5 of 5
# Warmup Iteration   1: 96.406 ops/s
# Warmup Iteration   2: 96.668 ops/s
# Warmup Iteration   3: 89.659 ops/s
# Warmup Iteration   4: 96.580 ops/s
# Warmup Iteration   5: 96.644 ops/s
Iteration   1: 96.478 ops/s
Iteration   2: 96.609 ops/s
Iteration   3: 96.711 ops/s
Iteration   4: 96.729 ops/s
Iteration   5: 96.419 ops/s


Result "com.sun.glass.ui.monocle.Benchmarks.copyTo32New":
  100.413 ±(99.9%) 7.340 ops/s [Average]
  (min, avg, max) = (92.170, 100.413, 138.521), stdev = 9.799
  CI (99.9%): [93.073, 107.754] (assumes normal distribution)


# JMH version: 1.22
# VM version: JDK 12.0.2, OpenJDK Server VM, 12.0.2+10
# VM invoker: /home/ubuntu/opt/jdk-12.0.2+10/bin/java
# VM options: <none>
# Warmup: 5 iterations, 10 s each
# Measurement: 5 iterations, 10 s each
# Timeout: 10 min per iteration
# Threads: 1 thread, will synchronize iterations
# Benchmark mode: Throughput, ops/time
# Benchmark: com.sun.glass.ui.monocle.Benchmarks.copyTo32Old
# Parameters: (type = large)

# Run progress: 40.00% complete, ETA 00:52:31
# Fork: 1 of 5
# Warmup Iteration   1: 99.603 ops/s
# Warmup Iteration   2: 99.480 ops/s
# Warmup Iteration   3: 99.477 ops/s
# Warmup Iteration   4: 99.522 ops/s
# Warmup Iteration   5: 99.199 ops/s
Iteration   1: 99.573 ops/s
Iteration   2: 99.815 ops/s
Iteration   3: 99.681 ops/s
Iteration   4: 99.713 ops/s
Iteration   5: 99.308 ops/s

# Run progress: 42.00% complete, ETA 00:50:45
# Fork: 2 of 5
# Warmup Iteration   1: 98.644 ops/s
# Warmup Iteration   2: 98.593 ops/s
# Warmup Iteration   3: 98.440 ops/s
# Warmup Iteration   4: 98.363 ops/s
# Warmup Iteration   5: 98.453 ops/s
Iteration   1: 98.485 ops/s
Iteration   2: 98.845 ops/s
Iteration   3: 98.845 ops/s
Iteration   4: 98.680 ops/s
Iteration   5: 98.664 ops/s

# Run progress: 44.00% complete, ETA 00:48:59
# Fork: 3 of 5
# Warmup Iteration   1: 99.722 ops/s
# Warmup Iteration   2: 99.862 ops/s
# Warmup Iteration   3: 99.976 ops/s
# Warmup Iteration   4: 99.760 ops/s
# Warmup Iteration   5: 99.851 ops/s
Iteration   1: 99.863 ops/s
Iteration   2: 100.075 ops/s
Iteration   3: 100.158 ops/s
Iteration   4: 100.165 ops/s
Iteration   5: 99.707 ops/s

# Run progress: 46.00% complete, ETA 00:47:14
# Fork: 4 of 5
# Warmup Iteration   1: 96.323 ops/s
# Warmup Iteration   2: 96.261 ops/s
# Warmup Iteration   3: 96.377 ops/s
# Warmup Iteration   4: 96.344 ops/s
# Warmup Iteration   5: 96.200 ops/s
Iteration   1: 96.291 ops/s
Iteration   2: 96.515 ops/s
Iteration   3: 96.460 ops/s
Iteration   4: 96.638 ops/s
Iteration   5: 96.637 ops/s

# Run progress: 48.00% complete, ETA 00:45:28
# Fork: 5 of 5
# Warmup Iteration   1: 112.680 ops/s
# Warmup Iteration   2: 112.766 ops/s
# Warmup Iteration   3: 112.667 ops/s
# Warmup Iteration   4: 112.426 ops/s
# Warmup Iteration   5: 112.725 ops/s
Iteration   1: 112.958 ops/s
Iteration   2: 113.159 ops/s
Iteration   3: 113.138 ops/s
Iteration   4: 114.815 ops/s
Iteration   5: 149.776 ops/s


Result "com.sun.glass.ui.monocle.Benchmarks.copyTo32Old":
  103.118 ±(99.9%) 8.428 ops/s [Average]
  (min, avg, max) = (96.291, 103.118, 149.776), stdev = 11.251
  CI (99.9%): [94.690, 111.547] (assumes normal distribution)


# JMH version: 1.22
# VM version: JDK 12.0.2, OpenJDK Server VM, 12.0.2+10
# VM invoker: /home/ubuntu/opt/jdk-12.0.2+10/bin/java
# VM options: <none>
# Warmup: 5 iterations, 10 s each
# Measurement: 5 iterations, 10 s each
# Timeout: 10 min per iteration
# Threads: 1 thread, will synchronize iterations
# Benchmark mode: Throughput, ops/time
# Benchmark: com.sun.glass.ui.monocle.Benchmarks.writeTo08New
# Parameters: (type = large)

# Run progress: 50.00% complete, ETA 00:43:43
# Fork: 1 of 5
# Warmup Iteration   1: 8.277 ops/s
# Warmup Iteration   2: 8.617 ops/s
# Warmup Iteration   3: 8.621 ops/s
# Warmup Iteration   4: 8.620 ops/s
# Warmup Iteration   5: 8.622 ops/s
Iteration   1: 8.637 ops/s
Iteration   2: 8.615 ops/s
Iteration   3: 8.638 ops/s
Iteration   4: 8.629 ops/s
Iteration   5: 8.615 ops/s

# Run progress: 52.00% complete, ETA 00:41:58
# Fork: 2 of 5
# Warmup Iteration   1: 8.311 ops/s
# Warmup Iteration   2: 8.629 ops/s
# Warmup Iteration   3: 8.628 ops/s
# Warmup Iteration   4: 8.635 ops/s
# Warmup Iteration   5: 8.638 ops/s
Iteration   1: 8.616 ops/s
Iteration   2: 8.636 ops/s
Iteration   3: 8.633 ops/s
Iteration   4: 8.624 ops/s
Iteration   5: 8.633 ops/s

# Run progress: 54.00% complete, ETA 00:40:14
# Fork: 3 of 5
# Warmup Iteration   1: 8.267 ops/s
# Warmup Iteration   2: 8.622 ops/s
# Warmup Iteration   3: 8.620 ops/s
# Warmup Iteration   4: 8.610 ops/s
# Warmup Iteration   5: 8.623 ops/s
Iteration   1: 8.623 ops/s
Iteration   2: 8.602 ops/s
Iteration   3: 8.604 ops/s
Iteration   4: 8.620 ops/s
Iteration   5: 8.610 ops/s

# Run progress: 56.00% complete, ETA 00:38:30
# Fork: 4 of 5
# Warmup Iteration   1: 8.297 ops/s
# Warmup Iteration   2: 8.615 ops/s
# Warmup Iteration   3: 8.626 ops/s
# Warmup Iteration   4: 8.635 ops/s
# Warmup Iteration   5: 8.625 ops/s
Iteration   1: 8.636 ops/s
Iteration   2: 8.639 ops/s
Iteration   3: 8.614 ops/s
Iteration   4: 8.633 ops/s
Iteration   5: 8.634 ops/s

# Run progress: 58.00% complete, ETA 00:36:45
# Fork: 5 of 5
# Warmup Iteration   1: 8.293 ops/s
# Warmup Iteration   2: 8.624 ops/s
# Warmup Iteration   3: 8.613 ops/s
# Warmup Iteration   4: 8.616 ops/s
# Warmup Iteration   5: 8.626 ops/s
Iteration   1: 8.620 ops/s
Iteration   2: 8.629 ops/s
Iteration   3: 8.630 ops/s
Iteration   4: 8.622 ops/s
Iteration   5: 8.617 ops/s


Result "com.sun.glass.ui.monocle.Benchmarks.writeTo08New":
  8.624 ±(99.9%) 0.008 ops/s [Average]
  (min, avg, max) = (8.602, 8.624, 8.639), stdev = 0.011
  CI (99.9%): [8.616, 8.632] (assumes normal distribution)


# JMH version: 1.22
# VM version: JDK 12.0.2, OpenJDK Server VM, 12.0.2+10
# VM invoker: /home/ubuntu/opt/jdk-12.0.2+10/bin/java
# VM options: <none>
# Warmup: 5 iterations, 10 s each
# Measurement: 5 iterations, 10 s each
# Timeout: 10 min per iteration
# Threads: 1 thread, will synchronize iterations
# Benchmark mode: Throughput, ops/time
# Benchmark: com.sun.glass.ui.monocle.Benchmarks.writeTo16New
# Parameters: (type = large)

# Run progress: 60.00% complete, ETA 00:35:00
# Fork: 1 of 5
# Warmup Iteration   1: 12.028 ops/s
# Warmup Iteration   2: 14.156 ops/s
# Warmup Iteration   3: 14.246 ops/s
# Warmup Iteration   4: 14.233 ops/s
# Warmup Iteration   5: 14.237 ops/s
Iteration   1: 14.257 ops/s
Iteration   2: 14.233 ops/s
Iteration   3: 14.251 ops/s
Iteration   4: 14.235 ops/s
Iteration   5: 14.210 ops/s

# Run progress: 62.00% complete, ETA 00:33:15
# Fork: 2 of 5
# Warmup Iteration   1: 12.657 ops/s
# Warmup Iteration   2: 14.151 ops/s
# Warmup Iteration   3: 14.264 ops/s
# Warmup Iteration   4: 14.262 ops/s
# Warmup Iteration   5: 14.249 ops/s
Iteration   1: 14.262 ops/s
Iteration   2: 14.253 ops/s
Iteration   3: 14.248 ops/s
Iteration   4: 14.266 ops/s
Iteration   5: 14.267 ops/s

# Run progress: 64.00% complete, ETA 00:31:30
# Fork: 3 of 5
# Warmup Iteration   1: 11.975 ops/s
# Warmup Iteration   2: 14.148 ops/s
# Warmup Iteration   3: 14.242 ops/s
# Warmup Iteration   4: 14.263 ops/s
# Warmup Iteration   5: 14.256 ops/s
Iteration   1: 14.242 ops/s
Iteration   2: 14.264 ops/s
Iteration   3: 14.255 ops/s
Iteration   4: 14.248 ops/s
Iteration   5: 14.265 ops/s

# Run progress: 66.00% complete, ETA 00:29:45
# Fork: 4 of 5
# Warmup Iteration   1: 12.673 ops/s
# Warmup Iteration   2: 14.162 ops/s
# Warmup Iteration   3: 14.272 ops/s
# Warmup Iteration   4: 14.235 ops/s
# Warmup Iteration   5: 14.245 ops/s
Iteration   1: 14.268 ops/s
Iteration   2: 14.244 ops/s
Iteration   3: 14.264 ops/s
Iteration   4: 14.259 ops/s
Iteration   5: 14.223 ops/s

# Run progress: 68.00% complete, ETA 00:28:00
# Fork: 5 of 5
# Warmup Iteration   1: 12.689 ops/s
# Warmup Iteration   2: 14.198 ops/s
# Warmup Iteration   3: 14.264 ops/s
# Warmup Iteration   4: 14.306 ops/s
# Warmup Iteration   5: 14.283 ops/s
Iteration   1: 14.276 ops/s
Iteration   2: 14.305 ops/s
Iteration   3: 14.307 ops/s
Iteration   4: 14.273 ops/s
Iteration   5: 14.289 ops/s


Result "com.sun.glass.ui.monocle.Benchmarks.writeTo16New":
  14.259 ±(99.9%) 0.017 ops/s [Average]
  (min, avg, max) = (14.210, 14.259, 14.307), stdev = 0.022
  CI (99.9%): [14.242, 14.275] (assumes normal distribution)


# JMH version: 1.22
# VM version: JDK 12.0.2, OpenJDK Server VM, 12.0.2+10
# VM invoker: /home/ubuntu/opt/jdk-12.0.2+10/bin/java
# VM options: <none>
# Warmup: 5 iterations, 10 s each
# Measurement: 5 iterations, 10 s each
# Timeout: 10 min per iteration
# Threads: 1 thread, will synchronize iterations
# Benchmark mode: Throughput, ops/time
# Benchmark: com.sun.glass.ui.monocle.Benchmarks.writeTo16Old
# Parameters: (type = large)

# Run progress: 70.00% complete, ETA 00:26:15
# Fork: 1 of 5
# Warmup Iteration   1: 9.399 ops/s
# Warmup Iteration   2: 9.913 ops/s
# Warmup Iteration   3: 9.925 ops/s
# Warmup Iteration   4: 9.909 ops/s
# Warmup Iteration   5: 9.917 ops/s
Iteration   1: 9.916 ops/s
Iteration   2: 9.881 ops/s
Iteration   3: 9.913 ops/s
Iteration   4: 9.913 ops/s
Iteration   5: 9.904 ops/s

# Run progress: 72.00% complete, ETA 00:24:30
# Fork: 2 of 5
# Warmup Iteration   1: 9.482 ops/s
# Warmup Iteration   2: 9.963 ops/s
# Warmup Iteration   3: 9.975 ops/s
# Warmup Iteration   4: 9.979 ops/s
# Warmup Iteration   5: 9.963 ops/s
Iteration   1: 9.978 ops/s
Iteration   2: 9.570 ops/s
Iteration   3: 9.965 ops/s
Iteration   4: 9.971 ops/s
Iteration   5: 9.974 ops/s

# Run progress: 74.00% complete, ETA 00:22:45
# Fork: 3 of 5
# Warmup Iteration   1: 9.473 ops/s
# Warmup Iteration   2: 9.973 ops/s
# Warmup Iteration   3: 9.963 ops/s
# Warmup Iteration   4: 9.964 ops/s
# Warmup Iteration   5: 9.981 ops/s
Iteration   1: 9.967 ops/s
Iteration   2: 9.972 ops/s
Iteration   3: 9.978 ops/s
Iteration   4: 9.965 ops/s
Iteration   5: 9.897 ops/s

# Run progress: 76.00% complete, ETA 00:21:00
# Fork: 4 of 5
# Warmup Iteration   1: 9.481 ops/s
# Warmup Iteration   2: 9.968 ops/s
# Warmup Iteration   3: 9.987 ops/s
# Warmup Iteration   4: 9.975 ops/s
# Warmup Iteration   5: 9.986 ops/s
Iteration   1: 9.978 ops/s
Iteration   2: 9.979 ops/s
Iteration   3: 9.983 ops/s
Iteration   4: 9.985 ops/s
Iteration   5: 9.976 ops/s

# Run progress: 78.00% complete, ETA 00:19:14
# Fork: 5 of 5
# Warmup Iteration   1: 9.472 ops/s
# Warmup Iteration   2: 9.989 ops/s
# Warmup Iteration   3: 9.984 ops/s
# Warmup Iteration   4: 9.993 ops/s
# Warmup Iteration   5: 9.991 ops/s
Iteration   1: 9.976 ops/s
Iteration   2: 9.982 ops/s
Iteration   3: 9.992 ops/s
Iteration   4: 9.978 ops/s
Iteration   5: 9.996 ops/s


Result "com.sun.glass.ui.monocle.Benchmarks.writeTo16Old":
  9.944 ±(99.9%) 0.063 ops/s [Average]
  (min, avg, max) = (9.570, 9.944, 9.996), stdev = 0.085
  CI (99.9%): [9.880, 10.007] (assumes normal distribution)


# JMH version: 1.22
# VM version: JDK 12.0.2, OpenJDK Server VM, 12.0.2+10
# VM invoker: /home/ubuntu/opt/jdk-12.0.2+10/bin/java
# VM options: <none>
# Warmup: 5 iterations, 10 s each
# Measurement: 5 iterations, 10 s each
# Timeout: 10 min per iteration
# Threads: 1 thread, will synchronize iterations
# Benchmark mode: Throughput, ops/time
# Benchmark: com.sun.glass.ui.monocle.Benchmarks.writeTo32New
# Parameters: (type = large)

# Run progress: 80.00% complete, ETA 00:17:29
# Fork: 1 of 5
# Warmup Iteration   1: 81.477 ops/s
# Warmup Iteration   2: 88.592 ops/s
# Warmup Iteration   3: 88.515 ops/s
# Warmup Iteration   4: 88.483 ops/s
# Warmup Iteration   5: 88.598 ops/s
Iteration   1: 88.590 ops/s
Iteration   2: 88.446 ops/s
Iteration   3: 88.599 ops/s
Iteration   4: 88.508 ops/s
Iteration   5: 88.433 ops/s

# Run progress: 82.00% complete, ETA 00:15:44
# Fork: 2 of 5
# Warmup Iteration   1: 81.736 ops/s
# Warmup Iteration   2: 89.287 ops/s
# Warmup Iteration   3: 89.429 ops/s
# Warmup Iteration   4: 89.362 ops/s
# Warmup Iteration   5: 89.303 ops/s
Iteration   1: 89.453 ops/s
Iteration   2: 89.440 ops/s
Iteration   3: 89.310 ops/s
Iteration   4: 89.427 ops/s
Iteration   5: 89.364 ops/s

# Run progress: 84.00% complete, ETA 00:13:59
# Fork: 3 of 5
# Warmup Iteration   1: 80.519 ops/s
# Warmup Iteration   2: 88.321 ops/s
# Warmup Iteration   3: 88.087 ops/s
# Warmup Iteration   4: 88.254 ops/s
# Warmup Iteration   5: 88.235 ops/s
Iteration   1: 88.010 ops/s
Iteration   2: 88.202 ops/s
Iteration   3: 88.225 ops/s
Iteration   4: 87.884 ops/s
Iteration   5: 88.244 ops/s

# Run progress: 86.00% complete, ETA 00:12:14
# Fork: 4 of 5
# Warmup Iteration   1: 82.255 ops/s
# Warmup Iteration   2: 89.261 ops/s
# Warmup Iteration   3: 89.375 ops/s
# Warmup Iteration   4: 89.284 ops/s
# Warmup Iteration   5: 89.431 ops/s
Iteration   1: 89.393 ops/s
Iteration   2: 89.201 ops/s
Iteration   3: 89.406 ops/s
Iteration   4: 89.465 ops/s
Iteration   5: 89.310 ops/s

# Run progress: 88.00% complete, ETA 00:10:29
# Fork: 5 of 5
# Warmup Iteration   1: 81.579 ops/s
# Warmup Iteration   2: 88.474 ops/s
# Warmup Iteration   3: 88.198 ops/s
# Warmup Iteration   4: 88.396 ops/s
# Warmup Iteration   5: 88.412 ops/s
Iteration   1: 88.249 ops/s
Iteration   2: 88.379 ops/s
Iteration   3: 88.344 ops/s
Iteration   4: 88.600 ops/s
Iteration   5: 88.667 ops/s


Result "com.sun.glass.ui.monocle.Benchmarks.writeTo32New":
  88.766 ±(99.9%) 0.405 ops/s [Average]
  (min, avg, max) = (87.884, 88.766, 89.465), stdev = 0.540
  CI (99.9%): [88.361, 89.170] (assumes normal distribution)


# JMH version: 1.22
# VM version: JDK 12.0.2, OpenJDK Server VM, 12.0.2+10
# VM invoker: /home/ubuntu/opt/jdk-12.0.2+10/bin/java
# VM options: <none>
# Warmup: 5 iterations, 10 s each
# Measurement: 5 iterations, 10 s each
# Timeout: 10 min per iteration
# Threads: 1 thread, will synchronize iterations
# Benchmark mode: Throughput, ops/time
# Benchmark: com.sun.glass.ui.monocle.Benchmarks.writeTo32Old
# Parameters: (type = large)

# Run progress: 90.00% complete, ETA 00:08:44
# Fork: 1 of 5
# Warmup Iteration   1: 82.717 ops/s
# Warmup Iteration   2: 89.676 ops/s
# Warmup Iteration   3: 89.782 ops/s
# Warmup Iteration   4: 89.538 ops/s
# Warmup Iteration   5: 89.795 ops/s
Iteration   1: 89.795 ops/s
Iteration   2: 89.535 ops/s
Iteration   3: 89.673 ops/s
Iteration   4: 89.818 ops/s
Iteration   5: 89.390 ops/s

# Run progress: 92.00% complete, ETA 00:06:59
# Fork: 2 of 5
# Warmup Iteration   1: 82.293 ops/s
# Warmup Iteration   2: 89.192 ops/s
# Warmup Iteration   3: 89.408 ops/s
# Warmup Iteration   4: 89.354 ops/s
# Warmup Iteration   5: 89.305 ops/s
Iteration   1: 89.324 ops/s
Iteration   2: 89.398 ops/s
Iteration   3: 89.256 ops/s
Iteration   4: 89.714 ops/s
Iteration   5: 89.643 ops/s

# Run progress: 94.00% complete, ETA 00:05:14
# Fork: 3 of 5
# Warmup Iteration   1: 81.181 ops/s
# Warmup Iteration   2: 88.704 ops/s
# Warmup Iteration   3: 88.611 ops/s
# Warmup Iteration   4: 88.732 ops/s
# Warmup Iteration   5: 88.716 ops/s
Iteration   1: 88.617 ops/s
Iteration   2: 88.646 ops/s
Iteration   3: 88.739 ops/s
Iteration   4: 88.544 ops/s
Iteration   5: 88.537 ops/s

# Run progress: 96.00% complete, ETA 00:03:29
# Fork: 4 of 5
# Warmup Iteration   1: 81.085 ops/s
# Warmup Iteration   2: 87.994 ops/s
# Warmup Iteration   3: 87.889 ops/s
# Warmup Iteration   4: 87.870 ops/s
# Warmup Iteration   5: 88.044 ops/s
Iteration   1: 87.991 ops/s
Iteration   2: 87.879 ops/s
Iteration   3: 87.998 ops/s
Iteration   4: 87.845 ops/s
Iteration   5: 87.664 ops/s

# Run progress: 98.00% complete, ETA 00:01:44
# Fork: 5 of 5
# Warmup Iteration   1: 83.031 ops/s
# Warmup Iteration   2: 89.956 ops/s
# Warmup Iteration   3: 89.936 ops/s
# Warmup Iteration   4: 89.974 ops/s
# Warmup Iteration   5: 89.863 ops/s
Iteration   1: 89.876 ops/s
Iteration   2: 89.975 ops/s
Iteration   3: 89.808 ops/s
Iteration   4: 89.993 ops/s
Iteration   5: 89.873 ops/s


Result "com.sun.glass.ui.monocle.Benchmarks.writeTo32Old":
  89.101 ±(99.9%) 0.582 ops/s [Average]
  (min, avg, max) = (87.664, 89.101, 89.993), stdev = 0.776
  CI (99.9%): [88.520, 89.683] (assumes normal distribution)


# Run complete. Total time: 01:27:25

REMEMBER: The numbers below are just data. To gain reusable insights, you need to follow up on
why the numbers are the way they are. Use profilers (see -prof, -lprof), design factorial
experiments, perform baseline and negative tests that provide experimental control, make sure
the benchmarking environment is safe on JVM/OS/HW level, ask for reviews from the domain experts.
Do not assume the numbers tell you what you want them to tell.

Benchmark                (type)   Mode  Cnt    Score   Error  Units
Benchmarks.copyTo08New    large  thrpt   25    9.571 ± 0.558  ops/s
Benchmarks.copyTo16New    large  thrpt   25   13.673 ± 0.012  ops/s
Benchmarks.copyTo16Old    large  thrpt   25   10.010 ± 0.026  ops/s
Benchmarks.copyTo32New    large  thrpt   25  100.413 ± 7.340  ops/s
Benchmarks.copyTo32Old    large  thrpt   25  103.118 ± 8.428  ops/s
Benchmarks.writeTo08New   large  thrpt   25    8.624 ± 0.008  ops/s
Benchmarks.writeTo16New   large  thrpt   25   14.259 ± 0.017  ops/s
Benchmarks.writeTo16Old   large  thrpt   25    9.944 ± 0.063  ops/s
Benchmarks.writeTo32New   large  thrpt   25   88.766 ± 0.405  ops/s
Benchmarks.writeTo32Old   large  thrpt   25   89.101 ± 0.582  ops/s
