# JMH version: 1.23
# VM version: JDK 13.0.2, OpenJDK Server VM, 13.0.2+8
# VM invoker: /home/ubuntu/opt/jdk-13.0.2+8/bin/java
# VM options: <none>
# Warmup: 5 iterations, 10 s each
# Measurement: 5 iterations, 10 s each
# Timeout: 10 min per iteration
# Threads: 1 thread, will synchronize iterations
# Benchmark mode: Throughput, ops/time
# Benchmark: com.sun.glass.ui.monocle.Benchmarks.copyTo08New
# Parameters: (type = large)

# Run progress: 0.00% complete, ETA 01:23:20
# Fork: 1 of 5
# Warmup Iteration   1: 2.747 ops/s
# Warmup Iteration   2: 2.736 ops/s
# Warmup Iteration   3: 2.769 ops/s
# Warmup Iteration   4: 2.768 ops/s
# Warmup Iteration   5: 2.766 ops/s
Iteration   1: 2.769 ops/s
Iteration   2: 2.769 ops/s
Iteration   3: 2.767 ops/s
Iteration   4: 2.766 ops/s
Iteration   5: 2.765 ops/s

# Run progress: 2.00% complete, ETA 01:33:28
# Fork: 2 of 5
# Warmup Iteration   1: 3.401 ops/s
# Warmup Iteration   2: 3.217 ops/s
# Warmup Iteration   3: 3.212 ops/s
# Warmup Iteration   4: 3.211 ops/s
# Warmup Iteration   5: 3.213 ops/s
Iteration   1: 3.216 ops/s
Iteration   2: 3.213 ops/s
Iteration   3: 3.224 ops/s
Iteration   4: 3.226 ops/s
Iteration   5: 3.219 ops/s

# Run progress: 4.00% complete, ETA 01:31:15
# Fork: 3 of 5
# Warmup Iteration   1: 3.427 ops/s
# Warmup Iteration   2: 3.221 ops/s
# Warmup Iteration   3: 3.218 ops/s
# Warmup Iteration   4: 3.216 ops/s
# Warmup Iteration   5: 3.220 ops/s
Iteration   1: 3.223 ops/s
Iteration   2: 3.221 ops/s
Iteration   3: 3.226 ops/s
Iteration   4: 3.214 ops/s
Iteration   5: 3.217 ops/s

# Run progress: 6.00% complete, ETA 01:29:15
# Fork: 4 of 5
# Warmup Iteration   1: 3.413 ops/s
# Warmup Iteration   2: 3.214 ops/s
# Warmup Iteration   3: 3.218 ops/s
# Warmup Iteration   4: 3.226 ops/s
# Warmup Iteration   5: 3.215 ops/s
Iteration   1: 3.215 ops/s
Iteration   2: 3.222 ops/s
Iteration   3: 3.213 ops/s
Iteration   4: 3.221 ops/s
Iteration   5: 3.219 ops/s

# Run progress: 8.00% complete, ETA 01:27:16
# Fork: 5 of 5
# Warmup Iteration   1: 2.750 ops/s
# Warmup Iteration   2: 2.765 ops/s
# Warmup Iteration   3: 2.769 ops/s
# Warmup Iteration   4: 2.769 ops/s
# Warmup Iteration   5: 2.770 ops/s
Iteration   1: 2.766 ops/s
Iteration   2: 2.773 ops/s
Iteration   3: 2.768 ops/s
Iteration   4: 2.768 ops/s
Iteration   5: 2.763 ops/s


Result "com.sun.glass.ui.monocle.Benchmarks.copyTo08New":
  3.039 ±(99.9%) 0.169 ops/s [Average]
  (min, avg, max) = (2.763, 3.039, 3.226), stdev = 0.226
  CI (99.9%): [2.869, 3.208] (assumes normal distribution)


# JMH version: 1.23
# VM version: JDK 13.0.2, OpenJDK Server VM, 13.0.2+8
# VM invoker: /home/ubuntu/opt/jdk-13.0.2+8/bin/java
# VM options: <none>
# Warmup: 5 iterations, 10 s each
# Measurement: 5 iterations, 10 s each
# Timeout: 10 min per iteration
# Threads: 1 thread, will synchronize iterations
# Benchmark mode: Throughput, ops/time
# Benchmark: com.sun.glass.ui.monocle.Benchmarks.copyTo16New
# Parameters: (type = large)

# Run progress: 10.00% complete, ETA 01:25:07
# Fork: 1 of 5
# Warmup Iteration   1: 3.721 ops/s
# Warmup Iteration   2: 4.017 ops/s
# Warmup Iteration   3: 4.021 ops/s
# Warmup Iteration   4: 4.029 ops/s
# Warmup Iteration   5: 4.022 ops/s
Iteration   1: 4.024 ops/s
Iteration   2: 4.028 ops/s
Iteration   3: 4.024 ops/s
Iteration   4: 4.030 ops/s
Iteration   5: 4.033 ops/s

# Run progress: 12.00% complete, ETA 01:23:14
# Fork: 2 of 5
# Warmup Iteration   1: 4.528 ops/s
# Warmup Iteration   2: 5.240 ops/s
# Warmup Iteration   3: 5.230 ops/s
# Warmup Iteration   4: 5.239 ops/s
# Warmup Iteration   5: 5.243 ops/s
Iteration   1: 5.237 ops/s
Iteration   2: 5.243 ops/s
Iteration   3: 5.243 ops/s
Iteration   4: 5.237 ops/s
Iteration   5: 5.249 ops/s

# Run progress: 14.00% complete, ETA 01:21:12
# Fork: 3 of 5
# Warmup Iteration   1: 3.738 ops/s
# Warmup Iteration   2: 4.026 ops/s
# Warmup Iteration   3: 4.024 ops/s
# Warmup Iteration   4: 4.032 ops/s
# Warmup Iteration   5: 4.030 ops/s
Iteration   1: 4.029 ops/s
Iteration   2: 4.033 ops/s
Iteration   3: 4.032 ops/s
Iteration   4: 4.033 ops/s
Iteration   5: 4.039 ops/s

# Run progress: 16.00% complete, ETA 01:19:16
# Fork: 4 of 5
# Warmup Iteration   1: 3.728 ops/s
# Warmup Iteration   2: 4.029 ops/s
# Warmup Iteration   3: 4.024 ops/s
# Warmup Iteration   4: 4.029 ops/s
# Warmup Iteration   5: 4.033 ops/s
Iteration   1: 4.029 ops/s
Iteration   2: 4.033 ops/s
Iteration   3: 4.027 ops/s
Iteration   4: 4.029 ops/s
Iteration   5: 4.025 ops/s

# Run progress: 18.00% complete, ETA 01:17:20
# Fork: 5 of 5
# Warmup Iteration   1: 3.738 ops/s
# Warmup Iteration   2: 4.040 ops/s
# Warmup Iteration   3: 4.027 ops/s
# Warmup Iteration   4: 4.032 ops/s
# Warmup Iteration   5: 4.035 ops/s
Iteration   1: 4.036 ops/s
Iteration   2: 4.030 ops/s
Iteration   3: 4.036 ops/s
Iteration   4: 4.035 ops/s
Iteration   5: 4.030 ops/s


Result "com.sun.glass.ui.monocle.Benchmarks.copyTo16New":
  4.273 ±(99.9%) 0.370 ops/s [Average]
  (min, avg, max) = (4.024, 4.273, 5.249), stdev = 0.494
  CI (99.9%): [3.903, 4.643] (assumes normal distribution)


# JMH version: 1.23
# VM version: JDK 13.0.2, OpenJDK Server VM, 13.0.2+8
# VM invoker: /home/ubuntu/opt/jdk-13.0.2+8/bin/java
# VM options: <none>
# Warmup: 5 iterations, 10 s each
# Measurement: 5 iterations, 10 s each
# Timeout: 10 min per iteration
# Threads: 1 thread, will synchronize iterations
# Benchmark mode: Throughput, ops/time
# Benchmark: com.sun.glass.ui.monocle.Benchmarks.copyTo16Old
# Parameters: (type = large)

# Run progress: 20.00% complete, ETA 01:15:25
# Fork: 1 of 5
# Warmup Iteration   1: 3.122 ops/s
# Warmup Iteration   2: 3.337 ops/s
# Warmup Iteration   3: 3.333 ops/s
# Warmup Iteration   4: 3.330 ops/s
# Warmup Iteration   5: 3.335 ops/s
Iteration   1: 3.333 ops/s
Iteration   2: 3.320 ops/s
Iteration   3: 3.334 ops/s
Iteration   4: 3.333 ops/s
Iteration   5: 3.329 ops/s

# Run progress: 22.00% complete, ETA 01:13:30
# Fork: 2 of 5
# Warmup Iteration   1: 3.170 ops/s
# Warmup Iteration   2: 3.408 ops/s
# Warmup Iteration   3: 3.407 ops/s
# Warmup Iteration   4: 3.415 ops/s
# Warmup Iteration   5: 3.404 ops/s
Iteration   1: 3.415 ops/s
Iteration   2: 3.406 ops/s
Iteration   3: 3.408 ops/s
Iteration   4: 3.414 ops/s
Iteration   5: 3.405 ops/s

# Run progress: 24.00% complete, ETA 01:11:36
# Fork: 3 of 5
# Warmup Iteration   1: 3.365 ops/s
# Warmup Iteration   2: 3.961 ops/s
# Warmup Iteration   3: 3.960 ops/s
# Warmup Iteration   4: 3.955 ops/s
# Warmup Iteration   5: 3.954 ops/s
Iteration   1: 3.956 ops/s
Iteration   2: 3.956 ops/s
Iteration   3: 3.957 ops/s
Iteration   4: 3.963 ops/s
Iteration   5: 3.965 ops/s

# Run progress: 26.00% complete, ETA 01:09:38
# Fork: 4 of 5
# Warmup Iteration   1: 3.125 ops/s
# Warmup Iteration   2: 3.334 ops/s
# Warmup Iteration   3: 3.323 ops/s
# Warmup Iteration   4: 3.324 ops/s
# Warmup Iteration   5: 3.336 ops/s
Iteration   1: 3.325 ops/s
Iteration   2: 3.328 ops/s
Iteration   3: 3.320 ops/s
Iteration   4: 3.332 ops/s
Iteration   5: 3.329 ops/s

# Run progress: 28.00% complete, ETA 01:07:45
# Fork: 5 of 5
# Warmup Iteration   1: 3.121 ops/s
# Warmup Iteration   2: 3.330 ops/s
# Warmup Iteration   3: 3.328 ops/s
# Warmup Iteration   4: 3.334 ops/s
# Warmup Iteration   5: 3.336 ops/s
Iteration   1: 3.329 ops/s
Iteration   2: 3.321 ops/s
Iteration   3: 3.336 ops/s
Iteration   4: 3.331 ops/s
Iteration   5: 3.333 ops/s


Result "com.sun.glass.ui.monocle.Benchmarks.copyTo16Old":
  3.471 ±(99.9%) 0.188 ops/s [Average]
  (min, avg, max) = (3.320, 3.471, 3.965), stdev = 0.251
  CI (99.9%): [3.283, 3.659] (assumes normal distribution)


# JMH version: 1.23
# VM version: JDK 13.0.2, OpenJDK Server VM, 13.0.2+8
# VM invoker: /home/ubuntu/opt/jdk-13.0.2+8/bin/java
# VM options: <none>
# Warmup: 5 iterations, 10 s each
# Measurement: 5 iterations, 10 s each
# Timeout: 10 min per iteration
# Threads: 1 thread, will synchronize iterations
# Benchmark mode: Throughput, ops/time
# Benchmark: com.sun.glass.ui.monocle.Benchmarks.copyTo32New
# Parameters: (type = large)

# Run progress: 30.00% complete, ETA 01:05:51
# Fork: 1 of 5
# Warmup Iteration   1: 31.177 ops/s
# Warmup Iteration   2: 31.156 ops/s
# Warmup Iteration   3: 31.127 ops/s
# Warmup Iteration   4: 31.180 ops/s
# Warmup Iteration   5: 31.198 ops/s
Iteration   1: 31.159 ops/s
Iteration   2: 31.186 ops/s
Iteration   3: 31.154 ops/s
Iteration   4: 31.135 ops/s
Iteration   5: 31.170 ops/s

# Run progress: 32.00% complete, ETA 01:03:54
# Fork: 2 of 5
# Warmup Iteration   1: 36.675 ops/s
# Warmup Iteration   2: 36.654 ops/s
# Warmup Iteration   3: 36.565 ops/s
# Warmup Iteration   4: 36.662 ops/s
# Warmup Iteration   5: 36.685 ops/s
Iteration   1: 36.730 ops/s
Iteration   2: 36.603 ops/s
Iteration   3: 36.760 ops/s
Iteration   4: 36.594 ops/s
Iteration   5: 36.555 ops/s

# Run progress: 34.00% complete, ETA 01:01:58
# Fork: 3 of 5
# Warmup Iteration   1: 36.846 ops/s
# Warmup Iteration   2: 37.020 ops/s
# Warmup Iteration   3: 36.930 ops/s
# Warmup Iteration   4: 36.799 ops/s
# Warmup Iteration   5: 36.885 ops/s
Iteration   1: 36.938 ops/s
Iteration   2: 36.860 ops/s
Iteration   3: 36.933 ops/s
Iteration   4: 36.967 ops/s
Iteration   5: 36.786 ops/s

# Run progress: 36.00% complete, ETA 01:00:03
# Fork: 4 of 5
# Warmup Iteration   1: 33.794 ops/s
# Warmup Iteration   2: 33.722 ops/s
# Warmup Iteration   3: 33.778 ops/s
# Warmup Iteration   4: 33.766 ops/s
# Warmup Iteration   5: 33.649 ops/s
Iteration   1: 33.772 ops/s
Iteration   2: 33.794 ops/s
Iteration   3: 32.809 ops/s
Iteration   4: 33.753 ops/s
Iteration   5: 33.738 ops/s

# Run progress: 38.00% complete, ETA 00:58:08
# Fork: 5 of 5
# Warmup Iteration   1: 33.519 ops/s
# Warmup Iteration   2: 33.467 ops/s
# Warmup Iteration   3: 33.540 ops/s
# Warmup Iteration   4: 33.492 ops/s
# Warmup Iteration   5: 33.436 ops/s
Iteration   1: 33.433 ops/s
Iteration   2: 33.523 ops/s
Iteration   3: 33.439 ops/s
Iteration   4: 33.422 ops/s
Iteration   5: 33.328 ops/s


Result "com.sun.glass.ui.monocle.Benchmarks.copyTo32New":
  34.342 ±(99.9%) 1.659 ops/s [Average]
  (min, avg, max) = (31.135, 34.342, 36.967), stdev = 2.215
  CI (99.9%): [32.682, 36.001] (assumes normal distribution)


# JMH version: 1.23
# VM version: JDK 13.0.2, OpenJDK Server VM, 13.0.2+8
# VM invoker: /home/ubuntu/opt/jdk-13.0.2+8/bin/java
# VM options: <none>
# Warmup: 5 iterations, 10 s each
# Measurement: 5 iterations, 10 s each
# Timeout: 10 min per iteration
# Threads: 1 thread, will synchronize iterations
# Benchmark mode: Throughput, ops/time
# Benchmark: com.sun.glass.ui.monocle.Benchmarks.copyTo32Old
# Parameters: (type = large)

# Run progress: 40.00% complete, ETA 00:56:14
# Fork: 1 of 5
# Warmup Iteration   1: 32.852 ops/s
# Warmup Iteration   2: 32.882 ops/s
# Warmup Iteration   3: 32.804 ops/s
# Warmup Iteration   4: 32.871 ops/s
# Warmup Iteration   5: 32.862 ops/s
Iteration   1: 32.759 ops/s
Iteration   2: 32.952 ops/s
Iteration   3: 32.872 ops/s
Iteration   4: 32.797 ops/s
Iteration   5: 32.831 ops/s

# Run progress: 42.00% complete, ETA 00:54:19
# Fork: 2 of 5
# Warmup Iteration   1: 32.950 ops/s
# Warmup Iteration   2: 33.004 ops/s
# Warmup Iteration   3: 33.030 ops/s
# Warmup Iteration   4: 32.968 ops/s
# Warmup Iteration   5: 33.062 ops/s
Iteration   1: 32.902 ops/s
Iteration   2: 33.005 ops/s
Iteration   3: 33.010 ops/s
Iteration   4: 32.949 ops/s
Iteration   5: 33.037 ops/s

# Run progress: 44.00% complete, ETA 00:52:25
# Fork: 3 of 5
# Warmup Iteration   1: 32.342 ops/s
# Warmup Iteration   2: 32.349 ops/s
# Warmup Iteration   3: 32.345 ops/s
# Warmup Iteration   4: 32.272 ops/s
# Warmup Iteration   5: 32.415 ops/s
Iteration   1: 32.261 ops/s
Iteration   2: 32.285 ops/s
Iteration   3: 32.350 ops/s
Iteration   4: 32.358 ops/s
Iteration   5: 32.364 ops/s

# Run progress: 46.00% complete, ETA 00:50:30
# Fork: 4 of 5
# Warmup Iteration   1: 36.835 ops/s
# Warmup Iteration   2: 36.842 ops/s
# Warmup Iteration   3: 36.805 ops/s
# Warmup Iteration   4: 36.883 ops/s
# Warmup Iteration   5: 36.818 ops/s
Iteration   1: 36.838 ops/s
Iteration   2: 36.845 ops/s
Iteration   3: 36.857 ops/s
Iteration   4: 36.798 ops/s
Iteration   5: 36.795 ops/s

# Run progress: 48.00% complete, ETA 00:48:36
# Fork: 5 of 5
# Warmup Iteration   1: 34.584 ops/s
# Warmup Iteration   2: 34.495 ops/s
# Warmup Iteration   3: 34.597 ops/s
# Warmup Iteration   4: 34.572 ops/s
# Warmup Iteration   5: 34.522 ops/s
Iteration   1: 34.604 ops/s
Iteration   2: 34.596 ops/s
Iteration   3: 34.525 ops/s
Iteration   4: 34.651 ops/s
Iteration   5: 34.562 ops/s


Result "com.sun.glass.ui.monocle.Benchmarks.copyTo32Old":
  33.912 ±(99.9%) 1.256 ops/s [Average]
  (min, avg, max) = (32.261, 33.912, 36.857), stdev = 1.677
  CI (99.9%): [32.656, 35.168] (assumes normal distribution)


# JMH version: 1.23
# VM version: JDK 13.0.2, OpenJDK Server VM, 13.0.2+8
# VM invoker: /home/ubuntu/opt/jdk-13.0.2+8/bin/java
# VM options: <none>
# Warmup: 5 iterations, 10 s each
# Measurement: 5 iterations, 10 s each
# Timeout: 10 min per iteration
# Threads: 1 thread, will synchronize iterations
# Benchmark mode: Throughput, ops/time
# Benchmark: com.sun.glass.ui.monocle.Benchmarks.writeTo08New
# Parameters: (type = large)

# Run progress: 50.00% complete, ETA 00:46:43
# Fork: 1 of 5
# Warmup Iteration   1: 2.726 ops/s
# Warmup Iteration   2: 2.876 ops/s
# Warmup Iteration   3: 2.877 ops/s
# Warmup Iteration   4: 2.875 ops/s
# Warmup Iteration   5: 2.871 ops/s
Iteration   1: 2.875 ops/s
Iteration   2: 2.877 ops/s
Iteration   3: 2.872 ops/s
Iteration   4: 2.878 ops/s
Iteration   5: 2.879 ops/s

# Run progress: 52.00% complete, ETA 00:44:50
# Fork: 2 of 5
# Warmup Iteration   1: 2.757 ops/s
# Warmup Iteration   2: 3.186 ops/s
# Warmup Iteration   3: 3.223 ops/s
# Warmup Iteration   4: 3.230 ops/s
# Warmup Iteration   5: 3.228 ops/s
Iteration   1: 3.218 ops/s
Iteration   2: 3.233 ops/s
Iteration   3: 3.228 ops/s
Iteration   4: 3.224 ops/s
Iteration   5: 3.231 ops/s

# Run progress: 54.00% complete, ETA 00:42:59
# Fork: 3 of 5
# Warmup Iteration   1: 2.737 ops/s
# Warmup Iteration   2: 2.875 ops/s
# Warmup Iteration   3: 2.865 ops/s
# Warmup Iteration   4: 2.874 ops/s
# Warmup Iteration   5: 2.877 ops/s
Iteration   1: 2.869 ops/s
Iteration   2: 2.875 ops/s
Iteration   3: 2.874 ops/s
Iteration   4: 2.865 ops/s
Iteration   5: 2.874 ops/s

# Run progress: 56.00% complete, ETA 00:41:07
# Fork: 4 of 5
# Warmup Iteration   1: 2.720 ops/s
# Warmup Iteration   2: 2.874 ops/s
# Warmup Iteration   3: 2.877 ops/s
# Warmup Iteration   4: 2.870 ops/s
# Warmup Iteration   5: 2.879 ops/s
Iteration   1: 2.878 ops/s
Iteration   2: 2.872 ops/s
Iteration   3: 2.872 ops/s
Iteration   4: 2.873 ops/s
Iteration   5: 2.874 ops/s

# Run progress: 58.00% complete, ETA 00:39:15
# Fork: 5 of 5
# Warmup Iteration   1: 2.728 ops/s
# Warmup Iteration   2: 2.873 ops/s
# Warmup Iteration   3: 2.871 ops/s
# Warmup Iteration   4: 2.869 ops/s
# Warmup Iteration   5: 2.875 ops/s
Iteration   1: 2.875 ops/s
Iteration   2: 2.873 ops/s
Iteration   3: 2.870 ops/s
Iteration   4: 2.878 ops/s
Iteration   5: 2.868 ops/s


Result "com.sun.glass.ui.monocle.Benchmarks.writeTo08New":
  2.944 ±(99.9%) 0.108 ops/s [Average]
  (min, avg, max) = (2.865, 2.944, 3.233), stdev = 0.144
  CI (99.9%): [2.836, 3.052] (assumes normal distribution)


# JMH version: 1.23
# VM version: JDK 13.0.2, OpenJDK Server VM, 13.0.2+8
# VM invoker: /home/ubuntu/opt/jdk-13.0.2+8/bin/java
# VM options: <none>
# Warmup: 5 iterations, 10 s each
# Measurement: 5 iterations, 10 s each
# Timeout: 10 min per iteration
# Threads: 1 thread, will synchronize iterations
# Benchmark mode: Throughput, ops/time
# Benchmark: com.sun.glass.ui.monocle.Benchmarks.writeTo16New
# Parameters: (type = large)

# Run progress: 60.00% complete, ETA 00:37:23
# Fork: 1 of 5
# Warmup Iteration   1: 3.286 ops/s
# Warmup Iteration   2: 4.203 ops/s
# Warmup Iteration   3: 4.258 ops/s
# Warmup Iteration   4: 4.266 ops/s
# Warmup Iteration   5: 4.271 ops/s
Iteration   1: 4.271 ops/s
Iteration   2: 4.264 ops/s
Iteration   3: 4.268 ops/s
Iteration   4: 4.260 ops/s
Iteration   5: 4.256 ops/s

# Run progress: 62.00% complete, ETA 00:35:31
# Fork: 2 of 5
# Warmup Iteration   1: 3.295 ops/s
# Warmup Iteration   2: 4.208 ops/s
# Warmup Iteration   3: 4.265 ops/s
# Warmup Iteration   4: 4.273 ops/s
# Warmup Iteration   5: 4.265 ops/s
Iteration   1: 4.274 ops/s
Iteration   2: 4.273 ops/s
Iteration   3: 4.270 ops/s
Iteration   4: 4.264 ops/s
Iteration   5: 4.275 ops/s

# Run progress: 64.00% complete, ETA 00:33:38
# Fork: 3 of 5
# Warmup Iteration   1: 3.294 ops/s
# Warmup Iteration   2: 4.207 ops/s
# Warmup Iteration   3: 4.270 ops/s
# Warmup Iteration   4: 4.266 ops/s
# Warmup Iteration   5: 4.265 ops/s
Iteration   1: 4.270 ops/s
Iteration   2: 4.280 ops/s
Iteration   3: 4.278 ops/s
Iteration   4: 4.282 ops/s
Iteration   5: 4.275 ops/s

# Run progress: 66.00% complete, ETA 00:31:46
# Fork: 4 of 5
# Warmup Iteration   1: 3.291 ops/s
# Warmup Iteration   2: 4.198 ops/s
# Warmup Iteration   3: 4.257 ops/s
# Warmup Iteration   4: 4.256 ops/s
# Warmup Iteration   5: 4.258 ops/s
Iteration   1: 4.261 ops/s
Iteration   2: 4.259 ops/s
Iteration   3: 4.254 ops/s
Iteration   4: 4.256 ops/s
Iteration   5: 4.258 ops/s

# Run progress: 68.00% complete, ETA 00:29:54
# Fork: 5 of 5
# Warmup Iteration   1: 3.285 ops/s
# Warmup Iteration   2: 4.205 ops/s
# Warmup Iteration   3: 4.259 ops/s
# Warmup Iteration   4: 4.261 ops/s
# Warmup Iteration   5: 4.264 ops/s
Iteration   1: 4.259 ops/s
Iteration   2: 4.266 ops/s
Iteration   3: 4.270 ops/s
Iteration   4: 4.263 ops/s
Iteration   5: 4.266 ops/s


Result "com.sun.glass.ui.monocle.Benchmarks.writeTo16New":
  4.267 ±(99.9%) 0.006 ops/s [Average]
  (min, avg, max) = (4.254, 4.267, 4.282), stdev = 0.008
  CI (99.9%): [4.261, 4.273] (assumes normal distribution)


# JMH version: 1.23
# VM version: JDK 13.0.2, OpenJDK Server VM, 13.0.2+8
# VM invoker: /home/ubuntu/opt/jdk-13.0.2+8/bin/java
# VM options: <none>
# Warmup: 5 iterations, 10 s each
# Measurement: 5 iterations, 10 s each
# Timeout: 10 min per iteration
# Threads: 1 thread, will synchronize iterations
# Benchmark mode: Throughput, ops/time
# Benchmark: com.sun.glass.ui.monocle.Benchmarks.writeTo16Old
# Parameters: (type = large)

# Run progress: 70.00% complete, ETA 00:28:02
# Fork: 1 of 5
# Warmup Iteration   1: 2.797 ops/s
# Warmup Iteration   2: 3.123 ops/s
# Warmup Iteration   3: 3.119 ops/s
# Warmup Iteration   4: 3.120 ops/s
# Warmup Iteration   5: 3.127 ops/s
Iteration   1: 3.126 ops/s
Iteration   2: 3.114 ops/s
Iteration   3: 3.119 ops/s
Iteration   4: 3.118 ops/s
Iteration   5: 3.123 ops/s

# Run progress: 72.00% complete, ETA 00:26:10
# Fork: 2 of 5
# Warmup Iteration   1: 2.785 ops/s
# Warmup Iteration   2: 3.116 ops/s
# Warmup Iteration   3: 3.120 ops/s
# Warmup Iteration   4: 3.115 ops/s
# Warmup Iteration   5: 3.125 ops/s
Iteration   1: 3.115 ops/s
Iteration   2: 3.107 ops/s
Iteration   3: 3.125 ops/s
Iteration   4: 2.979 ops/s
Iteration   5: 3.117 ops/s

# Run progress: 74.00% complete, ETA 00:24:18
# Fork: 3 of 5
# Warmup Iteration   1: 3.017 ops/s
# Warmup Iteration   2: 3.370 ops/s
# Warmup Iteration   3: 3.379 ops/s
# Warmup Iteration   4: 3.376 ops/s
# Warmup Iteration   5: 3.367 ops/s
Iteration   1: 3.380 ops/s
Iteration   2: 3.368 ops/s
Iteration   3: 3.373 ops/s
Iteration   4: 3.377 ops/s
Iteration   5: 3.356 ops/s

# Run progress: 76.00% complete, ETA 00:22:25
# Fork: 4 of 5
# Warmup Iteration   1: 3.017 ops/s
# Warmup Iteration   2: 3.376 ops/s
# Warmup Iteration   3: 3.373 ops/s
# Warmup Iteration   4: 3.380 ops/s
# Warmup Iteration   5: 3.373 ops/s
Iteration   1: 3.382 ops/s
Iteration   2: 3.379 ops/s
Iteration   3: 3.378 ops/s
Iteration   4: 3.387 ops/s
Iteration   5: 3.388 ops/s

# Run progress: 78.00% complete, ETA 00:20:33
# Fork: 5 of 5
# Warmup Iteration   1: 3.026 ops/s
# Warmup Iteration   2: 3.388 ops/s
# Warmup Iteration   3: 3.376 ops/s
# Warmup Iteration   4: 3.381 ops/s
# Warmup Iteration   5: 3.383 ops/s
Iteration   1: 3.385 ops/s
Iteration   2: 3.384 ops/s
Iteration   3: 3.379 ops/s
Iteration   4: 3.381 ops/s
Iteration   5: 3.382 ops/s


Result "com.sun.glass.ui.monocle.Benchmarks.writeTo16Old":
  3.269 ±(99.9%) 0.105 ops/s [Average]
  (min, avg, max) = (2.979, 3.269, 3.388), stdev = 0.140
  CI (99.9%): [3.164, 3.374] (assumes normal distribution)


# JMH version: 1.23
# VM version: JDK 13.0.2, OpenJDK Server VM, 13.0.2+8
# VM invoker: /home/ubuntu/opt/jdk-13.0.2+8/bin/java
# VM options: <none>
# Warmup: 5 iterations, 10 s each
# Measurement: 5 iterations, 10 s each
# Timeout: 10 min per iteration
# Threads: 1 thread, will synchronize iterations
# Benchmark mode: Throughput, ops/time
# Benchmark: com.sun.glass.ui.monocle.Benchmarks.writeTo32New
# Parameters: (type = large)

# Run progress: 80.00% complete, ETA 00:18:40
# Fork: 1 of 5
# Warmup Iteration   1: 24.322 ops/s
# Warmup Iteration   2: 29.252 ops/s
# Warmup Iteration   3: 29.277 ops/s
# Warmup Iteration   4: 29.264 ops/s
# Warmup Iteration   5: 29.272 ops/s
Iteration   1: 29.257 ops/s
Iteration   2: 29.360 ops/s
Iteration   3: 29.346 ops/s
Iteration   4: 29.230 ops/s
Iteration   5: 29.374 ops/s

# Run progress: 82.00% complete, ETA 00:16:48
# Fork: 2 of 5
# Warmup Iteration   1: 24.835 ops/s
# Warmup Iteration   2: 29.864 ops/s
# Warmup Iteration   3: 29.821 ops/s
# Warmup Iteration   4: 29.764 ops/s
# Warmup Iteration   5: 29.835 ops/s
Iteration   1: 29.761 ops/s
Iteration   2: 29.900 ops/s
Iteration   3: 29.907 ops/s
Iteration   4: 29.774 ops/s
Iteration   5: 29.772 ops/s

# Run progress: 84.00% complete, ETA 00:14:56
# Fork: 3 of 5
# Warmup Iteration   1: 24.837 ops/s
# Warmup Iteration   2: 29.728 ops/s
# Warmup Iteration   3: 29.707 ops/s
# Warmup Iteration   4: 29.762 ops/s
# Warmup Iteration   5: 29.753 ops/s
Iteration   1: 29.712 ops/s
Iteration   2: 29.655 ops/s
Iteration   3: 29.678 ops/s
Iteration   4: 29.678 ops/s
Iteration   5: 29.643 ops/s

# Run progress: 86.00% complete, ETA 00:13:04
# Fork: 4 of 5
# Warmup Iteration   1: 24.282 ops/s
# Warmup Iteration   2: 28.934 ops/s
# Warmup Iteration   3: 28.984 ops/s
# Warmup Iteration   4: 29.021 ops/s
# Warmup Iteration   5: 29.009 ops/s
Iteration   1: 28.978 ops/s
Iteration   2: 28.945 ops/s
Iteration   3: 29.021 ops/s
Iteration   4: 28.954 ops/s
Iteration   5: 28.962 ops/s

# Run progress: 88.00% complete, ETA 00:11:12
# Fork: 5 of 5
# Warmup Iteration   1: 24.343 ops/s
# Warmup Iteration   2: 29.559 ops/s
# Warmup Iteration   3: 29.650 ops/s
# Warmup Iteration   4: 29.617 ops/s
# Warmup Iteration   5: 29.513 ops/s
Iteration   1: 29.600 ops/s
Iteration   2: 29.656 ops/s
Iteration   3: 29.621 ops/s
Iteration   4: 29.623 ops/s
Iteration   5: 29.575 ops/s


Result "com.sun.glass.ui.monocle.Benchmarks.writeTo32New":
  29.479 ±(99.9%) 0.234 ops/s [Average]
  (min, avg, max) = (28.945, 29.479, 29.907), stdev = 0.312
  CI (99.9%): [29.245, 29.713] (assumes normal distribution)


# JMH version: 1.23
# VM version: JDK 13.0.2, OpenJDK Server VM, 13.0.2+8
# VM invoker: /home/ubuntu/opt/jdk-13.0.2+8/bin/java
# VM options: <none>
# Warmup: 5 iterations, 10 s each
# Measurement: 5 iterations, 10 s each
# Timeout: 10 min per iteration
# Threads: 1 thread, will synchronize iterations
# Benchmark mode: Throughput, ops/time
# Benchmark: com.sun.glass.ui.monocle.Benchmarks.writeTo32Old
# Parameters: (type = large)

# Run progress: 90.00% complete, ETA 00:09:19
# Fork: 1 of 5
# Warmup Iteration   1: 24.468 ops/s
# Warmup Iteration   2: 29.586 ops/s
# Warmup Iteration   3: 29.459 ops/s
# Warmup Iteration   4: 29.662 ops/s
# Warmup Iteration   5: 29.706 ops/s
Iteration   1: 29.590 ops/s
Iteration   2: 29.692 ops/s
Iteration   3: 29.652 ops/s
Iteration   4: 29.568 ops/s
Iteration   5: 29.568 ops/s

# Run progress: 92.00% complete, ETA 00:07:27
# Fork: 2 of 5
# Warmup Iteration   1: 24.057 ops/s
# Warmup Iteration   2: 29.484 ops/s
# Warmup Iteration   3: 29.443 ops/s
# Warmup Iteration   4: 29.446 ops/s
# Warmup Iteration   5: 29.442 ops/s
Iteration   1: 29.445 ops/s
Iteration   2: 29.492 ops/s
Iteration   3: 29.499 ops/s
Iteration   4: 29.398 ops/s
Iteration   5: 29.456 ops/s

# Run progress: 94.00% complete, ETA 00:05:35
# Fork: 3 of 5
# Warmup Iteration   1: 24.732 ops/s
# Warmup Iteration   2: 29.640 ops/s
# Warmup Iteration   3: 29.632 ops/s
# Warmup Iteration   4: 29.647 ops/s
# Warmup Iteration   5: 29.587 ops/s
Iteration   1: 29.651 ops/s
Iteration   2: 29.583 ops/s
Iteration   3: 29.611 ops/s
Iteration   4: 29.584 ops/s
Iteration   5: 29.626 ops/s

# Run progress: 96.00% complete, ETA 00:03:43
# Fork: 4 of 5
# Warmup Iteration   1: 24.348 ops/s
# Warmup Iteration   2: 29.781 ops/s
# Warmup Iteration   3: 29.733 ops/s
# Warmup Iteration   4: 29.700 ops/s
# Warmup Iteration   5: 29.748 ops/s
Iteration   1: 29.769 ops/s
Iteration   2: 29.764 ops/s
Iteration   3: 29.776 ops/s
Iteration   4: 29.771 ops/s
Iteration   5: 29.716 ops/s

# Run progress: 98.00% complete, ETA 00:01:51
# Fork: 5 of 5
# Warmup Iteration   1: 24.591 ops/s
# Warmup Iteration   2: 29.572 ops/s
# Warmup Iteration   3: 29.654 ops/s
# Warmup Iteration   4: 29.649 ops/s
# Warmup Iteration   5: 29.547 ops/s
Iteration   1: 29.574 ops/s
Iteration   2: 29.607 ops/s
Iteration   3: 29.607 ops/s
Iteration   4: 29.653 ops/s
Iteration   5: 29.644 ops/s


Result "com.sun.glass.ui.monocle.Benchmarks.writeTo32Old":
  29.612 ±(99.9%) 0.077 ops/s [Average]
  (min, avg, max) = (29.398, 29.612, 29.776), stdev = 0.103
  CI (99.9%): [29.534, 29.689] (assumes normal distribution)


# Run complete. Total time: 01:33:12

REMEMBER: The numbers below are just data. To gain reusable insights, you need to follow up on
why the numbers are the way they are. Use profilers (see -prof, -lprof), design factorial
experiments, perform baseline and negative tests that provide experimental control, make sure
the benchmarking environment is safe on JVM/OS/HW level, ask for reviews from the domain experts.
Do not assume the numbers tell you what you want them to tell.

Benchmark                (type)   Mode  Cnt   Score   Error  Units
Benchmarks.copyTo08New    large  thrpt   25   3.039 ± 0.169  ops/s
Benchmarks.copyTo16New    large  thrpt   25   4.273 ± 0.370  ops/s
Benchmarks.copyTo16Old    large  thrpt   25   3.471 ± 0.188  ops/s
Benchmarks.copyTo32New    large  thrpt   25  34.342 ± 1.659  ops/s
Benchmarks.copyTo32Old    large  thrpt   25  33.912 ± 1.256  ops/s
Benchmarks.writeTo08New   large  thrpt   25   2.944 ± 0.108  ops/s
Benchmarks.writeTo16New   large  thrpt   25   4.267 ± 0.006  ops/s
Benchmarks.writeTo16Old   large  thrpt   25   3.269 ± 0.105  ops/s
Benchmarks.writeTo32New   large  thrpt   25  29.479 ± 0.234  ops/s
Benchmarks.writeTo32Old   large  thrpt   25  29.612 ± 0.077  ops/s
