# JMH version: 1.23
# VM version: JDK 11.0.7, OpenJDK Server VM, 11.0.7+10
# VM invoker: /home/ubuntu/opt/jdk-11.0.7+10/bin/java
# VM options: <none>
# Warmup: 5 iterations, 10 s each
# Measurement: 5 iterations, 10 s each
# Timeout: 10 min per iteration
# Threads: 1 thread, will synchronize iterations
# Benchmark mode: Throughput, ops/time
# Benchmark: com.sun.glass.ui.monocle.Benchmarks.copyTo08New
# Parameters: (type = large)

# Run progress: 0.00% complete, ETA 01:23:20
# Fork: 1 of 5
# Warmup Iteration   1: 8.104 ops/s
# Warmup Iteration   2: 8.148 ops/s
# Warmup Iteration   3: 8.297 ops/s
# Warmup Iteration   4: 8.295 ops/s
# Warmup Iteration   5: 8.288 ops/s
Iteration   1: 8.303 ops/s
Iteration   2: 8.305 ops/s
Iteration   3: 8.289 ops/s
Iteration   4: 8.302 ops/s
Iteration   5: 8.308 ops/s

# Run progress: 2.00% complete, ETA 01:27:06
# Fork: 2 of 5
# Warmup Iteration   1: 9.641 ops/s
# Warmup Iteration   2: 9.635 ops/s
# Warmup Iteration   3: 9.625 ops/s
# Warmup Iteration   4: 9.649 ops/s
# Warmup Iteration   5: 9.646 ops/s
Iteration   1: 9.628 ops/s
Iteration   2: 9.639 ops/s
Iteration   3: 9.642 ops/s
Iteration   4: 9.626 ops/s
Iteration   5: 9.636 ops/s

# Run progress: 4.00% complete, ETA 01:24:49
# Fork: 3 of 5
# Warmup Iteration   1: 9.625 ops/s
# Warmup Iteration   2: 9.645 ops/s
# Warmup Iteration   3: 9.639 ops/s
# Warmup Iteration   4: 9.619 ops/s
# Warmup Iteration   5: 9.647 ops/s
Iteration   1: 9.646 ops/s
Iteration   2: 9.637 ops/s
Iteration   3: 9.648 ops/s
Iteration   4: 9.636 ops/s
Iteration   5: 9.629 ops/s

# Run progress: 6.00% complete, ETA 01:22:55
# Fork: 4 of 5
# Warmup Iteration   1: 8.122 ops/s
# Warmup Iteration   2: 8.300 ops/s
# Warmup Iteration   3: 8.307 ops/s
# Warmup Iteration   4: 8.311 ops/s
# Warmup Iteration   5: 8.299 ops/s
Iteration   1: 8.307 ops/s
Iteration   2: 8.313 ops/s
Iteration   3: 8.305 ops/s
Iteration   4: 8.306 ops/s
Iteration   5: 8.311 ops/s

# Run progress: 8.00% complete, ETA 01:21:07
# Fork: 5 of 5
# Warmup Iteration   1: 9.676 ops/s
# Warmup Iteration   2: 9.693 ops/s
# Warmup Iteration   3: 9.677 ops/s
# Warmup Iteration   4: 9.681 ops/s
# Warmup Iteration   5: 9.684 ops/s
Iteration   1: 9.680 ops/s
Iteration   2: 9.685 ops/s
Iteration   3: 9.688 ops/s
Iteration   4: 9.683 ops/s
Iteration   5: 9.682 ops/s


Result "com.sun.glass.ui.monocle.Benchmarks.copyTo08New":
  9.113 ±(99.9%) 0.505 ops/s [Average]
  (min, avg, max) = (8.289, 9.113, 9.688), stdev = 0.674
  CI (99.9%): [8.609, 9.618] (assumes normal distribution)


# JMH version: 1.23
# VM version: JDK 11.0.7, OpenJDK Server VM, 11.0.7+10
# VM invoker: /home/ubuntu/opt/jdk-11.0.7+10/bin/java
# VM options: <none>
# Warmup: 5 iterations, 10 s each
# Measurement: 5 iterations, 10 s each
# Timeout: 10 min per iteration
# Threads: 1 thread, will synchronize iterations
# Benchmark mode: Throughput, ops/time
# Benchmark: com.sun.glass.ui.monocle.Benchmarks.copyTo16New
# Parameters: (type = large)

# Run progress: 10.00% complete, ETA 01:19:14
# Fork: 1 of 5
# Warmup Iteration   1: 11.536 ops/s
# Warmup Iteration   2: 12.029 ops/s
# Warmup Iteration   3: 12.079 ops/s
# Warmup Iteration   4: 12.093 ops/s
# Warmup Iteration   5: 12.114 ops/s
Iteration   1: 12.118 ops/s
Iteration   2: 12.102 ops/s
Iteration   3: 12.112 ops/s
Iteration   4: 12.101 ops/s
Iteration   5: 12.101 ops/s

# Run progress: 12.00% complete, ETA 01:17:28
# Fork: 2 of 5
# Warmup Iteration   1: 11.547 ops/s
# Warmup Iteration   2: 12.095 ops/s
# Warmup Iteration   3: 12.083 ops/s
# Warmup Iteration   4: 12.083 ops/s
# Warmup Iteration   5: 12.103 ops/s
Iteration   1: 12.100 ops/s
Iteration   2: 12.109 ops/s
Iteration   3: 12.101 ops/s
Iteration   4: 12.103 ops/s
Iteration   5: 12.087 ops/s

# Run progress: 14.00% complete, ETA 01:15:39
# Fork: 3 of 5
# Warmup Iteration   1: 11.519 ops/s
# Warmup Iteration   2: 12.093 ops/s
# Warmup Iteration   3: 12.089 ops/s
# Warmup Iteration   4: 12.073 ops/s
# Warmup Iteration   5: 12.093 ops/s
Iteration   1: 12.075 ops/s
Iteration   2: 12.080 ops/s
Iteration   3: 12.092 ops/s
Iteration   4: 12.094 ops/s
Iteration   5: 12.074 ops/s

# Run progress: 16.00% complete, ETA 01:13:51
# Fork: 4 of 5
# Warmup Iteration   1: 11.528 ops/s
# Warmup Iteration   2: 12.002 ops/s
# Warmup Iteration   3: 12.090 ops/s
# Warmup Iteration   4: 12.088 ops/s
# Warmup Iteration   5: 12.077 ops/s
Iteration   1: 12.086 ops/s
Iteration   2: 12.072 ops/s
Iteration   3: 12.075 ops/s
Iteration   4: 12.090 ops/s
Iteration   5: 12.079 ops/s

# Run progress: 18.00% complete, ETA 01:12:03
# Fork: 5 of 5
# Warmup Iteration   1: 11.543 ops/s
# Warmup Iteration   2: 12.092 ops/s
# Warmup Iteration   3: 12.067 ops/s
# Warmup Iteration   4: 12.097 ops/s
# Warmup Iteration   5: 12.103 ops/s
Iteration   1: 12.087 ops/s
Iteration   2: 12.097 ops/s
Iteration   3: 12.107 ops/s
Iteration   4: 12.066 ops/s
Iteration   5: 12.094 ops/s


Result "com.sun.glass.ui.monocle.Benchmarks.copyTo16New":
  12.092 ±(99.9%) 0.010 ops/s [Average]
  (min, avg, max) = (12.066, 12.092, 12.118), stdev = 0.014
  CI (99.9%): [12.082, 12.102] (assumes normal distribution)


# JMH version: 1.23
# VM version: JDK 11.0.7, OpenJDK Server VM, 11.0.7+10
# VM invoker: /home/ubuntu/opt/jdk-11.0.7+10/bin/java
# VM options: <none>
# Warmup: 5 iterations, 10 s each
# Measurement: 5 iterations, 10 s each
# Timeout: 10 min per iteration
# Threads: 1 thread, will synchronize iterations
# Benchmark mode: Throughput, ops/time
# Benchmark: com.sun.glass.ui.monocle.Benchmarks.copyTo16Old
# Parameters: (type = large)

# Run progress: 20.00% complete, ETA 01:10:17
# Fork: 1 of 5
# Warmup Iteration   1: 9.652 ops/s
# Warmup Iteration   2: 9.981 ops/s
# Warmup Iteration   3: 9.991 ops/s
# Warmup Iteration   4: 9.962 ops/s
# Warmup Iteration   5: 9.985 ops/s
Iteration   1: 9.987 ops/s
Iteration   2: 9.974 ops/s
Iteration   3: 9.984 ops/s
Iteration   4: 9.987 ops/s
Iteration   5: 9.967 ops/s

# Run progress: 22.00% complete, ETA 01:08:29
# Fork: 2 of 5
# Warmup Iteration   1: 9.691 ops/s
# Warmup Iteration   2: 9.979 ops/s
# Warmup Iteration   3: 9.994 ops/s
# Warmup Iteration   4: 9.994 ops/s
# Warmup Iteration   5: 9.982 ops/s
Iteration   1: 9.983 ops/s
Iteration   2: 9.997 ops/s
Iteration   3: 9.983 ops/s
Iteration   4: 9.992 ops/s
Iteration   5: 9.912 ops/s

# Run progress: 24.00% complete, ETA 01:06:42
# Fork: 3 of 5
# Warmup Iteration   1: 9.667 ops/s
# Warmup Iteration   2: 9.996 ops/s
# Warmup Iteration   3: 9.996 ops/s
# Warmup Iteration   4: 9.976 ops/s
# Warmup Iteration   5: 10.002 ops/s
Iteration   1: 9.984 ops/s
Iteration   2: 9.986 ops/s
Iteration   3: 10.001 ops/s
Iteration   4: 9.984 ops/s
Iteration   5: 9.989 ops/s

# Run progress: 26.00% complete, ETA 01:04:55
# Fork: 4 of 5
# Warmup Iteration   1: 9.688 ops/s
# Warmup Iteration   2: 9.979 ops/s
# Warmup Iteration   3: 9.988 ops/s
# Warmup Iteration   4: 9.991 ops/s
# Warmup Iteration   5: 9.992 ops/s
Iteration   1: 9.999 ops/s
Iteration   2: 10.003 ops/s
Iteration   3: 9.982 ops/s
Iteration   4: 9.989 ops/s
Iteration   5: 9.987 ops/s

# Run progress: 28.00% complete, ETA 01:03:08
# Fork: 5 of 5
# Warmup Iteration   1: 9.664 ops/s
# Warmup Iteration   2: 9.984 ops/s
# Warmup Iteration   3: 9.973 ops/s
# Warmup Iteration   4: 9.976 ops/s
# Warmup Iteration   5: 9.985 ops/s
Iteration   1: 9.972 ops/s
Iteration   2: 9.984 ops/s
Iteration   3: 9.987 ops/s
Iteration   4: 9.974 ops/s
Iteration   5: 9.972 ops/s


Result "com.sun.glass.ui.monocle.Benchmarks.copyTo16Old":
  9.982 ±(99.9%) 0.013 ops/s [Average]
  (min, avg, max) = (9.912, 9.982, 10.003), stdev = 0.017
  CI (99.9%): [9.969, 9.995] (assumes normal distribution)


# JMH version: 1.23
# VM version: JDK 11.0.7, OpenJDK Server VM, 11.0.7+10
# VM invoker: /home/ubuntu/opt/jdk-11.0.7+10/bin/java
# VM options: <none>
# Warmup: 5 iterations, 10 s each
# Measurement: 5 iterations, 10 s each
# Timeout: 10 min per iteration
# Threads: 1 thread, will synchronize iterations
# Benchmark mode: Throughput, ops/time
# Benchmark: com.sun.glass.ui.monocle.Benchmarks.copyTo32New
# Parameters: (type = large)

# Run progress: 30.00% complete, ETA 01:01:21
# Fork: 1 of 5
# Warmup Iteration   1: 96.823 ops/s
# Warmup Iteration   2: 97.143 ops/s
# Warmup Iteration   3: 97.035 ops/s
# Warmup Iteration   4: 96.843 ops/s
# Warmup Iteration   5: 96.879 ops/s
Iteration   1: 96.942 ops/s
Iteration   2: 97.111 ops/s
Iteration   3: 97.366 ops/s
Iteration   4: 97.417 ops/s
Iteration   5: 97.281 ops/s

# Run progress: 32.00% complete, ETA 00:59:35
# Fork: 2 of 5
# Warmup Iteration   1: 97.793 ops/s
# Warmup Iteration   2: 97.940 ops/s
# Warmup Iteration   3: 97.954 ops/s
# Warmup Iteration   4: 97.985 ops/s
# Warmup Iteration   5: 97.756 ops/s
Iteration   1: 97.948 ops/s
Iteration   2: 98.063 ops/s
Iteration   3: 98.109 ops/s
Iteration   4: 98.279 ops/s
Iteration   5: 98.243 ops/s

# Run progress: 34.00% complete, ETA 00:57:49
# Fork: 3 of 5
# Warmup Iteration   1: 97.335 ops/s
# Warmup Iteration   2: 97.527 ops/s
# Warmup Iteration   3: 97.345 ops/s
# Warmup Iteration   4: 97.548 ops/s
# Warmup Iteration   5: 97.407 ops/s
Iteration   1: 97.451 ops/s
Iteration   2: 97.867 ops/s
Iteration   3: 95.139 ops/s
Iteration   4: 97.628 ops/s
Iteration   5: 97.852 ops/s

# Run progress: 36.00% complete, ETA 00:56:04
# Fork: 4 of 5
# Warmup Iteration   1: 98.416 ops/s
# Warmup Iteration   2: 98.190 ops/s
# Warmup Iteration   3: 98.296 ops/s
# Warmup Iteration   4: 98.101 ops/s
# Warmup Iteration   5: 98.018 ops/s
Iteration   1: 98.322 ops/s
Iteration   2: 98.355 ops/s
Iteration   3: 98.571 ops/s
Iteration   4: 98.557 ops/s
Iteration   5: 98.225 ops/s

# Run progress: 38.00% complete, ETA 00:54:18
# Fork: 5 of 5
# Warmup Iteration   1: 92.490 ops/s
# Warmup Iteration   2: 92.574 ops/s
# Warmup Iteration   3: 90.963 ops/s
# Warmup Iteration   4: 92.555 ops/s
# Warmup Iteration   5: 92.580 ops/s
Iteration   1: 92.262 ops/s
Iteration   2: 92.896 ops/s
Iteration   3: 92.854 ops/s
Iteration   4: 92.730 ops/s
Iteration   5: 92.894 ops/s


Result "com.sun.glass.ui.monocle.Benchmarks.copyTo32New":
  96.734 ±(99.9%) 1.619 ops/s [Average]
  (min, avg, max) = (92.262, 96.734, 98.571), stdev = 2.162
  CI (99.9%): [95.115, 98.354] (assumes normal distribution)


# JMH version: 1.23
# VM version: JDK 11.0.7, OpenJDK Server VM, 11.0.7+10
# VM invoker: /home/ubuntu/opt/jdk-11.0.7+10/bin/java
# VM options: <none>
# Warmup: 5 iterations, 10 s each
# Measurement: 5 iterations, 10 s each
# Timeout: 10 min per iteration
# Threads: 1 thread, will synchronize iterations
# Benchmark mode: Throughput, ops/time
# Benchmark: com.sun.glass.ui.monocle.Benchmarks.copyTo32Old
# Parameters: (type = large)

# Run progress: 40.00% complete, ETA 00:52:33
# Fork: 1 of 5
# Warmup Iteration   1: 90.944 ops/s
# Warmup Iteration   2: 91.147 ops/s
# Warmup Iteration   3: 91.051 ops/s
# Warmup Iteration   4: 90.996 ops/s
# Warmup Iteration   5: 90.874 ops/s
Iteration   1: 90.959 ops/s
Iteration   2: 91.101 ops/s
Iteration   3: 91.348 ops/s
Iteration   4: 91.328 ops/s
Iteration   5: 91.198 ops/s

# Run progress: 42.00% complete, ETA 00:50:47
# Fork: 2 of 5
# Warmup Iteration   1: 99.563 ops/s
# Warmup Iteration   2: 99.389 ops/s
# Warmup Iteration   3: 99.448 ops/s
# Warmup Iteration   4: 99.480 ops/s
# Warmup Iteration   5: 99.215 ops/s
Iteration   1: 99.621 ops/s
Iteration   2: 99.792 ops/s
Iteration   3: 99.609 ops/s
Iteration   4: 99.689 ops/s
Iteration   5: 99.386 ops/s

# Run progress: 44.00% complete, ETA 00:49:01
# Fork: 3 of 5
# Warmup Iteration   1: 110.882 ops/s
# Warmup Iteration   2: 110.841 ops/s
# Warmup Iteration   3: 110.775 ops/s
# Warmup Iteration   4: 110.683 ops/s
# Warmup Iteration   5: 110.494 ops/s
Iteration   1: 111.028 ops/s
Iteration   2: 111.166 ops/s
Iteration   3: 111.177 ops/s
Iteration   4: 111.033 ops/s
Iteration   5: 141.888 ops/s

# Run progress: 46.00% complete, ETA 00:47:15
# Fork: 4 of 5
# Warmup Iteration   1: 99.615 ops/s
# Warmup Iteration   2: 99.432 ops/s
# Warmup Iteration   3: 99.584 ops/s
# Warmup Iteration   4: 99.411 ops/s
# Warmup Iteration   5: 99.179 ops/s
Iteration   1: 99.484 ops/s
Iteration   2: 99.619 ops/s
Iteration   3: 99.759 ops/s
Iteration   4: 99.743 ops/s
Iteration   5: 99.610 ops/s

# Run progress: 48.00% complete, ETA 00:45:30
# Fork: 5 of 5
# Warmup Iteration   1: 98.600 ops/s
# Warmup Iteration   2: 98.323 ops/s
# Warmup Iteration   3: 98.471 ops/s
# Warmup Iteration   4: 98.468 ops/s
# Warmup Iteration   5: 98.332 ops/s
Iteration   1: 98.466 ops/s
Iteration   2: 98.788 ops/s
Iteration   3: 98.624 ops/s
Iteration   4: 98.670 ops/s
Iteration   5: 98.820 ops/s


Result "com.sun.glass.ui.monocle.Benchmarks.copyTo32Old":
  101.276 ±(99.9%) 7.805 ops/s [Average]
  (min, avg, max) = (90.959, 101.276, 141.888), stdev = 10.420
  CI (99.9%): [93.471, 109.081] (assumes normal distribution)


# JMH version: 1.23
# VM version: JDK 11.0.7, OpenJDK Server VM, 11.0.7+10
# VM invoker: /home/ubuntu/opt/jdk-11.0.7+10/bin/java
# VM options: <none>
# Warmup: 5 iterations, 10 s each
# Measurement: 5 iterations, 10 s each
# Timeout: 10 min per iteration
# Threads: 1 thread, will synchronize iterations
# Benchmark mode: Throughput, ops/time
# Benchmark: com.sun.glass.ui.monocle.Benchmarks.writeTo08New
# Parameters: (type = large)

# Run progress: 50.00% complete, ETA 00:43:44
# Fork: 1 of 5
# Warmup Iteration   1: 8.346 ops/s
# Warmup Iteration   2: 8.724 ops/s
# Warmup Iteration   3: 8.726 ops/s
# Warmup Iteration   4: 8.717 ops/s
# Warmup Iteration   5: 8.732 ops/s
Iteration   1: 8.723 ops/s
Iteration   2: 8.716 ops/s
Iteration   3: 8.728 ops/s
Iteration   4: 8.720 ops/s
Iteration   5: 8.715 ops/s

# Run progress: 52.00% complete, ETA 00:42:00
# Fork: 2 of 5
# Warmup Iteration   1: 8.344 ops/s
# Warmup Iteration   2: 8.710 ops/s
# Warmup Iteration   3: 8.717 ops/s
# Warmup Iteration   4: 8.719 ops/s
# Warmup Iteration   5: 8.697 ops/s
Iteration   1: 8.717 ops/s
Iteration   2: 8.713 ops/s
Iteration   3: 8.702 ops/s
Iteration   4: 8.713 ops/s
Iteration   5: 8.716 ops/s

# Run progress: 54.00% complete, ETA 00:40:15
# Fork: 3 of 5
# Warmup Iteration   1: 8.337 ops/s
# Warmup Iteration   2: 8.708 ops/s
# Warmup Iteration   3: 8.699 ops/s
# Warmup Iteration   4: 8.709 ops/s
# Warmup Iteration   5: 8.711 ops/s
Iteration   1: 8.694 ops/s
Iteration   2: 8.717 ops/s
Iteration   3: 8.711 ops/s
Iteration   4: 8.703 ops/s
Iteration   5: 8.712 ops/s

# Run progress: 56.00% complete, ETA 00:38:31
# Fork: 4 of 5
# Warmup Iteration   1: 8.334 ops/s
# Warmup Iteration   2: 8.725 ops/s
# Warmup Iteration   3: 8.727 ops/s
# Warmup Iteration   4: 8.715 ops/s
# Warmup Iteration   5: 8.729 ops/s
Iteration   1: 8.727 ops/s
Iteration   2: 8.706 ops/s
Iteration   3: 8.726 ops/s
Iteration   4: 8.723 ops/s
Iteration   5: 8.712 ops/s

# Run progress: 58.00% complete, ETA 00:36:46
# Fork: 5 of 5
# Warmup Iteration   1: 8.355 ops/s
# Warmup Iteration   2: 8.701 ops/s
# Warmup Iteration   3: 8.703 ops/s
# Warmup Iteration   4: 8.705 ops/s
# Warmup Iteration   5: 8.701 ops/s
Iteration   1: 8.710 ops/s
Iteration   2: 8.709 ops/s
Iteration   3: 8.696 ops/s
Iteration   4: 8.700 ops/s
Iteration   5: 8.710 ops/s


Result "com.sun.glass.ui.monocle.Benchmarks.writeTo08New":
  8.713 ±(99.9%) 0.007 ops/s [Average]
  (min, avg, max) = (8.694, 8.713, 8.728), stdev = 0.009
  CI (99.9%): [8.706, 8.720] (assumes normal distribution)


# JMH version: 1.23
# VM version: JDK 11.0.7, OpenJDK Server VM, 11.0.7+10
# VM invoker: /home/ubuntu/opt/jdk-11.0.7+10/bin/java
# VM options: <none>
# Warmup: 5 iterations, 10 s each
# Measurement: 5 iterations, 10 s each
# Timeout: 10 min per iteration
# Threads: 1 thread, will synchronize iterations
# Benchmark mode: Throughput, ops/time
# Benchmark: com.sun.glass.ui.monocle.Benchmarks.writeTo16New
# Parameters: (type = large)

# Run progress: 60.00% complete, ETA 00:35:02
# Fork: 1 of 5
# Warmup Iteration   1: 12.524 ops/s
# Warmup Iteration   2: 13.835 ops/s
# Warmup Iteration   3: 13.939 ops/s
# Warmup Iteration   4: 13.938 ops/s
# Warmup Iteration   5: 13.969 ops/s
Iteration   1: 13.945 ops/s
Iteration   2: 13.984 ops/s
Iteration   3: 14.003 ops/s
Iteration   4: 13.977 ops/s
Iteration   5: 13.974 ops/s

# Run progress: 62.00% complete, ETA 00:33:17
# Fork: 2 of 5
# Warmup Iteration   1: 12.480 ops/s
# Warmup Iteration   2: 13.875 ops/s
# Warmup Iteration   3: 13.989 ops/s
# Warmup Iteration   4: 13.962 ops/s
# Warmup Iteration   5: 13.979 ops/s
Iteration   1: 13.942 ops/s
Iteration   2: 13.991 ops/s
Iteration   3: 14.010 ops/s
Iteration   4: 13.965 ops/s
Iteration   5: 13.950 ops/s

# Run progress: 64.00% complete, ETA 00:31:32
# Fork: 3 of 5
# Warmup Iteration   1: 12.480 ops/s
# Warmup Iteration   2: 13.894 ops/s
# Warmup Iteration   3: 13.956 ops/s
# Warmup Iteration   4: 13.943 ops/s
# Warmup Iteration   5: 13.932 ops/s
Iteration   1: 13.953 ops/s
Iteration   2: 13.964 ops/s
Iteration   3: 13.938 ops/s
Iteration   4: 13.951 ops/s
Iteration   5: 13.952 ops/s

# Run progress: 66.00% complete, ETA 00:29:47
# Fork: 4 of 5
# Warmup Iteration   1: 12.486 ops/s
# Warmup Iteration   2: 13.880 ops/s
# Warmup Iteration   3: 13.954 ops/s
# Warmup Iteration   4: 13.957 ops/s
# Warmup Iteration   5: 13.975 ops/s
Iteration   1: 13.996 ops/s
Iteration   2: 13.967 ops/s
Iteration   3: 13.978 ops/s
Iteration   4: 13.914 ops/s
Iteration   5: 13.960 ops/s

# Run progress: 68.00% complete, ETA 00:28:01
# Fork: 5 of 5
# Warmup Iteration   1: 12.507 ops/s
# Warmup Iteration   2: 13.885 ops/s
# Warmup Iteration   3: 13.981 ops/s
# Warmup Iteration   4: 13.946 ops/s
# Warmup Iteration   5: 13.957 ops/s
Iteration   1: 13.998 ops/s
Iteration   2: 14.006 ops/s
Iteration   3: 14.004 ops/s
Iteration   4: 14.015 ops/s
Iteration   5: 14.001 ops/s


Result "com.sun.glass.ui.monocle.Benchmarks.writeTo16New":
  13.974 ±(99.9%) 0.020 ops/s [Average]
  (min, avg, max) = (13.914, 13.974, 14.015), stdev = 0.027
  CI (99.9%): [13.954, 13.994] (assumes normal distribution)


# JMH version: 1.23
# VM version: JDK 11.0.7, OpenJDK Server VM, 11.0.7+10
# VM invoker: /home/ubuntu/opt/jdk-11.0.7+10/bin/java
# VM options: <none>
# Warmup: 5 iterations, 10 s each
# Measurement: 5 iterations, 10 s each
# Timeout: 10 min per iteration
# Threads: 1 thread, will synchronize iterations
# Benchmark mode: Throughput, ops/time
# Benchmark: com.sun.glass.ui.monocle.Benchmarks.writeTo16Old
# Parameters: (type = large)

# Run progress: 70.00% complete, ETA 00:26:16
# Fork: 1 of 5
# Warmup Iteration   1: 9.342 ops/s
# Warmup Iteration   2: 9.820 ops/s
# Warmup Iteration   3: 9.809 ops/s
# Warmup Iteration   4: 9.818 ops/s
# Warmup Iteration   5: 9.825 ops/s
Iteration   1: 9.797 ops/s
Iteration   2: 9.809 ops/s
Iteration   3: 9.825 ops/s
Iteration   4: 9.811 ops/s
Iteration   5: 9.821 ops/s

# Run progress: 72.00% complete, ETA 00:24:31
# Fork: 2 of 5
# Warmup Iteration   1: 9.327 ops/s
# Warmup Iteration   2: 9.830 ops/s
# Warmup Iteration   3: 9.832 ops/s
# Warmup Iteration   4: 9.809 ops/s
# Warmup Iteration   5: 9.838 ops/s
Iteration   1: 9.836 ops/s
Iteration   2: 9.816 ops/s
Iteration   3: 9.836 ops/s
Iteration   4: 9.823 ops/s
Iteration   5: 9.824 ops/s

# Run progress: 74.00% complete, ETA 00:22:46
# Fork: 3 of 5
# Warmup Iteration   1: 9.335 ops/s
# Warmup Iteration   2: 9.809 ops/s
# Warmup Iteration   3: 9.823 ops/s
# Warmup Iteration   4: 9.831 ops/s
# Warmup Iteration   5: 9.818 ops/s
Iteration   1: 9.827 ops/s
Iteration   2: 9.832 ops/s
Iteration   3: 9.821 ops/s
Iteration   4: 9.820 ops/s
Iteration   5: 9.827 ops/s

# Run progress: 76.00% complete, ETA 00:21:01
# Fork: 4 of 5
# Warmup Iteration   1: 9.466 ops/s
# Warmup Iteration   2: 10.006 ops/s
# Warmup Iteration   3: 9.993 ops/s
# Warmup Iteration   4: 10.000 ops/s
# Warmup Iteration   5: 10.007 ops/s
Iteration   1: 9.998 ops/s
Iteration   2: 10.006 ops/s
Iteration   3: 10.005 ops/s
Iteration   4: 9.994 ops/s
Iteration   5: 9.997 ops/s

# Run progress: 78.00% complete, ETA 00:19:16
# Fork: 5 of 5
# Warmup Iteration   1: 9.355 ops/s
# Warmup Iteration   2: 9.819 ops/s
# Warmup Iteration   3: 9.839 ops/s
# Warmup Iteration   4: 9.833 ops/s
# Warmup Iteration   5: 9.822 ops/s
Iteration   1: 9.830 ops/s
Iteration   2: 9.826 ops/s
Iteration   3: 9.837 ops/s
Iteration   4: 9.837 ops/s
Iteration   5: 9.829 ops/s


Result "com.sun.glass.ui.monocle.Benchmarks.writeTo16Old":
  9.859 ±(99.9%) 0.054 ops/s [Average]
  (min, avg, max) = (9.797, 9.859, 10.006), stdev = 0.072
  CI (99.9%): [9.805, 9.914] (assumes normal distribution)


# JMH version: 1.23
# VM version: JDK 11.0.7, OpenJDK Server VM, 11.0.7+10
# VM invoker: /home/ubuntu/opt/jdk-11.0.7+10/bin/java
# VM options: <none>
# Warmup: 5 iterations, 10 s each
# Measurement: 5 iterations, 10 s each
# Timeout: 10 min per iteration
# Threads: 1 thread, will synchronize iterations
# Benchmark mode: Throughput, ops/time
# Benchmark: com.sun.glass.ui.monocle.Benchmarks.writeTo32New
# Parameters: (type = large)

# Run progress: 80.00% complete, ETA 00:17:31
# Fork: 1 of 5
# Warmup Iteration   1: 86.371 ops/s
# Warmup Iteration   2: 95.198 ops/s
# Warmup Iteration   3: 94.982 ops/s
# Warmup Iteration   4: 95.082 ops/s
# Warmup Iteration   5: 95.215 ops/s
Iteration   1: 95.020 ops/s
Iteration   2: 95.030 ops/s
Iteration   3: 95.141 ops/s
Iteration   4: 94.972 ops/s
Iteration   5: 95.092 ops/s

# Run progress: 82.00% complete, ETA 00:15:45
# Fork: 2 of 5
# Warmup Iteration   1: 87.170 ops/s
# Warmup Iteration   2: 95.395 ops/s
# Warmup Iteration   3: 95.364 ops/s
# Warmup Iteration   4: 95.348 ops/s
# Warmup Iteration   5: 95.486 ops/s
Iteration   1: 95.484 ops/s
Iteration   2: 95.331 ops/s
Iteration   3: 95.456 ops/s
Iteration   4: 95.431 ops/s
Iteration   5: 95.409 ops/s

# Run progress: 84.00% complete, ETA 00:14:00
# Fork: 3 of 5
# Warmup Iteration   1: 87.615 ops/s
# Warmup Iteration   2: 95.517 ops/s
# Warmup Iteration   3: 95.462 ops/s
# Warmup Iteration   4: 95.367 ops/s
# Warmup Iteration   5: 95.410 ops/s
Iteration   1: 95.680 ops/s
Iteration   2: 95.618 ops/s
Iteration   3: 95.474 ops/s
Iteration   4: 95.601 ops/s
Iteration   5: 95.614 ops/s

# Run progress: 86.00% complete, ETA 00:12:15
# Fork: 4 of 5
# Warmup Iteration   1: 86.938 ops/s
# Warmup Iteration   2: 94.882 ops/s
# Warmup Iteration   3: 94.707 ops/s
# Warmup Iteration   4: 94.852 ops/s
# Warmup Iteration   5: 94.800 ops/s
Iteration   1: 94.581 ops/s
Iteration   2: 94.846 ops/s
Iteration   3: 94.877 ops/s
Iteration   4: 94.712 ops/s
Iteration   5: 94.845 ops/s

# Run progress: 88.00% complete, ETA 00:10:30
# Fork: 5 of 5
# Warmup Iteration   1: 87.432 ops/s
# Warmup Iteration   2: 95.669 ops/s
# Warmup Iteration   3: 95.632 ops/s
# Warmup Iteration   4: 95.498 ops/s
# Warmup Iteration   5: 95.724 ops/s
Iteration   1: 95.665 ops/s
Iteration   2: 95.300 ops/s
Iteration   3: 95.640 ops/s
Iteration   4: 95.639 ops/s
Iteration   5: 95.446 ops/s


Result "com.sun.glass.ui.monocle.Benchmarks.writeTo32New":
  95.276 ±(99.9%) 0.251 ops/s [Average]
  (min, avg, max) = (94.581, 95.276, 95.680), stdev = 0.336
  CI (99.9%): [95.025, 95.528] (assumes normal distribution)


# JMH version: 1.23
# VM version: JDK 11.0.7, OpenJDK Server VM, 11.0.7+10
# VM invoker: /home/ubuntu/opt/jdk-11.0.7+10/bin/java
# VM options: <none>
# Warmup: 5 iterations, 10 s each
# Measurement: 5 iterations, 10 s each
# Timeout: 10 min per iteration
# Threads: 1 thread, will synchronize iterations
# Benchmark mode: Throughput, ops/time
# Benchmark: com.sun.glass.ui.monocle.Benchmarks.writeTo32Old
# Parameters: (type = large)

# Run progress: 90.00% complete, ETA 00:08:45
# Fork: 1 of 5
# Warmup Iteration   1: 85.346 ops/s
# Warmup Iteration   2: 94.226 ops/s
# Warmup Iteration   3: 94.002 ops/s
# Warmup Iteration   4: 94.313 ops/s
# Warmup Iteration   5: 94.294 ops/s
Iteration   1: 94.027 ops/s
Iteration   2: 94.160 ops/s
Iteration   3: 93.995 ops/s
Iteration   4: 94.076 ops/s
Iteration   5: 94.179 ops/s

# Run progress: 92.00% complete, ETA 00:07:00
# Fork: 2 of 5
# Warmup Iteration   1: 85.430 ops/s
# Warmup Iteration   2: 94.407 ops/s
# Warmup Iteration   3: 94.424 ops/s
# Warmup Iteration   4: 94.122 ops/s
# Warmup Iteration   5: 94.460 ops/s
Iteration   1: 94.419 ops/s
Iteration   2: 94.262 ops/s
Iteration   3: 94.365 ops/s
Iteration   4: 94.404 ops/s
Iteration   5: 94.120 ops/s

# Run progress: 94.00% complete, ETA 00:05:15
# Fork: 3 of 5
# Warmup Iteration   1: 85.541 ops/s
# Warmup Iteration   2: 94.241 ops/s
# Warmup Iteration   3: 94.351 ops/s
# Warmup Iteration   4: 94.405 ops/s
# Warmup Iteration   5: 94.223 ops/s
Iteration   1: 94.263 ops/s
Iteration   2: 94.330 ops/s
Iteration   3: 94.251 ops/s
Iteration   4: 94.386 ops/s
Iteration   5: 94.283 ops/s

# Run progress: 96.00% complete, ETA 00:03:30
# Fork: 4 of 5
# Warmup Iteration   1: 86.505 ops/s
# Warmup Iteration   2: 94.468 ops/s
# Warmup Iteration   3: 94.238 ops/s
# Warmup Iteration   4: 94.401 ops/s
# Warmup Iteration   5: 94.425 ops/s
Iteration   1: 94.296 ops/s
Iteration   2: 94.327 ops/s
Iteration   3: 94.450 ops/s
Iteration   4: 94.251 ops/s
Iteration   5: 94.365 ops/s

# Run progress: 98.00% complete, ETA 00:01:45
# Fork: 5 of 5
# Warmup Iteration   1: 85.336 ops/s
# Warmup Iteration   2: 94.739 ops/s
# Warmup Iteration   3: 94.764 ops/s
# Warmup Iteration   4: 94.763 ops/s
# Warmup Iteration   5: 94.859 ops/s
Iteration   1: 94.802 ops/s
Iteration   2: 94.655 ops/s
Iteration   3: 94.831 ops/s
Iteration   4: 94.710 ops/s
Iteration   5: 94.672 ops/s


Result "com.sun.glass.ui.monocle.Benchmarks.writeTo32Old":
  94.355 ±(99.9%) 0.171 ops/s [Average]
  (min, avg, max) = (93.995, 94.355, 94.831), stdev = 0.228
  CI (99.9%): [94.184, 94.526] (assumes normal distribution)


# Run complete. Total time: 01:27:31

REMEMBER: The numbers below are just data. To gain reusable insights, you need to follow up on
why the numbers are the way they are. Use profilers (see -prof, -lprof), design factorial
experiments, perform baseline and negative tests that provide experimental control, make sure
the benchmarking environment is safe on JVM/OS/HW level, ask for reviews from the domain experts.
Do not assume the numbers tell you what you want them to tell.

Benchmark                (type)   Mode  Cnt    Score   Error  Units
Benchmarks.copyTo08New    large  thrpt   25    9.113 ± 0.505  ops/s
Benchmarks.copyTo16New    large  thrpt   25   12.092 ± 0.010  ops/s
Benchmarks.copyTo16Old    large  thrpt   25    9.982 ± 0.013  ops/s
Benchmarks.copyTo32New    large  thrpt   25   96.734 ± 1.619  ops/s
Benchmarks.copyTo32Old    large  thrpt   25  101.276 ± 7.805  ops/s
Benchmarks.writeTo08New   large  thrpt   25    8.713 ± 0.007  ops/s
Benchmarks.writeTo16New   large  thrpt   25   13.974 ± 0.020  ops/s
Benchmarks.writeTo16Old   large  thrpt   25    9.859 ± 0.054  ops/s
Benchmarks.writeTo32New   large  thrpt   25   95.276 ± 0.251  ops/s
Benchmarks.writeTo32Old   large  thrpt   25   94.355 ± 0.171  ops/s
