# JMH version: 1.23
# VM version: JDK 13.0.2, OpenJDK 64-Bit Server VM, 13.0.2+8
# VM invoker: /home/ubuntu/opt/jdk-13.0.2+8/bin/java
# VM options: <none>
# Warmup: 5 iterations, 10 s each
# Measurement: 5 iterations, 10 s each
# Timeout: 10 min per iteration
# Threads: 1 thread, will synchronize iterations
# Benchmark mode: Throughput, ops/time
# Benchmark: com.sun.glass.ui.monocle.Benchmarks.copyTo08New
# Parameters: (type = large)

# Run progress: 0.00% complete, ETA 01:23:20
# Fork: 1 of 5
# Warmup Iteration   1: 116.672 ops/s
# Warmup Iteration   2: 116.834 ops/s
# Warmup Iteration   3: 116.758 ops/s
# Warmup Iteration   4: 116.853 ops/s
# Warmup Iteration   5: 116.834 ops/s
Iteration   1: 116.857 ops/s
Iteration   2: 116.849 ops/s
Iteration   3: 116.842 ops/s
Iteration   4: 116.856 ops/s
Iteration   5: 116.844 ops/s

# Run progress: 2.00% complete, ETA 01:21:56
# Fork: 2 of 5
# Warmup Iteration   1: 116.694 ops/s
# Warmup Iteration   2: 116.916 ops/s
# Warmup Iteration   3: 116.920 ops/s
# Warmup Iteration   4: 116.901 ops/s
# Warmup Iteration   5: 116.896 ops/s
Iteration   1: 116.900 ops/s
Iteration   2: 116.908 ops/s
Iteration   3: 116.912 ops/s
Iteration   4: 116.912 ops/s
Iteration   5: 116.905 ops/s

# Run progress: 4.00% complete, ETA 01:20:14
# Fork: 3 of 5
# Warmup Iteration   1: 116.706 ops/s
# Warmup Iteration   2: 116.893 ops/s
# Warmup Iteration   3: 116.894 ops/s
# Warmup Iteration   4: 116.886 ops/s
# Warmup Iteration   5: 116.880 ops/s
Iteration   1: 116.877 ops/s
Iteration   2: 116.879 ops/s
Iteration   3: 116.877 ops/s
Iteration   4: 116.884 ops/s
Iteration   5: 116.860 ops/s

# Run progress: 6.00% complete, ETA 01:18:33
# Fork: 4 of 5
# Warmup Iteration   1: 116.691 ops/s
# Warmup Iteration   2: 116.837 ops/s
# Warmup Iteration   3: 116.838 ops/s
# Warmup Iteration   4: 116.842 ops/s
# Warmup Iteration   5: 116.838 ops/s
Iteration   1: 116.839 ops/s
Iteration   2: 116.852 ops/s
Iteration   3: 116.863 ops/s
Iteration   4: 116.866 ops/s
Iteration   5: 116.839 ops/s

# Run progress: 8.00% complete, ETA 01:16:52
# Fork: 5 of 5
# Warmup Iteration   1: 116.854 ops/s
# Warmup Iteration   2: 117.054 ops/s
# Warmup Iteration   3: 117.056 ops/s
# Warmup Iteration   4: 117.050 ops/s
# Warmup Iteration   5: 116.995 ops/s
Iteration   1: 117.057 ops/s
Iteration   2: 117.064 ops/s
Iteration   3: 117.070 ops/s
Iteration   4: 117.059 ops/s
Iteration   5: 117.053 ops/s


Result "com.sun.glass.ui.monocle.Benchmarks.copyTo08New":
  116.909 ±(99.9%) 0.060 ops/s [Average]
  (min, avg, max) = (116.839, 116.909, 117.070), stdev = 0.081
  CI (99.9%): [116.849, 116.969] (assumes normal distribution)


# JMH version: 1.23
# VM version: JDK 13.0.2, OpenJDK 64-Bit Server VM, 13.0.2+8
# VM invoker: /home/ubuntu/opt/jdk-13.0.2+8/bin/java
# VM options: <none>
# Warmup: 5 iterations, 10 s each
# Measurement: 5 iterations, 10 s each
# Timeout: 10 min per iteration
# Threads: 1 thread, will synchronize iterations
# Benchmark mode: Throughput, ops/time
# Benchmark: com.sun.glass.ui.monocle.Benchmarks.copyTo16New
# Parameters: (type = large)

# Run progress: 10.00% complete, ETA 01:15:12
# Fork: 1 of 5
# Warmup Iteration   1: 132.836 ops/s
# Warmup Iteration   2: 133.066 ops/s
# Warmup Iteration   3: 133.094 ops/s
# Warmup Iteration   4: 133.068 ops/s
# Warmup Iteration   5: 133.099 ops/s
Iteration   1: 133.087 ops/s
Iteration   2: 133.065 ops/s
Iteration   3: 132.966 ops/s
Iteration   4: 133.080 ops/s
Iteration   5: 133.068 ops/s

# Run progress: 12.00% complete, ETA 01:13:31
# Fork: 2 of 5
# Warmup Iteration   1: 132.769 ops/s
# Warmup Iteration   2: 132.979 ops/s
# Warmup Iteration   3: 132.989 ops/s
# Warmup Iteration   4: 132.967 ops/s
# Warmup Iteration   5: 133.102 ops/s
Iteration   1: 133.123 ops/s
Iteration   2: 133.101 ops/s
Iteration   3: 133.097 ops/s
Iteration   4: 133.082 ops/s
Iteration   5: 133.110 ops/s

# Run progress: 14.00% complete, ETA 01:11:51
# Fork: 3 of 5
# Warmup Iteration   1: 132.786 ops/s
# Warmup Iteration   2: 132.993 ops/s
# Warmup Iteration   3: 132.997 ops/s
# Warmup Iteration   4: 132.953 ops/s
# Warmup Iteration   5: 133.114 ops/s
Iteration   1: 133.118 ops/s
Iteration   2: 133.107 ops/s
Iteration   3: 133.124 ops/s
Iteration   4: 133.106 ops/s
Iteration   5: 133.074 ops/s

# Run progress: 16.00% complete, ETA 01:10:11
# Fork: 4 of 5
# Warmup Iteration   1: 132.716 ops/s
# Warmup Iteration   2: 132.890 ops/s
# Warmup Iteration   3: 132.927 ops/s
# Warmup Iteration   4: 132.916 ops/s
# Warmup Iteration   5: 133.049 ops/s
Iteration   1: 133.047 ops/s
Iteration   2: 133.051 ops/s
Iteration   3: 133.058 ops/s
Iteration   4: 132.956 ops/s
Iteration   5: 133.026 ops/s

# Run progress: 18.00% complete, ETA 01:08:30
# Fork: 5 of 5
# Warmup Iteration   1: 132.781 ops/s
# Warmup Iteration   2: 132.953 ops/s
# Warmup Iteration   3: 132.935 ops/s
# Warmup Iteration   4: 132.987 ops/s
# Warmup Iteration   5: 133.113 ops/s
Iteration   1: 133.082 ops/s
Iteration   2: 133.083 ops/s
Iteration   3: 133.103 ops/s
Iteration   4: 133.105 ops/s
Iteration   5: 132.972 ops/s


Result "com.sun.glass.ui.monocle.Benchmarks.copyTo16New":
  133.072 ±(99.9%) 0.035 ops/s [Average]
  (min, avg, max) = (132.956, 133.072, 133.124), stdev = 0.047
  CI (99.9%): [133.036, 133.107] (assumes normal distribution)


# JMH version: 1.23
# VM version: JDK 13.0.2, OpenJDK 64-Bit Server VM, 13.0.2+8
# VM invoker: /home/ubuntu/opt/jdk-13.0.2+8/bin/java
# VM options: <none>
# Warmup: 5 iterations, 10 s each
# Measurement: 5 iterations, 10 s each
# Timeout: 10 min per iteration
# Threads: 1 thread, will synchronize iterations
# Benchmark mode: Throughput, ops/time
# Benchmark: com.sun.glass.ui.monocle.Benchmarks.copyTo16Old
# Parameters: (type = large)

# Run progress: 20.00% complete, ETA 01:06:50
# Fork: 1 of 5
# Warmup Iteration   1: 125.061 ops/s
# Warmup Iteration   2: 125.267 ops/s
# Warmup Iteration   3: 125.272 ops/s
# Warmup Iteration   4: 125.265 ops/s
# Warmup Iteration   5: 125.369 ops/s
Iteration   1: 125.471 ops/s
Iteration   2: 125.463 ops/s
Iteration   3: 125.450 ops/s
Iteration   4: 125.492 ops/s
Iteration   5: 125.456 ops/s

# Run progress: 22.00% complete, ETA 01:05:10
# Fork: 2 of 5
# Warmup Iteration   1: 125.032 ops/s
# Warmup Iteration   2: 125.198 ops/s
# Warmup Iteration   3: 125.207 ops/s
# Warmup Iteration   4: 125.215 ops/s
# Warmup Iteration   5: 125.362 ops/s
Iteration   1: 125.403 ops/s
Iteration   2: 125.399 ops/s
Iteration   3: 125.414 ops/s
Iteration   4: 125.419 ops/s
Iteration   5: 125.388 ops/s

# Run progress: 24.00% complete, ETA 01:03:30
# Fork: 3 of 5
# Warmup Iteration   1: 125.032 ops/s
# Warmup Iteration   2: 125.228 ops/s
# Warmup Iteration   3: 125.240 ops/s
# Warmup Iteration   4: 125.232 ops/s
# Warmup Iteration   5: 125.358 ops/s
Iteration   1: 125.435 ops/s
Iteration   2: 125.425 ops/s
Iteration   3: 125.409 ops/s
Iteration   4: 125.416 ops/s
Iteration   5: 125.392 ops/s

# Run progress: 26.00% complete, ETA 01:01:49
# Fork: 4 of 5
# Warmup Iteration   1: 125.065 ops/s
# Warmup Iteration   2: 125.172 ops/s
# Warmup Iteration   3: 125.237 ops/s
# Warmup Iteration   4: 125.199 ops/s
# Warmup Iteration   5: 125.368 ops/s
Iteration   1: 125.424 ops/s
Iteration   2: 125.412 ops/s
Iteration   3: 125.411 ops/s
Iteration   4: 125.471 ops/s
Iteration   5: 125.366 ops/s

# Run progress: 28.00% complete, ETA 01:00:09
# Fork: 5 of 5
# Warmup Iteration   1: 125.069 ops/s
# Warmup Iteration   2: 125.258 ops/s
# Warmup Iteration   3: 125.256 ops/s
# Warmup Iteration   4: 125.238 ops/s
# Warmup Iteration   5: 125.380 ops/s
Iteration   1: 125.446 ops/s
Iteration   2: 125.464 ops/s
Iteration   3: 125.447 ops/s
Iteration   4: 125.473 ops/s
Iteration   5: 125.446 ops/s


Result "com.sun.glass.ui.monocle.Benchmarks.copyTo16Old":
  125.432 ±(99.9%) 0.024 ops/s [Average]
  (min, avg, max) = (125.366, 125.432, 125.492), stdev = 0.032
  CI (99.9%): [125.408, 125.455] (assumes normal distribution)


# JMH version: 1.23
# VM version: JDK 13.0.2, OpenJDK 64-Bit Server VM, 13.0.2+8
# VM invoker: /home/ubuntu/opt/jdk-13.0.2+8/bin/java
# VM options: <none>
# Warmup: 5 iterations, 10 s each
# Measurement: 5 iterations, 10 s each
# Timeout: 10 min per iteration
# Threads: 1 thread, will synchronize iterations
# Benchmark mode: Throughput, ops/time
# Benchmark: com.sun.glass.ui.monocle.Benchmarks.copyTo32New
# Parameters: (type = large)

# Run progress: 30.00% complete, ETA 00:58:29
# Fork: 1 of 5
# Warmup Iteration   1: 1931.819 ops/s
# Warmup Iteration   2: 1931.249 ops/s
# Warmup Iteration   3: 1931.310 ops/s
# Warmup Iteration   4: 1941.739 ops/s
# Warmup Iteration   5: 1943.755 ops/s
Iteration   1: 1943.494 ops/s
Iteration   2: 1944.197 ops/s
Iteration   3: 1943.173 ops/s
Iteration   4: 1925.151 ops/s
Iteration   5: 1925.247 ops/s

# Run progress: 32.00% complete, ETA 00:56:48
# Fork: 2 of 5
# Warmup Iteration   1: 1908.405 ops/s
# Warmup Iteration   2: 1909.895 ops/s
# Warmup Iteration   3: 1909.873 ops/s
# Warmup Iteration   4: 1910.652 ops/s
# Warmup Iteration   5: 1912.961 ops/s
Iteration   1: 1930.279 ops/s
Iteration   2: 1933.671 ops/s
Iteration   3: 1928.816 ops/s
Iteration   4: 1934.987 ops/s
Iteration   5: 1937.557 ops/s

# Run progress: 34.00% complete, ETA 00:55:08
# Fork: 3 of 5
# Warmup Iteration   1: 1905.460 ops/s
# Warmup Iteration   2: 1922.766 ops/s
# Warmup Iteration   3: 1923.258 ops/s
# Warmup Iteration   4: 1923.056 ops/s
# Warmup Iteration   5: 1907.066 ops/s
Iteration   1: 1906.100 ops/s
Iteration   2: 1908.296 ops/s
Iteration   3: 1908.361 ops/s
Iteration   4: 1928.953 ops/s
Iteration   5: 1928.675 ops/s

# Run progress: 36.00% complete, ETA 00:53:28
# Fork: 4 of 5
# Warmup Iteration   1: 1935.163 ops/s
# Warmup Iteration   2: 1920.700 ops/s
# Warmup Iteration   3: 1921.215 ops/s
# Warmup Iteration   4: 1931.126 ops/s
# Warmup Iteration   5: 1935.678 ops/s
Iteration   1: 1936.354 ops/s
Iteration   2: 1925.977 ops/s
Iteration   3: 1925.554 ops/s
Iteration   4: 1944.305 ops/s
Iteration   5: 1921.385 ops/s

# Run progress: 38.00% complete, ETA 00:51:47
# Fork: 5 of 5
# Warmup Iteration   1: 1938.612 ops/s
# Warmup Iteration   2: 1955.668 ops/s
# Warmup Iteration   3: 1955.429 ops/s
# Warmup Iteration   4: 1946.703 ops/s
# Warmup Iteration   5: 1950.029 ops/s
Iteration   1: 1950.992 ops/s
Iteration   2: 1952.095 ops/s
Iteration   3: 1952.141 ops/s
Iteration   4: 1951.951 ops/s
Iteration   5: 1951.166 ops/s


Result "com.sun.glass.ui.monocle.Benchmarks.copyTo32New":
  1933.555 ±(99.9%) 10.372 ops/s [Average]
  (min, avg, max) = (1906.100, 1933.555, 1952.141), stdev = 13.847
  CI (99.9%): [1923.183, 1943.927] (assumes normal distribution)


# JMH version: 1.23
# VM version: JDK 13.0.2, OpenJDK 64-Bit Server VM, 13.0.2+8
# VM invoker: /home/ubuntu/opt/jdk-13.0.2+8/bin/java
# VM options: <none>
# Warmup: 5 iterations, 10 s each
# Measurement: 5 iterations, 10 s each
# Timeout: 10 min per iteration
# Threads: 1 thread, will synchronize iterations
# Benchmark mode: Throughput, ops/time
# Benchmark: com.sun.glass.ui.monocle.Benchmarks.copyTo32Old
# Parameters: (type = large)

# Run progress: 40.00% complete, ETA 00:50:07
# Fork: 1 of 5
# Warmup Iteration   1: 1935.458 ops/s
# Warmup Iteration   2: 1941.318 ops/s
# Warmup Iteration   3: 1941.712 ops/s
# Warmup Iteration   4: 1942.595 ops/s
# Warmup Iteration   5: 1925.512 ops/s
Iteration   1: 1925.710 ops/s
Iteration   2: 1927.165 ops/s
Iteration   3: 1948.585 ops/s
Iteration   4: 1949.511 ops/s
Iteration   5: 1945.883 ops/s

# Run progress: 42.00% complete, ETA 00:48:27
# Fork: 2 of 5
# Warmup Iteration   1: 1911.588 ops/s
# Warmup Iteration   2: 1898.744 ops/s
# Warmup Iteration   3: 1899.874 ops/s
# Warmup Iteration   4: 1908.327 ops/s
# Warmup Iteration   5: 1909.419 ops/s
Iteration   1: 1906.946 ops/s
Iteration   2: 1894.509 ops/s
Iteration   3: 1891.769 ops/s
Iteration   4: 1912.492 ops/s
Iteration   5: 1906.028 ops/s

# Run progress: 44.00% complete, ETA 00:46:46
# Fork: 3 of 5
# Warmup Iteration   1: 1936.519 ops/s
# Warmup Iteration   2: 1952.480 ops/s
# Warmup Iteration   3: 1933.803 ops/s
# Warmup Iteration   4: 1938.029 ops/s
# Warmup Iteration   5: 1935.904 ops/s
Iteration   1: 1953.947 ops/s
Iteration   2: 1954.141 ops/s
Iteration   3: 1954.849 ops/s
Iteration   4: 1954.909 ops/s
Iteration   5: 1953.940 ops/s

# Run progress: 46.00% complete, ETA 00:45:06
# Fork: 4 of 5
# Warmup Iteration   1: 1902.450 ops/s
# Warmup Iteration   2: 1909.037 ops/s
# Warmup Iteration   3: 1919.674 ops/s
# Warmup Iteration   4: 1920.261 ops/s
# Warmup Iteration   5: 1911.290 ops/s
Iteration   1: 1911.328 ops/s
Iteration   2: 1913.098 ops/s
Iteration   3: 1912.992 ops/s
Iteration   4: 1901.518 ops/s
Iteration   5: 1901.426 ops/s

# Run progress: 48.00% complete, ETA 00:43:26
# Fork: 5 of 5
# Warmup Iteration   1: 1933.785 ops/s
# Warmup Iteration   2: 1952.051 ops/s
# Warmup Iteration   3: 1952.414 ops/s
# Warmup Iteration   4: 1951.412 ops/s
# Warmup Iteration   5: 1952.270 ops/s
Iteration   1: 1946.321 ops/s
Iteration   2: 1947.337 ops/s
Iteration   3: 1947.027 ops/s
Iteration   4: 1958.042 ops/s
Iteration   5: 1957.542 ops/s


Result "com.sun.glass.ui.monocle.Benchmarks.copyTo32Old":
  1931.081 ±(99.9%) 17.454 ops/s [Average]
  (min, avg, max) = (1891.769, 1931.081, 1958.042), stdev = 23.300
  CI (99.9%): [1913.627, 1948.535] (assumes normal distribution)


# JMH version: 1.23
# VM version: JDK 13.0.2, OpenJDK 64-Bit Server VM, 13.0.2+8
# VM invoker: /home/ubuntu/opt/jdk-13.0.2+8/bin/java
# VM options: <none>
# Warmup: 5 iterations, 10 s each
# Measurement: 5 iterations, 10 s each
# Timeout: 10 min per iteration
# Threads: 1 thread, will synchronize iterations
# Benchmark mode: Throughput, ops/time
# Benchmark: com.sun.glass.ui.monocle.Benchmarks.writeTo08New
# Parameters: (type = large)

# Run progress: 50.00% complete, ETA 00:41:46
# Fork: 1 of 5
# Warmup Iteration   1: 117.567 ops/s
# Warmup Iteration   2: 118.062 ops/s
# Warmup Iteration   3: 118.042 ops/s
# Warmup Iteration   4: 118.028 ops/s
# Warmup Iteration   5: 118.034 ops/s
Iteration   1: 118.056 ops/s
Iteration   2: 118.021 ops/s
Iteration   3: 118.027 ops/s
Iteration   4: 118.063 ops/s
Iteration   5: 118.033 ops/s

# Run progress: 52.00% complete, ETA 00:40:05
# Fork: 2 of 5
# Warmup Iteration   1: 117.584 ops/s
# Warmup Iteration   2: 118.039 ops/s
# Warmup Iteration   3: 118.050 ops/s
# Warmup Iteration   4: 118.049 ops/s
# Warmup Iteration   5: 118.014 ops/s
Iteration   1: 118.028 ops/s
Iteration   2: 118.034 ops/s
Iteration   3: 117.945 ops/s
Iteration   4: 116.338 ops/s
Iteration   5: 118.065 ops/s

# Run progress: 54.00% complete, ETA 00:38:25
# Fork: 3 of 5
# Warmup Iteration   1: 116.299 ops/s
# Warmup Iteration   2: 116.797 ops/s
# Warmup Iteration   3: 116.801 ops/s
# Warmup Iteration   4: 116.791 ops/s
# Warmup Iteration   5: 116.740 ops/s
Iteration   1: 116.778 ops/s
Iteration   2: 116.752 ops/s
Iteration   3: 116.744 ops/s
Iteration   4: 116.717 ops/s
Iteration   5: 116.771 ops/s

# Run progress: 56.00% complete, ETA 00:36:45
# Fork: 4 of 5
# Warmup Iteration   1: 117.486 ops/s
# Warmup Iteration   2: 118.013 ops/s
# Warmup Iteration   3: 117.996 ops/s
# Warmup Iteration   4: 117.092 ops/s
# Warmup Iteration   5: 117.987 ops/s
Iteration   1: 118.014 ops/s
Iteration   2: 118.027 ops/s
Iteration   3: 117.951 ops/s
Iteration   4: 117.951 ops/s
Iteration   5: 118.007 ops/s

# Run progress: 58.00% complete, ETA 00:35:05
# Fork: 5 of 5
# Warmup Iteration   1: 117.442 ops/s
# Warmup Iteration   2: 117.893 ops/s
# Warmup Iteration   3: 117.887 ops/s
# Warmup Iteration   4: 117.920 ops/s
# Warmup Iteration   5: 117.917 ops/s
Iteration   1: 117.942 ops/s
Iteration   2: 117.961 ops/s
Iteration   3: 117.948 ops/s
Iteration   4: 117.941 ops/s
Iteration   5: 117.942 ops/s


Result "com.sun.glass.ui.monocle.Benchmarks.writeTo08New":
  117.682 ±(99.9%) 0.434 ops/s [Average]
  (min, avg, max) = (116.338, 117.682, 118.065), stdev = 0.580
  CI (99.9%): [117.248, 118.116] (assumes normal distribution)


# JMH version: 1.23
# VM version: JDK 13.0.2, OpenJDK 64-Bit Server VM, 13.0.2+8
# VM invoker: /home/ubuntu/opt/jdk-13.0.2+8/bin/java
# VM options: <none>
# Warmup: 5 iterations, 10 s each
# Measurement: 5 iterations, 10 s each
# Timeout: 10 min per iteration
# Threads: 1 thread, will synchronize iterations
# Benchmark mode: Throughput, ops/time
# Benchmark: com.sun.glass.ui.monocle.Benchmarks.writeTo16New
# Parameters: (type = large)

# Run progress: 60.00% complete, ETA 00:33:24
# Fork: 1 of 5
# Warmup Iteration   1: 124.951 ops/s
# Warmup Iteration   2: 125.500 ops/s
# Warmup Iteration   3: 125.508 ops/s
# Warmup Iteration   4: 125.504 ops/s
# Warmup Iteration   5: 125.507 ops/s
Iteration   1: 125.539 ops/s
Iteration   2: 125.427 ops/s
Iteration   3: 125.465 ops/s
Iteration   4: 125.512 ops/s
Iteration   5: 125.498 ops/s

# Run progress: 62.00% complete, ETA 00:31:44
# Fork: 2 of 5
# Warmup Iteration   1: 130.347 ops/s
# Warmup Iteration   2: 130.658 ops/s
# Warmup Iteration   3: 130.609 ops/s
# Warmup Iteration   4: 130.668 ops/s
# Warmup Iteration   5: 130.630 ops/s
Iteration   1: 130.659 ops/s
Iteration   2: 130.666 ops/s
Iteration   3: 130.660 ops/s
Iteration   4: 130.662 ops/s
Iteration   5: 130.664 ops/s

# Run progress: 64.00% complete, ETA 00:30:04
# Fork: 3 of 5
# Warmup Iteration   1: 130.350 ops/s
# Warmup Iteration   2: 130.662 ops/s
# Warmup Iteration   3: 130.676 ops/s
# Warmup Iteration   4: 130.674 ops/s
# Warmup Iteration   5: 130.657 ops/s
Iteration   1: 130.684 ops/s
Iteration   2: 130.722 ops/s
Iteration   3: 130.663 ops/s
Iteration   4: 130.686 ops/s
Iteration   5: 130.659 ops/s

# Run progress: 66.00% complete, ETA 00:28:24
# Fork: 4 of 5
# Warmup Iteration   1: 124.965 ops/s
# Warmup Iteration   2: 125.488 ops/s
# Warmup Iteration   3: 125.525 ops/s
# Warmup Iteration   4: 125.427 ops/s
# Warmup Iteration   5: 125.511 ops/s
Iteration   1: 125.507 ops/s
Iteration   2: 125.484 ops/s
Iteration   3: 125.497 ops/s
Iteration   4: 125.528 ops/s
Iteration   5: 125.509 ops/s

# Run progress: 68.00% complete, ETA 00:26:43
# Fork: 5 of 5
# Warmup Iteration   1: 130.349 ops/s
# Warmup Iteration   2: 130.669 ops/s
# Warmup Iteration   3: 130.597 ops/s
# Warmup Iteration   4: 130.662 ops/s
# Warmup Iteration   5: 130.611 ops/s
Iteration   1: 130.660 ops/s
Iteration   2: 130.677 ops/s
Iteration   3: 130.682 ops/s
Iteration   4: 130.648 ops/s
Iteration   5: 130.645 ops/s


Result "com.sun.glass.ui.monocle.Benchmarks.writeTo16New":
  128.600 ±(99.9%) 1.937 ops/s [Average]
  (min, avg, max) = (125.427, 128.600, 130.722), stdev = 2.586
  CI (99.9%): [126.663, 130.537] (assumes normal distribution)


# JMH version: 1.23
# VM version: JDK 13.0.2, OpenJDK 64-Bit Server VM, 13.0.2+8
# VM invoker: /home/ubuntu/opt/jdk-13.0.2+8/bin/java
# VM options: <none>
# Warmup: 5 iterations, 10 s each
# Measurement: 5 iterations, 10 s each
# Timeout: 10 min per iteration
# Threads: 1 thread, will synchronize iterations
# Benchmark mode: Throughput, ops/time
# Benchmark: com.sun.glass.ui.monocle.Benchmarks.writeTo16Old
# Parameters: (type = large)

# Run progress: 70.00% complete, ETA 00:25:03
# Fork: 1 of 5
# Warmup Iteration   1: 123.726 ops/s
# Warmup Iteration   2: 124.058 ops/s
# Warmup Iteration   3: 124.060 ops/s
# Warmup Iteration   4: 124.050 ops/s
# Warmup Iteration   5: 124.671 ops/s
Iteration   1: 125.022 ops/s
Iteration   2: 125.019 ops/s
Iteration   3: 125.018 ops/s
Iteration   4: 125.013 ops/s
Iteration   5: 124.984 ops/s

# Run progress: 72.00% complete, ETA 00:23:23
# Fork: 2 of 5
# Warmup Iteration   1: 123.116 ops/s
# Warmup Iteration   2: 123.434 ops/s
# Warmup Iteration   3: 123.299 ops/s
# Warmup Iteration   4: 123.481 ops/s
# Warmup Iteration   5: 124.123 ops/s
Iteration   1: 124.546 ops/s
Iteration   2: 124.560 ops/s
Iteration   3: 124.577 ops/s
Iteration   4: 124.542 ops/s
Iteration   5: 124.530 ops/s

# Run progress: 74.00% complete, ETA 00:21:43
# Fork: 3 of 5
# Warmup Iteration   1: 123.550 ops/s
# Warmup Iteration   2: 123.752 ops/s
# Warmup Iteration   3: 123.800 ops/s
# Warmup Iteration   4: 123.825 ops/s
# Warmup Iteration   5: 124.385 ops/s
Iteration   1: 124.790 ops/s
Iteration   2: 124.779 ops/s
Iteration   3: 124.770 ops/s
Iteration   4: 124.765 ops/s
Iteration   5: 124.744 ops/s

# Run progress: 76.00% complete, ETA 00:20:02
# Fork: 4 of 5
# Warmup Iteration   1: 123.504 ops/s
# Warmup Iteration   2: 123.806 ops/s
# Warmup Iteration   3: 123.916 ops/s
# Warmup Iteration   4: 123.904 ops/s
# Warmup Iteration   5: 124.483 ops/s
Iteration   1: 124.811 ops/s
Iteration   2: 124.803 ops/s
Iteration   3: 124.795 ops/s
Iteration   4: 124.750 ops/s
Iteration   5: 124.767 ops/s

# Run progress: 78.00% complete, ETA 00:18:22
# Fork: 5 of 5
# Warmup Iteration   1: 122.945 ops/s
# Warmup Iteration   2: 123.420 ops/s
# Warmup Iteration   3: 123.300 ops/s
# Warmup Iteration   4: 123.328 ops/s
# Warmup Iteration   5: 124.329 ops/s
Iteration   1: 124.795 ops/s
Iteration   2: 124.787 ops/s
Iteration   3: 124.802 ops/s
Iteration   4: 124.750 ops/s
Iteration   5: 124.762 ops/s


Result "com.sun.glass.ui.monocle.Benchmarks.writeTo16Old":
  124.779 ±(99.9%) 0.112 ops/s [Average]
  (min, avg, max) = (124.530, 124.779, 125.022), stdev = 0.150
  CI (99.9%): [124.667, 124.891] (assumes normal distribution)


# JMH version: 1.23
# VM version: JDK 13.0.2, OpenJDK 64-Bit Server VM, 13.0.2+8
# VM invoker: /home/ubuntu/opt/jdk-13.0.2+8/bin/java
# VM options: <none>
# Warmup: 5 iterations, 10 s each
# Measurement: 5 iterations, 10 s each
# Timeout: 10 min per iteration
# Threads: 1 thread, will synchronize iterations
# Benchmark mode: Throughput, ops/time
# Benchmark: com.sun.glass.ui.monocle.Benchmarks.writeTo32New
# Parameters: (type = large)

# Run progress: 80.00% complete, ETA 00:16:42
# Fork: 1 of 5
# Warmup Iteration   1: 1675.130 ops/s
# Warmup Iteration   2: 1681.111 ops/s
# Warmup Iteration   3: 1674.913 ops/s
# Warmup Iteration   4: 1675.831 ops/s
# Warmup Iteration   5: 1680.258 ops/s
Iteration   1: 1689.102 ops/s
Iteration   2: 1688.029 ops/s
Iteration   3: 1565.682 ops/s
Iteration   4: 1576.242 ops/s
Iteration   5: 1579.447 ops/s

# Run progress: 82.00% complete, ETA 00:15:02
# Fork: 2 of 5
# Warmup Iteration   1: 1659.415 ops/s
# Warmup Iteration   2: 1666.532 ops/s
# Warmup Iteration   3: 1665.454 ops/s
# Warmup Iteration   4: 1663.345 ops/s
# Warmup Iteration   5: 1666.161 ops/s
Iteration   1: 1655.758 ops/s
Iteration   2: 1670.129 ops/s
Iteration   3: 1595.746 ops/s
Iteration   4: 1597.561 ops/s
Iteration   5: 1601.884 ops/s

# Run progress: 84.00% complete, ETA 00:13:21
# Fork: 3 of 5
# Warmup Iteration   1: 1648.514 ops/s
# Warmup Iteration   2: 1667.917 ops/s
# Warmup Iteration   3: 1668.967 ops/s
# Warmup Iteration   4: 1670.575 ops/s
# Warmup Iteration   5: 1669.138 ops/s
Iteration   1: 1670.430 ops/s
Iteration   2: 1667.699 ops/s
Iteration   3: 1673.261 ops/s
Iteration   4: 1673.177 ops/s
Iteration   5: 1688.069 ops/s

# Run progress: 86.00% complete, ETA 00:11:41
# Fork: 4 of 5
# Warmup Iteration   1: 1627.955 ops/s
# Warmup Iteration   2: 1648.179 ops/s
# Warmup Iteration   3: 1648.141 ops/s
# Warmup Iteration   4: 1648.866 ops/s
# Warmup Iteration   5: 1636.305 ops/s
Iteration   1: 1634.177 ops/s
Iteration   2: 1633.991 ops/s
Iteration   3: 1555.988 ops/s
Iteration   4: 1566.840 ops/s
Iteration   5: 1567.951 ops/s

# Run progress: 88.00% complete, ETA 00:10:01
# Fork: 5 of 5
# Warmup Iteration   1: 1637.451 ops/s
# Warmup Iteration   2: 1650.059 ops/s
# Warmup Iteration   3: 1646.044 ops/s
# Warmup Iteration   4: 1634.187 ops/s
# Warmup Iteration   5: 1639.260 ops/s
Iteration   1: 1638.253 ops/s
Iteration   2: 1638.838 ops/s
Iteration   3: 1564.724 ops/s
Iteration   4: 1574.614 ops/s
Iteration   5: 1575.320 ops/s


Result "com.sun.glass.ui.monocle.Benchmarks.writeTo32New":
  1621.717 ±(99.9%) 35.531 ops/s [Average]
  (min, avg, max) = (1555.988, 1621.717, 1689.102), stdev = 47.432
  CI (99.9%): [1586.186, 1657.247] (assumes normal distribution)


# JMH version: 1.23
# VM version: JDK 13.0.2, OpenJDK 64-Bit Server VM, 13.0.2+8
# VM invoker: /home/ubuntu/opt/jdk-13.0.2+8/bin/java
# VM options: <none>
# Warmup: 5 iterations, 10 s each
# Measurement: 5 iterations, 10 s each
# Timeout: 10 min per iteration
# Threads: 1 thread, will synchronize iterations
# Benchmark mode: Throughput, ops/time
# Benchmark: com.sun.glass.ui.monocle.Benchmarks.writeTo32Old
# Parameters: (type = large)

# Run progress: 90.00% complete, ETA 00:08:21
# Fork: 1 of 5
# Warmup Iteration   1: 1660.848 ops/s
# Warmup Iteration   2: 1652.049 ops/s
# Warmup Iteration   3: 1666.184 ops/s
# Warmup Iteration   4: 1668.220 ops/s
# Warmup Iteration   5: 1673.922 ops/s
Iteration   1: 1669.655 ops/s
Iteration   2: 1604.944 ops/s
Iteration   3: 1675.804 ops/s
Iteration   4: 1671.966 ops/s
Iteration   5: 1672.949 ops/s

# Run progress: 92.00% complete, ETA 00:06:40
# Fork: 2 of 5
# Warmup Iteration   1: 1662.965 ops/s
# Warmup Iteration   2: 1669.052 ops/s
# Warmup Iteration   3: 1667.501 ops/s
# Warmup Iteration   4: 1670.026 ops/s
# Warmup Iteration   5: 1670.884 ops/s
Iteration   1: 1671.045 ops/s
Iteration   2: 1672.579 ops/s
Iteration   3: 1673.803 ops/s
Iteration   4: 1670.523 ops/s
Iteration   5: 1671.964 ops/s

# Run progress: 94.00% complete, ETA 00:05:00
# Fork: 3 of 5
# Warmup Iteration   1: 1649.993 ops/s
# Warmup Iteration   2: 1675.311 ops/s
# Warmup Iteration   3: 1641.396 ops/s
# Warmup Iteration   4: 1651.195 ops/s
# Warmup Iteration   5: 1652.266 ops/s
Iteration   1: 1651.405 ops/s
Iteration   2: 1587.045 ops/s
Iteration   3: 1658.868 ops/s
Iteration   4: 1652.157 ops/s
Iteration   5: 1649.302 ops/s

# Run progress: 96.00% complete, ETA 00:03:20
# Fork: 4 of 5
# Warmup Iteration   1: 1679.806 ops/s
# Warmup Iteration   2: 1688.578 ops/s
# Warmup Iteration   3: 1689.452 ops/s
# Warmup Iteration   4: 1688.638 ops/s
# Warmup Iteration   5: 1692.044 ops/s
Iteration   1: 1693.276 ops/s
Iteration   2: 1591.060 ops/s
Iteration   3: 1678.630 ops/s
Iteration   4: 1690.559 ops/s
Iteration   5: 1690.141 ops/s

# Run progress: 98.00% complete, ETA 00:01:40
# Fork: 5 of 5
# Warmup Iteration   1: 1683.480 ops/s
# Warmup Iteration   2: 1684.409 ops/s
# Warmup Iteration   3: 1681.444 ops/s
# Warmup Iteration   4: 1684.074 ops/s
# Warmup Iteration   5: 1688.299 ops/s
Iteration   1: 1689.039 ops/s
Iteration   2: 1605.663 ops/s
Iteration   3: 1689.577 ops/s
Iteration   4: 1691.611 ops/s
Iteration   5: 1694.108 ops/s


Result "com.sun.glass.ui.monocle.Benchmarks.writeTo32Old":
  1662.707 ±(99.9%) 24.022 ops/s [Average]
  (min, avg, max) = (1587.045, 1662.707, 1694.108), stdev = 32.069
  CI (99.9%): [1638.684, 1686.729] (assumes normal distribution)


# Run complete. Total time: 01:23:32

REMEMBER: The numbers below are just data. To gain reusable insights, you need to follow up on
why the numbers are the way they are. Use profilers (see -prof, -lprof), design factorial
experiments, perform baseline and negative tests that provide experimental control, make sure
the benchmarking environment is safe on JVM/OS/HW level, ask for reviews from the domain experts.
Do not assume the numbers tell you what you want them to tell.

Benchmark                (type)   Mode  Cnt     Score    Error  Units
Benchmarks.copyTo08New    large  thrpt   25   116.909 ±  0.060  ops/s
Benchmarks.copyTo16New    large  thrpt   25   133.072 ±  0.035  ops/s
Benchmarks.copyTo16Old    large  thrpt   25   125.432 ±  0.024  ops/s
Benchmarks.copyTo32New    large  thrpt   25  1933.555 ± 10.372  ops/s
Benchmarks.copyTo32Old    large  thrpt   25  1931.081 ± 17.454  ops/s
Benchmarks.writeTo08New   large  thrpt   25   117.682 ±  0.434  ops/s
Benchmarks.writeTo16New   large  thrpt   25   128.600 ±  1.937  ops/s
Benchmarks.writeTo16Old   large  thrpt   25   124.779 ±  0.112  ops/s
Benchmarks.writeTo32New   large  thrpt   25  1621.717 ± 35.531  ops/s
Benchmarks.writeTo32Old   large  thrpt   25  1662.707 ± 24.022  ops/s
