# JMH version: 1.23
# VM version: JDK 14.0.1, OpenJDK 64-Bit Server VM, 14.0.1+7
# VM invoker: /home/ubuntu/opt/jdk-14.0.1+7/bin/java
# VM options: <none>
# Warmup: 5 iterations, 10 s each
# Measurement: 5 iterations, 10 s each
# Timeout: 10 min per iteration
# Threads: 1 thread, will synchronize iterations
# Benchmark mode: Throughput, ops/time
# Benchmark: com.sun.glass.ui.monocle.Benchmarks.copyTo08New
# Parameters: (type = large)

# Run progress: 0.00% complete, ETA 01:23:20
# Fork: 1 of 5
# Warmup Iteration   1: 148.760 ops/s
# Warmup Iteration   2: 149.130 ops/s
# Warmup Iteration   3: 149.149 ops/s
# Warmup Iteration   4: 149.170 ops/s
# Warmup Iteration   5: 149.127 ops/s
Iteration   1: 149.140 ops/s
Iteration   2: 149.154 ops/s
Iteration   3: 149.201 ops/s
Iteration   4: 149.168 ops/s
Iteration   5: 149.170 ops/s

# Run progress: 2.00% complete, ETA 01:21:54
# Fork: 2 of 5
# Warmup Iteration   1: 98.290 ops/s
# Warmup Iteration   2: 98.419 ops/s
# Warmup Iteration   3: 98.419 ops/s
# Warmup Iteration   4: 98.418 ops/s
# Warmup Iteration   5: 98.421 ops/s
Iteration   1: 98.367 ops/s
Iteration   2: 98.378 ops/s
Iteration   3: 98.367 ops/s
Iteration   4: 98.258 ops/s
Iteration   5: 98.420 ops/s

# Run progress: 4.00% complete, ETA 01:20:14
# Fork: 3 of 5
# Warmup Iteration   1: 148.731 ops/s
# Warmup Iteration   2: 149.119 ops/s
# Warmup Iteration   3: 148.815 ops/s
# Warmup Iteration   4: 149.108 ops/s
# Warmup Iteration   5: 149.094 ops/s
Iteration   1: 149.185 ops/s
Iteration   2: 149.149 ops/s
Iteration   3: 149.175 ops/s
Iteration   4: 149.174 ops/s
Iteration   5: 149.153 ops/s

# Run progress: 6.00% complete, ETA 01:18:33
# Fork: 4 of 5
# Warmup Iteration   1: 98.259 ops/s
# Warmup Iteration   2: 98.414 ops/s
# Warmup Iteration   3: 98.413 ops/s
# Warmup Iteration   4: 98.377 ops/s
# Warmup Iteration   5: 98.319 ops/s
Iteration   1: 98.402 ops/s
Iteration   2: 98.378 ops/s
Iteration   3: 98.371 ops/s
Iteration   4: 98.412 ops/s
Iteration   5: 98.413 ops/s

# Run progress: 8.00% complete, ETA 01:16:52
# Fork: 5 of 5
# Warmup Iteration   1: 98.101 ops/s
# Warmup Iteration   2: 98.097 ops/s
# Warmup Iteration   3: 98.063 ops/s
# Warmup Iteration   4: 98.074 ops/s
# Warmup Iteration   5: 98.061 ops/s
Iteration   1: 98.065 ops/s
Iteration   2: 98.121 ops/s
Iteration   3: 98.120 ops/s
Iteration   4: 98.122 ops/s
Iteration   5: 98.121 ops/s


Result "com.sun.glass.ui.monocle.Benchmarks.copyTo08New":
  118.639 ±(99.9%) 19.056 ops/s [Average]
  (min, avg, max) = (98.065, 118.639, 149.201), stdev = 25.440
  CI (99.9%): [99.583, 137.696] (assumes normal distribution)


# JMH version: 1.23
# VM version: JDK 14.0.1, OpenJDK 64-Bit Server VM, 14.0.1+7
# VM invoker: /home/ubuntu/opt/jdk-14.0.1+7/bin/java
# VM options: <none>
# Warmup: 5 iterations, 10 s each
# Measurement: 5 iterations, 10 s each
# Timeout: 10 min per iteration
# Threads: 1 thread, will synchronize iterations
# Benchmark mode: Throughput, ops/time
# Benchmark: com.sun.glass.ui.monocle.Benchmarks.copyTo16New
# Parameters: (type = large)

# Run progress: 10.00% complete, ETA 01:15:12
# Fork: 1 of 5
# Warmup Iteration   1: 207.510 ops/s
# Warmup Iteration   2: 208.142 ops/s
# Warmup Iteration   3: 208.237 ops/s
# Warmup Iteration   4: 208.220 ops/s
# Warmup Iteration   5: 208.220 ops/s
Iteration   1: 208.293 ops/s
Iteration   2: 208.261 ops/s
Iteration   3: 208.269 ops/s
Iteration   4: 208.274 ops/s
Iteration   5: 208.204 ops/s

# Run progress: 12.00% complete, ETA 01:13:32
# Fork: 2 of 5
# Warmup Iteration   1: 206.681 ops/s
# Warmup Iteration   2: 207.118 ops/s
# Warmup Iteration   3: 207.114 ops/s
# Warmup Iteration   4: 207.123 ops/s
# Warmup Iteration   5: 207.241 ops/s
Iteration   1: 207.172 ops/s
Iteration   2: 207.171 ops/s
Iteration   3: 206.924 ops/s
Iteration   4: 207.137 ops/s
Iteration   5: 207.222 ops/s

# Run progress: 14.00% complete, ETA 01:11:51
# Fork: 3 of 5
# Warmup Iteration   1: 211.502 ops/s
# Warmup Iteration   2: 211.960 ops/s
# Warmup Iteration   3: 211.932 ops/s
# Warmup Iteration   4: 211.962 ops/s
# Warmup Iteration   5: 211.964 ops/s
Iteration   1: 212.021 ops/s
Iteration   2: 211.981 ops/s
Iteration   3: 211.950 ops/s
Iteration   4: 211.985 ops/s
Iteration   5: 212.065 ops/s

# Run progress: 16.00% complete, ETA 01:10:11
# Fork: 4 of 5
# Warmup Iteration   1: 206.980 ops/s
# Warmup Iteration   2: 207.409 ops/s
# Warmup Iteration   3: 207.433 ops/s
# Warmup Iteration   4: 207.448 ops/s
# Warmup Iteration   5: 207.472 ops/s
Iteration   1: 207.468 ops/s
Iteration   2: 207.467 ops/s
Iteration   3: 207.534 ops/s
Iteration   4: 207.513 ops/s
Iteration   5: 207.442 ops/s

# Run progress: 18.00% complete, ETA 01:08:30
# Fork: 5 of 5
# Warmup Iteration   1: 211.720 ops/s
# Warmup Iteration   2: 212.299 ops/s
# Warmup Iteration   3: 212.267 ops/s
# Warmup Iteration   4: 212.286 ops/s
# Warmup Iteration   5: 212.252 ops/s
Iteration   1: 212.212 ops/s
Iteration   2: 212.276 ops/s
Iteration   3: 212.297 ops/s
Iteration   4: 212.303 ops/s
Iteration   5: 212.239 ops/s


Result "com.sun.glass.ui.monocle.Benchmarks.copyTo16New":
  209.427 ±(99.9%) 1.714 ops/s [Average]
  (min, avg, max) = (206.924, 209.427, 212.303), stdev = 2.288
  CI (99.9%): [207.713, 211.141] (assumes normal distribution)


# JMH version: 1.23
# VM version: JDK 14.0.1, OpenJDK 64-Bit Server VM, 14.0.1+7
# VM invoker: /home/ubuntu/opt/jdk-14.0.1+7/bin/java
# VM options: <none>
# Warmup: 5 iterations, 10 s each
# Measurement: 5 iterations, 10 s each
# Timeout: 10 min per iteration
# Threads: 1 thread, will synchronize iterations
# Benchmark mode: Throughput, ops/time
# Benchmark: com.sun.glass.ui.monocle.Benchmarks.copyTo16Old
# Parameters: (type = large)

# Run progress: 20.00% complete, ETA 01:06:50
# Fork: 1 of 5
# Warmup Iteration   1: 162.790 ops/s
# Warmup Iteration   2: 163.154 ops/s
# Warmup Iteration   3: 163.138 ops/s
# Warmup Iteration   4: 163.122 ops/s
# Warmup Iteration   5: 163.163 ops/s
Iteration   1: 163.167 ops/s
Iteration   2: 163.166 ops/s
Iteration   3: 163.187 ops/s
Iteration   4: 163.169 ops/s
Iteration   5: 163.156 ops/s

# Run progress: 22.00% complete, ETA 01:05:10
# Fork: 2 of 5
# Warmup Iteration   1: 162.786 ops/s
# Warmup Iteration   2: 163.121 ops/s
# Warmup Iteration   3: 163.121 ops/s
# Warmup Iteration   4: 163.078 ops/s
# Warmup Iteration   5: 163.094 ops/s
Iteration   1: 163.109 ops/s
Iteration   2: 163.149 ops/s
Iteration   3: 163.174 ops/s
Iteration   4: 163.162 ops/s
Iteration   5: 163.126 ops/s

# Run progress: 24.00% complete, ETA 01:03:29
# Fork: 3 of 5
# Warmup Iteration   1: 162.781 ops/s
# Warmup Iteration   2: 163.129 ops/s
# Warmup Iteration   3: 163.084 ops/s
# Warmup Iteration   4: 163.131 ops/s
# Warmup Iteration   5: 163.173 ops/s
Iteration   1: 163.150 ops/s
Iteration   2: 163.113 ops/s
Iteration   3: 163.140 ops/s
Iteration   4: 163.150 ops/s
Iteration   5: 163.146 ops/s

# Run progress: 26.00% complete, ETA 01:01:49
# Fork: 4 of 5
# Warmup Iteration   1: 162.794 ops/s
# Warmup Iteration   2: 163.150 ops/s
# Warmup Iteration   3: 163.163 ops/s
# Warmup Iteration   4: 163.116 ops/s
# Warmup Iteration   5: 163.160 ops/s
Iteration   1: 163.168 ops/s
Iteration   2: 163.155 ops/s
Iteration   3: 163.160 ops/s
Iteration   4: 163.168 ops/s
Iteration   5: 163.110 ops/s

# Run progress: 28.00% complete, ETA 01:00:09
# Fork: 5 of 5
# Warmup Iteration   1: 162.842 ops/s
# Warmup Iteration   2: 163.198 ops/s
# Warmup Iteration   3: 163.194 ops/s
# Warmup Iteration   4: 163.186 ops/s
# Warmup Iteration   5: 163.223 ops/s
Iteration   1: 163.224 ops/s
Iteration   2: 163.184 ops/s
Iteration   3: 163.235 ops/s
Iteration   4: 163.186 ops/s
Iteration   5: 163.169 ops/s


Result "com.sun.glass.ui.monocle.Benchmarks.copyTo16Old":
  163.161 ±(99.9%) 0.023 ops/s [Average]
  (min, avg, max) = (163.109, 163.161, 163.235), stdev = 0.030
  CI (99.9%): [163.138, 163.183] (assumes normal distribution)


# JMH version: 1.23
# VM version: JDK 14.0.1, OpenJDK 64-Bit Server VM, 14.0.1+7
# VM invoker: /home/ubuntu/opt/jdk-14.0.1+7/bin/java
# VM options: <none>
# Warmup: 5 iterations, 10 s each
# Measurement: 5 iterations, 10 s each
# Timeout: 10 min per iteration
# Threads: 1 thread, will synchronize iterations
# Benchmark mode: Throughput, ops/time
# Benchmark: com.sun.glass.ui.monocle.Benchmarks.copyTo32New
# Parameters: (type = large)

# Run progress: 30.00% complete, ETA 00:58:28
# Fork: 1 of 5
# Warmup Iteration   1: 1929.897 ops/s
# Warmup Iteration   2: 1932.658 ops/s
# Warmup Iteration   3: 1944.051 ops/s
# Warmup Iteration   4: 1947.873 ops/s
# Warmup Iteration   5: 1948.967 ops/s
Iteration   1: 1949.241 ops/s
Iteration   2: 1950.875 ops/s
Iteration   3: 1951.139 ops/s
Iteration   4: 1959.885 ops/s
Iteration   5: 1959.837 ops/s

# Run progress: 32.00% complete, ETA 00:56:48
# Fork: 2 of 5
# Warmup Iteration   1: 1947.008 ops/s
# Warmup Iteration   2: 1930.019 ops/s
# Warmup Iteration   3: 1953.055 ops/s
# Warmup Iteration   4: 1956.630 ops/s
# Warmup Iteration   5: 1959.053 ops/s
Iteration   1: 1959.987 ops/s
Iteration   2: 1957.904 ops/s
Iteration   3: 1957.298 ops/s
Iteration   4: 1935.858 ops/s
Iteration   5: 1947.272 ops/s

# Run progress: 34.00% complete, ETA 00:55:08
# Fork: 3 of 5
# Warmup Iteration   1: 1954.660 ops/s
# Warmup Iteration   2: 1971.529 ops/s
# Warmup Iteration   3: 1970.734 ops/s
# Warmup Iteration   4: 1971.717 ops/s
# Warmup Iteration   5: 1971.742 ops/s
Iteration   1: 1962.757 ops/s
Iteration   2: 1963.403 ops/s
Iteration   3: 1964.029 ops/s
Iteration   4: 1963.584 ops/s
Iteration   5: 1963.412 ops/s

# Run progress: 36.00% complete, ETA 00:53:27
# Fork: 4 of 5
# Warmup Iteration   1: 1931.079 ops/s
# Warmup Iteration   2: 1925.417 ops/s
# Warmup Iteration   3: 1925.723 ops/s
# Warmup Iteration   4: 1929.224 ops/s
# Warmup Iteration   5: 1930.973 ops/s
Iteration   1: 1930.225 ops/s
Iteration   2: 1920.689 ops/s
Iteration   3: 1943.539 ops/s
Iteration   4: 1940.342 ops/s
Iteration   5: 1939.761 ops/s

# Run progress: 38.00% complete, ETA 00:51:47
# Fork: 5 of 5
# Warmup Iteration   1: 1932.217 ops/s
# Warmup Iteration   2: 1954.474 ops/s
# Warmup Iteration   3: 1955.798 ops/s
# Warmup Iteration   4: 1952.843 ops/s
# Warmup Iteration   5: 1951.272 ops/s
Iteration   1: 1963.559 ops/s
Iteration   2: 1941.309 ops/s
Iteration   3: 1940.997 ops/s
Iteration   4: 1961.390 ops/s
Iteration   5: 1941.428 ops/s


Result "com.sun.glass.ui.monocle.Benchmarks.copyTo32New":
  1950.789 ±(99.9%) 9.100 ops/s [Average]
  (min, avg, max) = (1920.689, 1950.789, 1964.029), stdev = 12.148
  CI (99.9%): [1941.689, 1959.889] (assumes normal distribution)


# JMH version: 1.23
# VM version: JDK 14.0.1, OpenJDK 64-Bit Server VM, 14.0.1+7
# VM invoker: /home/ubuntu/opt/jdk-14.0.1+7/bin/java
# VM options: <none>
# Warmup: 5 iterations, 10 s each
# Measurement: 5 iterations, 10 s each
# Timeout: 10 min per iteration
# Threads: 1 thread, will synchronize iterations
# Benchmark mode: Throughput, ops/time
# Benchmark: com.sun.glass.ui.monocle.Benchmarks.copyTo32Old
# Parameters: (type = large)

# Run progress: 40.00% complete, ETA 00:50:07
# Fork: 1 of 5
# Warmup Iteration   1: 1950.287 ops/s
# Warmup Iteration   2: 1955.393 ops/s
# Warmup Iteration   3: 1944.291 ops/s
# Warmup Iteration   4: 1945.842 ops/s
# Warmup Iteration   5: 1947.789 ops/s
Iteration   1: 1948.306 ops/s
Iteration   2: 1950.230 ops/s
Iteration   3: 1950.481 ops/s
Iteration   4: 1970.276 ops/s
Iteration   5: 1949.385 ops/s

# Run progress: 42.00% complete, ETA 00:48:27
# Fork: 2 of 5
# Warmup Iteration   1: 1964.773 ops/s
# Warmup Iteration   2: 1971.826 ops/s
# Warmup Iteration   3: 1966.117 ops/s
# Warmup Iteration   4: 1975.980 ops/s
# Warmup Iteration   5: 1976.700 ops/s
Iteration   1: 1963.751 ops/s
Iteration   2: 1967.252 ops/s
Iteration   3: 1977.129 ops/s
Iteration   4: 1979.785 ops/s
Iteration   5: 1976.627 ops/s

# Run progress: 44.00% complete, ETA 00:46:46
# Fork: 3 of 5
# Warmup Iteration   1: 1962.243 ops/s
# Warmup Iteration   2: 1964.988 ops/s
# Warmup Iteration   3: 1966.516 ops/s
# Warmup Iteration   4: 1969.139 ops/s
# Warmup Iteration   5: 1970.681 ops/s
Iteration   1: 1971.103 ops/s
Iteration   2: 1970.522 ops/s
Iteration   3: 1970.346 ops/s
Iteration   4: 1971.861 ops/s
Iteration   5: 1965.000 ops/s

# Run progress: 46.00% complete, ETA 00:45:06
# Fork: 4 of 5
# Warmup Iteration   1: 1958.654 ops/s
# Warmup Iteration   2: 1971.083 ops/s
# Warmup Iteration   3: 1952.221 ops/s
# Warmup Iteration   4: 1952.570 ops/s
# Warmup Iteration   5: 1955.303 ops/s
Iteration   1: 1956.637 ops/s
Iteration   2: 1958.173 ops/s
Iteration   3: 1958.418 ops/s
Iteration   4: 1957.742 ops/s
Iteration   5: 1957.431 ops/s

# Run progress: 48.00% complete, ETA 00:43:26
# Fork: 5 of 5
# Warmup Iteration   1: 1950.072 ops/s
# Warmup Iteration   2: 1945.757 ops/s
# Warmup Iteration   3: 1946.053 ops/s
# Warmup Iteration   4: 1956.307 ops/s
# Warmup Iteration   5: 1960.918 ops/s
Iteration   1: 1960.955 ops/s
Iteration   2: 1962.567 ops/s
Iteration   3: 1960.327 ops/s
Iteration   4: 1939.727 ops/s
Iteration   5: 1963.288 ops/s


Result "com.sun.glass.ui.monocle.Benchmarks.copyTo32Old":
  1962.293 ±(99.9%) 7.495 ops/s [Average]
  (min, avg, max) = (1939.727, 1962.293, 1979.785), stdev = 10.005
  CI (99.9%): [1954.798, 1969.788] (assumes normal distribution)


# JMH version: 1.23
# VM version: JDK 14.0.1, OpenJDK 64-Bit Server VM, 14.0.1+7
# VM invoker: /home/ubuntu/opt/jdk-14.0.1+7/bin/java
# VM options: <none>
# Warmup: 5 iterations, 10 s each
# Measurement: 5 iterations, 10 s each
# Timeout: 10 min per iteration
# Threads: 1 thread, will synchronize iterations
# Benchmark mode: Throughput, ops/time
# Benchmark: com.sun.glass.ui.monocle.Benchmarks.writeTo08New
# Parameters: (type = large)

# Run progress: 50.00% complete, ETA 00:41:45
# Fork: 1 of 5
# Warmup Iteration   1: 97.661 ops/s
# Warmup Iteration   2: 97.826 ops/s
# Warmup Iteration   3: 97.842 ops/s
# Warmup Iteration   4: 97.874 ops/s
# Warmup Iteration   5: 97.843 ops/s
Iteration   1: 97.820 ops/s
Iteration   2: 97.863 ops/s
Iteration   3: 97.864 ops/s
Iteration   4: 97.867 ops/s
Iteration   5: 97.864 ops/s

# Run progress: 52.00% complete, ETA 00:40:05
# Fork: 2 of 5
# Warmup Iteration   1: 146.155 ops/s
# Warmup Iteration   2: 146.804 ops/s
# Warmup Iteration   3: 146.887 ops/s
# Warmup Iteration   4: 146.830 ops/s
# Warmup Iteration   5: 146.910 ops/s
Iteration   1: 146.898 ops/s
Iteration   2: 146.820 ops/s
Iteration   3: 146.827 ops/s
Iteration   4: 146.863 ops/s
Iteration   5: 146.816 ops/s

# Run progress: 54.00% complete, ETA 00:38:25
# Fork: 3 of 5
# Warmup Iteration   1: 97.740 ops/s
# Warmup Iteration   2: 97.896 ops/s
# Warmup Iteration   3: 97.912 ops/s
# Warmup Iteration   4: 97.868 ops/s
# Warmup Iteration   5: 97.894 ops/s
Iteration   1: 97.866 ops/s
Iteration   2: 97.914 ops/s
Iteration   3: 97.921 ops/s
Iteration   4: 97.918 ops/s
Iteration   5: 97.919 ops/s

# Run progress: 56.00% complete, ETA 00:36:45
# Fork: 4 of 5
# Warmup Iteration   1: 146.165 ops/s
# Warmup Iteration   2: 146.829 ops/s
# Warmup Iteration   3: 146.832 ops/s
# Warmup Iteration   4: 146.773 ops/s
# Warmup Iteration   5: 146.787 ops/s
Iteration   1: 146.811 ops/s
Iteration   2: 146.823 ops/s
Iteration   3: 146.815 ops/s
Iteration   4: 146.816 ops/s
Iteration   5: 146.776 ops/s

# Run progress: 58.00% complete, ETA 00:35:05
# Fork: 5 of 5
# Warmup Iteration   1: 146.250 ops/s
# Warmup Iteration   2: 146.869 ops/s
# Warmup Iteration   3: 146.846 ops/s
# Warmup Iteration   4: 146.886 ops/s
# Warmup Iteration   5: 146.948 ops/s
Iteration   1: 146.822 ops/s
Iteration   2: 146.951 ops/s
Iteration   3: 146.893 ops/s
Iteration   4: 146.869 ops/s
Iteration   5: 146.874 ops/s


Result "com.sun.glass.ui.monocle.Benchmarks.writeTo08New":
  127.260 ±(99.9%) 18.339 ops/s [Average]
  (min, avg, max) = (97.820, 127.260, 146.951), stdev = 24.482
  CI (99.9%): [108.921, 145.598] (assumes normal distribution)


# JMH version: 1.23
# VM version: JDK 14.0.1, OpenJDK 64-Bit Server VM, 14.0.1+7
# VM invoker: /home/ubuntu/opt/jdk-14.0.1+7/bin/java
# VM options: <none>
# Warmup: 5 iterations, 10 s each
# Measurement: 5 iterations, 10 s each
# Timeout: 10 min per iteration
# Threads: 1 thread, will synchronize iterations
# Benchmark mode: Throughput, ops/time
# Benchmark: com.sun.glass.ui.monocle.Benchmarks.writeTo16New
# Parameters: (type = large)

# Run progress: 60.00% complete, ETA 00:33:24
# Fork: 1 of 5
# Warmup Iteration   1: 204.115 ops/s
# Warmup Iteration   2: 204.802 ops/s
# Warmup Iteration   3: 204.821 ops/s
# Warmup Iteration   4: 204.847 ops/s
# Warmup Iteration   5: 204.828 ops/s
Iteration   1: 204.858 ops/s
Iteration   2: 204.876 ops/s
Iteration   3: 204.835 ops/s
Iteration   4: 204.846 ops/s
Iteration   5: 204.817 ops/s

# Run progress: 62.00% complete, ETA 00:31:44
# Fork: 2 of 5
# Warmup Iteration   1: 198.634 ops/s
# Warmup Iteration   2: 199.323 ops/s
# Warmup Iteration   3: 199.346 ops/s
# Warmup Iteration   4: 199.375 ops/s
# Warmup Iteration   5: 199.310 ops/s
Iteration   1: 199.277 ops/s
Iteration   2: 199.340 ops/s
Iteration   3: 199.377 ops/s
Iteration   4: 199.090 ops/s
Iteration   5: 199.323 ops/s

# Run progress: 64.00% complete, ETA 00:30:04
# Fork: 3 of 5
# Warmup Iteration   1: 198.620 ops/s
# Warmup Iteration   2: 199.298 ops/s
# Warmup Iteration   3: 199.385 ops/s
# Warmup Iteration   4: 199.435 ops/s
# Warmup Iteration   5: 199.163 ops/s
Iteration   1: 199.428 ops/s
Iteration   2: 199.357 ops/s
Iteration   3: 199.349 ops/s
Iteration   4: 199.334 ops/s
Iteration   5: 199.380 ops/s

# Run progress: 66.00% complete, ETA 00:28:24
# Fork: 4 of 5
# Warmup Iteration   1: 204.129 ops/s
# Warmup Iteration   2: 204.867 ops/s
# Warmup Iteration   3: 204.880 ops/s
# Warmup Iteration   4: 204.881 ops/s
# Warmup Iteration   5: 204.892 ops/s
Iteration   1: 204.899 ops/s
Iteration   2: 204.883 ops/s
Iteration   3: 204.901 ops/s
Iteration   4: 204.805 ops/s
Iteration   5: 204.817 ops/s

# Run progress: 68.00% complete, ETA 00:26:43
# Fork: 5 of 5
# Warmup Iteration   1: 204.097 ops/s
# Warmup Iteration   2: 204.800 ops/s
# Warmup Iteration   3: 204.829 ops/s
# Warmup Iteration   4: 204.917 ops/s
# Warmup Iteration   5: 204.923 ops/s
Iteration   1: 204.923 ops/s
Iteration   2: 204.827 ops/s
Iteration   3: 204.825 ops/s
Iteration   4: 204.844 ops/s
Iteration   5: 204.866 ops/s


Result "com.sun.glass.ui.monocle.Benchmarks.writeTo16New":
  202.643 ±(99.9%) 2.071 ops/s [Average]
  (min, avg, max) = (199.090, 202.643, 204.923), stdev = 2.765
  CI (99.9%): [200.572, 204.715] (assumes normal distribution)


# JMH version: 1.23
# VM version: JDK 14.0.1, OpenJDK 64-Bit Server VM, 14.0.1+7
# VM invoker: /home/ubuntu/opt/jdk-14.0.1+7/bin/java
# VM options: <none>
# Warmup: 5 iterations, 10 s each
# Measurement: 5 iterations, 10 s each
# Timeout: 10 min per iteration
# Threads: 1 thread, will synchronize iterations
# Benchmark mode: Throughput, ops/time
# Benchmark: com.sun.glass.ui.monocle.Benchmarks.writeTo16Old
# Parameters: (type = large)

# Run progress: 70.00% complete, ETA 00:25:03
# Fork: 1 of 5
# Warmup Iteration   1: 155.704 ops/s
# Warmup Iteration   2: 156.070 ops/s
# Warmup Iteration   3: 156.031 ops/s
# Warmup Iteration   4: 156.013 ops/s
# Warmup Iteration   5: 156.064 ops/s
Iteration   1: 156.061 ops/s
Iteration   2: 156.030 ops/s
Iteration   3: 156.071 ops/s
Iteration   4: 156.062 ops/s
Iteration   5: 156.057 ops/s

# Run progress: 72.00% complete, ETA 00:23:23
# Fork: 2 of 5
# Warmup Iteration   1: 159.828 ops/s
# Warmup Iteration   2: 160.250 ops/s
# Warmup Iteration   3: 160.268 ops/s
# Warmup Iteration   4: 160.205 ops/s
# Warmup Iteration   5: 160.226 ops/s
Iteration   1: 160.272 ops/s
Iteration   2: 160.236 ops/s
Iteration   3: 160.259 ops/s
Iteration   4: 160.240 ops/s
Iteration   5: 160.220 ops/s

# Run progress: 74.00% complete, ETA 00:21:43
# Fork: 3 of 5
# Warmup Iteration   1: 155.692 ops/s
# Warmup Iteration   2: 156.014 ops/s
# Warmup Iteration   3: 156.026 ops/s
# Warmup Iteration   4: 156.001 ops/s
# Warmup Iteration   5: 156.051 ops/s
Iteration   1: 156.062 ops/s
Iteration   2: 156.006 ops/s
Iteration   3: 156.017 ops/s
Iteration   4: 156.030 ops/s
Iteration   5: 156.021 ops/s

# Run progress: 76.00% complete, ETA 00:20:02
# Fork: 4 of 5
# Warmup Iteration   1: 159.869 ops/s
# Warmup Iteration   2: 160.281 ops/s
# Warmup Iteration   3: 160.240 ops/s
# Warmup Iteration   4: 160.248 ops/s
# Warmup Iteration   5: 160.294 ops/s
Iteration   1: 160.260 ops/s
Iteration   2: 160.238 ops/s
Iteration   3: 160.245 ops/s
Iteration   4: 160.271 ops/s
Iteration   5: 160.333 ops/s

# Run progress: 78.00% complete, ETA 00:18:22
# Fork: 5 of 5
# Warmup Iteration   1: 155.617 ops/s
# Warmup Iteration   2: 155.950 ops/s
# Warmup Iteration   3: 155.955 ops/s
# Warmup Iteration   4: 155.952 ops/s
# Warmup Iteration   5: 155.957 ops/s
Iteration   1: 155.950 ops/s
Iteration   2: 155.937 ops/s
Iteration   3: 155.948 ops/s
Iteration   4: 155.929 ops/s
Iteration   5: 156.003 ops/s


Result "com.sun.glass.ui.monocle.Benchmarks.writeTo16Old":
  157.710 ±(99.9%) 1.590 ops/s [Average]
  (min, avg, max) = (155.929, 157.710, 160.333), stdev = 2.123
  CI (99.9%): [156.120, 159.301] (assumes normal distribution)


# JMH version: 1.23
# VM version: JDK 14.0.1, OpenJDK 64-Bit Server VM, 14.0.1+7
# VM invoker: /home/ubuntu/opt/jdk-14.0.1+7/bin/java
# VM options: <none>
# Warmup: 5 iterations, 10 s each
# Measurement: 5 iterations, 10 s each
# Timeout: 10 min per iteration
# Threads: 1 thread, will synchronize iterations
# Benchmark mode: Throughput, ops/time
# Benchmark: com.sun.glass.ui.monocle.Benchmarks.writeTo32New
# Parameters: (type = large)

# Run progress: 80.00% complete, ETA 00:16:42
# Fork: 1 of 5
# Warmup Iteration   1: 1609.455 ops/s
# Warmup Iteration   2: 1599.163 ops/s
# Warmup Iteration   3: 1599.961 ops/s
# Warmup Iteration   4: 1607.717 ops/s
# Warmup Iteration   5: 1611.464 ops/s
Iteration   1: 1615.562 ops/s
Iteration   2: 1616.617 ops/s
Iteration   3: 1618.175 ops/s
Iteration   4: 1618.314 ops/s
Iteration   5: 1617.543 ops/s

# Run progress: 82.00% complete, ETA 00:15:02
# Fork: 2 of 5
# Warmup Iteration   1: 1653.539 ops/s
# Warmup Iteration   2: 1671.442 ops/s
# Warmup Iteration   3: 1673.493 ops/s
# Warmup Iteration   4: 1674.760 ops/s
# Warmup Iteration   5: 1679.874 ops/s
Iteration   1: 1679.759 ops/s
Iteration   2: 1678.774 ops/s
Iteration   3: 1682.535 ops/s
Iteration   4: 1676.732 ops/s
Iteration   5: 1674.650 ops/s

# Run progress: 84.00% complete, ETA 00:13:21
# Fork: 3 of 5
# Warmup Iteration   1: 1638.992 ops/s
# Warmup Iteration   2: 1652.033 ops/s
# Warmup Iteration   3: 1651.096 ops/s
# Warmup Iteration   4: 1654.336 ops/s
# Warmup Iteration   5: 1658.665 ops/s
Iteration   1: 1656.233 ops/s
Iteration   2: 1663.513 ops/s
Iteration   3: 1663.177 ops/s
Iteration   4: 1661.235 ops/s
Iteration   5: 1651.056 ops/s

# Run progress: 86.00% complete, ETA 00:11:41
# Fork: 4 of 5
# Warmup Iteration   1: 1661.096 ops/s
# Warmup Iteration   2: 1648.887 ops/s
# Warmup Iteration   3: 1686.596 ops/s
# Warmup Iteration   4: 1674.985 ops/s
# Warmup Iteration   5: 1659.134 ops/s
Iteration   1: 1681.676 ops/s
Iteration   2: 1659.571 ops/s
Iteration   3: 1660.001 ops/s
Iteration   4: 1672.598 ops/s
Iteration   5: 1674.177 ops/s

# Run progress: 88.00% complete, ETA 00:10:01
# Fork: 5 of 5
# Warmup Iteration   1: 1656.101 ops/s
# Warmup Iteration   2: 1645.272 ops/s
# Warmup Iteration   3: 1655.320 ops/s
# Warmup Iteration   4: 1656.305 ops/s
# Warmup Iteration   5: 1660.834 ops/s
Iteration   1: 1663.464 ops/s
Iteration   2: 1658.908 ops/s
Iteration   3: 1661.917 ops/s
Iteration   4: 1665.322 ops/s
Iteration   5: 1667.145 ops/s


Result "com.sun.glass.ui.monocle.Benchmarks.writeTo32New":
  1657.546 ±(99.9%) 16.599 ops/s [Average]
  (min, avg, max) = (1615.562, 1657.546, 1682.535), stdev = 22.160
  CI (99.9%): [1640.947, 1674.146] (assumes normal distribution)


# JMH version: 1.23
# VM version: JDK 14.0.1, OpenJDK 64-Bit Server VM, 14.0.1+7
# VM invoker: /home/ubuntu/opt/jdk-14.0.1+7/bin/java
# VM options: <none>
# Warmup: 5 iterations, 10 s each
# Measurement: 5 iterations, 10 s each
# Timeout: 10 min per iteration
# Threads: 1 thread, will synchronize iterations
# Benchmark mode: Throughput, ops/time
# Benchmark: com.sun.glass.ui.monocle.Benchmarks.writeTo32Old
# Parameters: (type = large)

# Run progress: 90.00% complete, ETA 00:08:21
# Fork: 1 of 5
# Warmup Iteration   1: 1645.383 ops/s
# Warmup Iteration   2: 1652.723 ops/s
# Warmup Iteration   3: 1646.988 ops/s
# Warmup Iteration   4: 1646.512 ops/s
# Warmup Iteration   5: 1639.656 ops/s
Iteration   1: 1642.520 ops/s
Iteration   2: 1647.958 ops/s
Iteration   3: 1652.690 ops/s
Iteration   4: 1652.416 ops/s
Iteration   5: 1652.008 ops/s

# Run progress: 92.00% complete, ETA 00:06:40
# Fork: 2 of 5
# Warmup Iteration   1: 1646.370 ops/s
# Warmup Iteration   2: 1666.400 ops/s
# Warmup Iteration   3: 1669.732 ops/s
# Warmup Iteration   4: 1659.692 ops/s
# Warmup Iteration   5: 1669.020 ops/s
Iteration   1: 1669.143 ops/s
Iteration   2: 1669.338 ops/s
Iteration   3: 1671.058 ops/s
Iteration   4: 1672.758 ops/s
Iteration   5: 1654.281 ops/s

# Run progress: 94.00% complete, ETA 00:05:00
# Fork: 3 of 5
# Warmup Iteration   1: 1641.728 ops/s
# Warmup Iteration   2: 1639.275 ops/s
# Warmup Iteration   3: 1642.820 ops/s
# Warmup Iteration   4: 1640.492 ops/s
# Warmup Iteration   5: 1660.161 ops/s
Iteration   1: 1640.328 ops/s
Iteration   2: 1639.094 ops/s
Iteration   3: 1641.896 ops/s
Iteration   4: 1646.652 ops/s
Iteration   5: 1652.901 ops/s

# Run progress: 96.00% complete, ETA 00:03:20
# Fork: 4 of 5
# Warmup Iteration   1: 1654.484 ops/s
# Warmup Iteration   2: 1643.710 ops/s
# Warmup Iteration   3: 1659.207 ops/s
# Warmup Iteration   4: 1656.676 ops/s
# Warmup Iteration   5: 1657.628 ops/s
Iteration   1: 1660.616 ops/s
Iteration   2: 1664.809 ops/s
Iteration   3: 1663.486 ops/s
Iteration   4: 1667.452 ops/s
Iteration   5: 1661.451 ops/s

# Run progress: 98.00% complete, ETA 00:01:40
# Fork: 5 of 5
# Warmup Iteration   1: 1646.419 ops/s
# Warmup Iteration   2: 1656.464 ops/s
# Warmup Iteration   3: 1658.932 ops/s
# Warmup Iteration   4: 1643.865 ops/s
# Warmup Iteration   5: 1644.332 ops/s
Iteration   1: 1645.074 ops/s
Iteration   2: 1649.362 ops/s
Iteration   3: 1656.426 ops/s
Iteration   4: 1658.584 ops/s
Iteration   5: 1655.587 ops/s


Result "com.sun.glass.ui.monocle.Benchmarks.writeTo32Old":
  1655.515 ±(99.9%) 7.576 ops/s [Average]
  (min, avg, max) = (1639.094, 1655.515, 1672.758), stdev = 10.114
  CI (99.9%): [1647.939, 1663.092] (assumes normal distribution)


# Run complete. Total time: 01:23:31

REMEMBER: The numbers below are just data. To gain reusable insights, you need to follow up on
why the numbers are the way they are. Use profilers (see -prof, -lprof), design factorial
experiments, perform baseline and negative tests that provide experimental control, make sure
the benchmarking environment is safe on JVM/OS/HW level, ask for reviews from the domain experts.
Do not assume the numbers tell you what you want them to tell.

Benchmark                (type)   Mode  Cnt     Score    Error  Units
Benchmarks.copyTo08New    large  thrpt   25   118.639 ± 19.056  ops/s
Benchmarks.copyTo16New    large  thrpt   25   209.427 ±  1.714  ops/s
Benchmarks.copyTo16Old    large  thrpt   25   163.161 ±  0.023  ops/s
Benchmarks.copyTo32New    large  thrpt   25  1950.789 ±  9.100  ops/s
Benchmarks.copyTo32Old    large  thrpt   25  1962.293 ±  7.495  ops/s
Benchmarks.writeTo08New   large  thrpt   25   127.260 ± 18.339  ops/s
Benchmarks.writeTo16New   large  thrpt   25   202.643 ±  2.071  ops/s
Benchmarks.writeTo16Old   large  thrpt   25   157.710 ±  1.590  ops/s
Benchmarks.writeTo32New   large  thrpt   25  1657.546 ± 16.599  ops/s
Benchmarks.writeTo32Old   large  thrpt   25  1655.515 ±  7.576  ops/s
