# JMH version: 1.22
# VM version: JDK 11.0.4, OpenJDK Server VM, 11.0.4+11-post-Ubuntu-1ubuntu218.04.3
# VM invoker: /usr/lib/jvm/java-11-openjdk-armhf/bin/java
# VM options: <none>
# Warmup: 5 iterations, 10 s each
# Measurement: 5 iterations, 10 s each
# Timeout: 10 min per iteration
# Threads: 1 thread, will synchronize iterations
# Benchmark mode: Throughput, ops/time
# Benchmark: com.sun.glass.ui.monocle.Benchmarks.copyTo08New
# Parameters: (type = large)

# Run progress: 0.00% complete, ETA 01:23:20
# Fork: 1 of 5
# Warmup Iteration   1: 9.847 ops/s
# Warmup Iteration   2: 9.767 ops/s
# Warmup Iteration   3: 9.920 ops/s
# Warmup Iteration   4: 9.930 ops/s
# Warmup Iteration   5: 9.940 ops/s
Iteration   1: 9.925 ops/s
Iteration   2: 9.913 ops/s
Iteration   3: 9.940 ops/s
Iteration   4: 9.926 ops/s
Iteration   5: 9.933 ops/s

# Run progress: 2.00% complete, ETA 01:27:07
# Fork: 2 of 5
# Warmup Iteration   1: 9.854 ops/s
# Warmup Iteration   2: 9.937 ops/s
# Warmup Iteration   3: 9.940 ops/s
# Warmup Iteration   4: 9.933 ops/s
# Warmup Iteration   5: 9.950 ops/s
Iteration   1: 9.960 ops/s
Iteration   2: 9.939 ops/s
Iteration   3: 9.941 ops/s
Iteration   4: 9.950 ops/s
Iteration   5: 9.949 ops/s

# Run progress: 4.00% complete, ETA 01:24:47
# Fork: 3 of 5
# Warmup Iteration   1: 9.875 ops/s
# Warmup Iteration   2: 9.939 ops/s
# Warmup Iteration   3: 9.929 ops/s
# Warmup Iteration   4: 9.944 ops/s
# Warmup Iteration   5: 9.937 ops/s
Iteration   1: 9.944 ops/s
Iteration   2: 9.945 ops/s
Iteration   3: 9.942 ops/s
Iteration   4: 9.922 ops/s
Iteration   5: 9.952 ops/s

# Run progress: 6.00% complete, ETA 01:22:52
# Fork: 4 of 5
# Warmup Iteration   1: 9.875 ops/s
# Warmup Iteration   2: 9.953 ops/s
# Warmup Iteration   3: 9.951 ops/s
# Warmup Iteration   4: 9.941 ops/s
# Warmup Iteration   5: 9.943 ops/s
Iteration   1: 9.941 ops/s
Iteration   2: 9.963 ops/s
Iteration   3: 9.963 ops/s
Iteration   4: 9.953 ops/s
Iteration   5: 9.965 ops/s

# Run progress: 8.00% complete, ETA 01:20:59
# Fork: 5 of 5
# Warmup Iteration   1: 9.870 ops/s
# Warmup Iteration   2: 9.917 ops/s
# Warmup Iteration   3: 9.934 ops/s
# Warmup Iteration   4: 9.926 ops/s
# Warmup Iteration   5: 9.927 ops/s
Iteration   1: 9.927 ops/s
Iteration   2: 9.934 ops/s
Iteration   3: 9.921 ops/s
Iteration   4: 9.934 ops/s
Iteration   5: 9.920 ops/s


Result "com.sun.glass.ui.monocle.Benchmarks.copyTo08New":
  9.940 ±(99.9%) 0.011 ops/s [Average]
  (min, avg, max) = (9.913, 9.940, 9.965), stdev = 0.015
  CI (99.9%): [9.929, 9.951] (assumes normal distribution)


# JMH version: 1.22
# VM version: JDK 11.0.4, OpenJDK Server VM, 11.0.4+11-post-Ubuntu-1ubuntu218.04.3
# VM invoker: /usr/lib/jvm/java-11-openjdk-armhf/bin/java
# VM options: <none>
# Warmup: 5 iterations, 10 s each
# Measurement: 5 iterations, 10 s each
# Timeout: 10 min per iteration
# Threads: 1 thread, will synchronize iterations
# Benchmark mode: Throughput, ops/time
# Benchmark: com.sun.glass.ui.monocle.Benchmarks.copyTo16New
# Parameters: (type = large)

# Run progress: 10.00% complete, ETA 01:19:12
# Fork: 1 of 5
# Warmup Iteration   1: 12.885 ops/s
# Warmup Iteration   2: 13.596 ops/s
# Warmup Iteration   3: 13.659 ops/s
# Warmup Iteration   4: 13.672 ops/s
# Warmup Iteration   5: 13.672 ops/s
Iteration   1: 13.651 ops/s
Iteration   2: 13.679 ops/s
Iteration   3: 13.648 ops/s
Iteration   4: 13.650 ops/s
Iteration   5: 13.674 ops/s

# Run progress: 12.00% complete, ETA 01:17:25
# Fork: 2 of 5
# Warmup Iteration   1: 12.867 ops/s
# Warmup Iteration   2: 13.679 ops/s
# Warmup Iteration   3: 13.692 ops/s
# Warmup Iteration   4: 13.690 ops/s
# Warmup Iteration   5: 13.708 ops/s
Iteration   1: 13.705 ops/s
Iteration   2: 13.688 ops/s
Iteration   3: 13.705 ops/s
Iteration   4: 13.693 ops/s
Iteration   5: 13.689 ops/s

# Run progress: 14.00% complete, ETA 01:15:36
# Fork: 3 of 5
# Warmup Iteration   1: 12.907 ops/s
# Warmup Iteration   2: 13.689 ops/s
# Warmup Iteration   3: 13.701 ops/s
# Warmup Iteration   4: 13.703 ops/s
# Warmup Iteration   5: 13.679 ops/s
Iteration   1: 13.707 ops/s
Iteration   2: 13.701 ops/s
Iteration   3: 13.682 ops/s
Iteration   4: 13.703 ops/s
Iteration   5: 13.694 ops/s

# Run progress: 16.00% complete, ETA 01:13:49
# Fork: 4 of 5
# Warmup Iteration   1: 12.929 ops/s
# Warmup Iteration   2: 13.618 ops/s
# Warmup Iteration   3: 13.699 ops/s
# Warmup Iteration   4: 13.704 ops/s
# Warmup Iteration   5: 13.708 ops/s
Iteration   1: 13.686 ops/s
Iteration   2: 13.693 ops/s
Iteration   3: 13.694 ops/s
Iteration   4: 13.677 ops/s
Iteration   5: 13.688 ops/s

# Run progress: 18.00% complete, ETA 01:12:03
# Fork: 5 of 5
# Warmup Iteration   1: 12.880 ops/s
# Warmup Iteration   2: 13.664 ops/s
# Warmup Iteration   3: 13.688 ops/s
# Warmup Iteration   4: 13.663 ops/s
# Warmup Iteration   5: 13.686 ops/s
Iteration   1: 13.679 ops/s
Iteration   2: 13.659 ops/s
Iteration   3: 13.672 ops/s
Iteration   4: 13.683 ops/s
Iteration   5: 13.672 ops/s


Result "com.sun.glass.ui.monocle.Benchmarks.copyTo16New":
  13.683 ±(99.9%) 0.013 ops/s [Average]
  (min, avg, max) = (13.648, 13.683, 13.707), stdev = 0.017
  CI (99.9%): [13.670, 13.696] (assumes normal distribution)


# JMH version: 1.22
# VM version: JDK 11.0.4, OpenJDK Server VM, 11.0.4+11-post-Ubuntu-1ubuntu218.04.3
# VM invoker: /usr/lib/jvm/java-11-openjdk-armhf/bin/java
# VM options: <none>
# Warmup: 5 iterations, 10 s each
# Measurement: 5 iterations, 10 s each
# Timeout: 10 min per iteration
# Threads: 1 thread, will synchronize iterations
# Benchmark mode: Throughput, ops/time
# Benchmark: com.sun.glass.ui.monocle.Benchmarks.copyTo16Old
# Parameters: (type = large)

# Run progress: 20.00% complete, ETA 01:10:16
# Fork: 1 of 5
# Warmup Iteration   1: 9.878 ops/s
# Warmup Iteration   2: 10.226 ops/s
# Warmup Iteration   3: 10.203 ops/s
# Warmup Iteration   4: 10.224 ops/s
# Warmup Iteration   5: 10.214 ops/s
Iteration   1: 10.232 ops/s
Iteration   2: 10.222 ops/s
Iteration   3: 10.216 ops/s
Iteration   4: 10.221 ops/s
Iteration   5: 10.238 ops/s

# Run progress: 22.00% complete, ETA 01:08:29
# Fork: 2 of 5
# Warmup Iteration   1: 9.674 ops/s
# Warmup Iteration   2: 9.988 ops/s
# Warmup Iteration   3: 10.001 ops/s
# Warmup Iteration   4: 9.994 ops/s
# Warmup Iteration   5: 9.995 ops/s
Iteration   1: 9.997 ops/s
Iteration   2: 9.986 ops/s
Iteration   3: 9.997 ops/s
Iteration   4: 9.988 ops/s
Iteration   5: 10.001 ops/s

# Run progress: 24.00% complete, ETA 01:06:41
# Fork: 3 of 5
# Warmup Iteration   1: 9.884 ops/s
# Warmup Iteration   2: 10.211 ops/s
# Warmup Iteration   3: 10.227 ops/s
# Warmup Iteration   4: 10.216 ops/s
# Warmup Iteration   5: 10.210 ops/s
Iteration   1: 10.213 ops/s
Iteration   2: 10.219 ops/s
Iteration   3: 10.135 ops/s
Iteration   4: 10.242 ops/s
Iteration   5: 10.247 ops/s

# Run progress: 26.00% complete, ETA 01:04:56
# Fork: 4 of 5
# Warmup Iteration   1: 9.712 ops/s
# Warmup Iteration   2: 10.008 ops/s
# Warmup Iteration   3: 10.000 ops/s
# Warmup Iteration   4: 9.987 ops/s
# Warmup Iteration   5: 9.995 ops/s
Iteration   1: 9.983 ops/s
Iteration   2: 9.999 ops/s
Iteration   3: 9.996 ops/s
Iteration   4: 9.990 ops/s
Iteration   5: 10.004 ops/s

# Run progress: 28.00% complete, ETA 01:03:10
# Fork: 5 of 5
# Warmup Iteration   1: 9.853 ops/s
# Warmup Iteration   2: 10.232 ops/s
# Warmup Iteration   3: 10.237 ops/s
# Warmup Iteration   4: 10.217 ops/s
# Warmup Iteration   5: 10.241 ops/s
Iteration   1: 10.237 ops/s
Iteration   2: 10.230 ops/s
Iteration   3: 10.217 ops/s
Iteration   4: 10.208 ops/s
Iteration   5: 10.204 ops/s


Result "com.sun.glass.ui.monocle.Benchmarks.copyTo16Old":
  10.129 ±(99.9%) 0.086 ops/s [Average]
  (min, avg, max) = (9.983, 10.129, 10.247), stdev = 0.114
  CI (99.9%): [10.043, 10.214] (assumes normal distribution)


# JMH version: 1.22
# VM version: JDK 11.0.4, OpenJDK Server VM, 11.0.4+11-post-Ubuntu-1ubuntu218.04.3
# VM invoker: /usr/lib/jvm/java-11-openjdk-armhf/bin/java
# VM options: <none>
# Warmup: 5 iterations, 10 s each
# Measurement: 5 iterations, 10 s each
# Timeout: 10 min per iteration
# Threads: 1 thread, will synchronize iterations
# Benchmark mode: Throughput, ops/time
# Benchmark: com.sun.glass.ui.monocle.Benchmarks.copyTo32New
# Parameters: (type = large)

# Run progress: 30.00% complete, ETA 01:01:24
# Fork: 1 of 5
# Warmup Iteration   1: 112.442 ops/s
# Warmup Iteration   2: 112.185 ops/s
# Warmup Iteration   3: 112.370 ops/s
# Warmup Iteration   4: 112.247 ops/s
# Warmup Iteration   5: 111.862 ops/s
Iteration   1: 112.661 ops/s
Iteration   2: 112.720 ops/s
Iteration   3: 112.611 ops/s
Iteration   4: 113.246 ops/s
Iteration   5: 147.622 ops/s

# Run progress: 32.00% complete, ETA 00:59:38
# Fork: 2 of 5
# Warmup Iteration   1: 99.470 ops/s
# Warmup Iteration   2: 99.628 ops/s
# Warmup Iteration   3: 99.455 ops/s
# Warmup Iteration   4: 99.484 ops/s
# Warmup Iteration   5: 99.466 ops/s
Iteration   1: 99.381 ops/s
Iteration   2: 99.796 ops/s
Iteration   3: 99.769 ops/s
Iteration   4: 99.681 ops/s
Iteration   5: 99.786 ops/s

# Run progress: 34.00% complete, ETA 00:57:52
# Fork: 3 of 5
# Warmup Iteration   1: 112.168 ops/s
# Warmup Iteration   2: 111.653 ops/s
# Warmup Iteration   3: 111.948 ops/s
# Warmup Iteration   4: 111.833 ops/s
# Warmup Iteration   5: 111.531 ops/s
Iteration   1: 112.259 ops/s
Iteration   2: 112.063 ops/s
Iteration   3: 109.006 ops/s
Iteration   4: 110.535 ops/s
Iteration   5: 146.772 ops/s

# Run progress: 36.00% complete, ETA 00:56:06
# Fork: 4 of 5
# Warmup Iteration   1: 97.942 ops/s
# Warmup Iteration   2: 97.875 ops/s
# Warmup Iteration   3: 97.677 ops/s
# Warmup Iteration   4: 97.834 ops/s
# Warmup Iteration   5: 97.790 ops/s
Iteration   1: 97.746 ops/s
Iteration   2: 98.074 ops/s
Iteration   3: 98.117 ops/s
Iteration   4: 97.983 ops/s
Iteration   5: 98.078 ops/s

# Run progress: 38.00% complete, ETA 00:54:20
# Fork: 5 of 5
# Warmup Iteration   1: 99.912 ops/s
# Warmup Iteration   2: 100.024 ops/s
# Warmup Iteration   3: 98.500 ops/s
# Warmup Iteration   4: 100.003 ops/s
# Warmup Iteration   5: 100.029 ops/s
Iteration   1: 100.383 ops/s
Iteration   2: 100.431 ops/s
Iteration   3: 100.593 ops/s
Iteration   4: 100.607 ops/s
Iteration   5: 99.430 ops/s


Result "com.sun.glass.ui.monocle.Benchmarks.copyTo32New":
  107.174 ±(99.9%) 10.068 ops/s [Average]
  (min, avg, max) = (97.746, 107.174, 147.622), stdev = 13.440
  CI (99.9%): [97.106, 117.242] (assumes normal distribution)


# JMH version: 1.22
# VM version: JDK 11.0.4, OpenJDK Server VM, 11.0.4+11-post-Ubuntu-1ubuntu218.04.3
# VM invoker: /usr/lib/jvm/java-11-openjdk-armhf/bin/java
# VM options: <none>
# Warmup: 5 iterations, 10 s each
# Measurement: 5 iterations, 10 s each
# Timeout: 10 min per iteration
# Threads: 1 thread, will synchronize iterations
# Benchmark mode: Throughput, ops/time
# Benchmark: com.sun.glass.ui.monocle.Benchmarks.copyTo32Old
# Parameters: (type = large)

# Run progress: 40.00% complete, ETA 00:52:35
# Fork: 1 of 5
# Warmup Iteration   1: 97.317 ops/s
# Warmup Iteration   2: 97.172 ops/s
# Warmup Iteration   3: 97.168 ops/s
# Warmup Iteration   4: 97.134 ops/s
# Warmup Iteration   5: 96.827 ops/s
Iteration   1: 97.168 ops/s
Iteration   2: 97.489 ops/s
Iteration   3: 97.310 ops/s
Iteration   4: 97.469 ops/s
Iteration   5: 97.286 ops/s

# Run progress: 42.00% complete, ETA 00:50:49
# Fork: 2 of 5
# Warmup Iteration   1: 98.468 ops/s
# Warmup Iteration   2: 98.414 ops/s
# Warmup Iteration   3: 98.401 ops/s
# Warmup Iteration   4: 98.468 ops/s
# Warmup Iteration   5: 98.420 ops/s
Iteration   1: 98.429 ops/s
Iteration   2: 98.761 ops/s
Iteration   3: 98.623 ops/s
Iteration   4: 98.596 ops/s
Iteration   5: 98.283 ops/s

# Run progress: 44.00% complete, ETA 00:49:03
# Fork: 3 of 5
# Warmup Iteration   1: 107.038 ops/s
# Warmup Iteration   2: 106.876 ops/s
# Warmup Iteration   3: 106.924 ops/s
# Warmup Iteration   4: 106.778 ops/s
# Warmup Iteration   5: 106.754 ops/s
Iteration   1: 107.240 ops/s
Iteration   2: 107.139 ops/s
Iteration   3: 107.268 ops/s
Iteration   4: 107.146 ops/s
Iteration   5: 125.227 ops/s

# Run progress: 46.00% complete, ETA 00:47:17
# Fork: 4 of 5
# Warmup Iteration   1: 99.937 ops/s
# Warmup Iteration   2: 99.871 ops/s
# Warmup Iteration   3: 99.749 ops/s
# Warmup Iteration   4: 99.773 ops/s
# Warmup Iteration   5: 99.599 ops/s
Iteration   1: 99.791 ops/s
Iteration   2: 100.129 ops/s
Iteration   3: 100.107 ops/s
Iteration   4: 99.965 ops/s
Iteration   5: 99.834 ops/s

# Run progress: 48.00% complete, ETA 00:45:32
# Fork: 5 of 5
# Warmup Iteration   1: 113.004 ops/s
# Warmup Iteration   2: 113.264 ops/s
# Warmup Iteration   3: 113.242 ops/s
# Warmup Iteration   4: 112.911 ops/s
# Warmup Iteration   5: 113.102 ops/s
Iteration   1: 113.559 ops/s
Iteration   2: 113.253 ops/s
Iteration   3: 113.531 ops/s
Iteration   4: 116.310 ops/s
Iteration   5: 147.098 ops/s


Result "com.sun.glass.ui.monocle.Benchmarks.copyTo32Old":
  105.480 ±(99.9%) 8.603 ops/s [Average]
  (min, avg, max) = (97.168, 105.480, 147.098), stdev = 11.485
  CI (99.9%): [96.877, 114.084] (assumes normal distribution)


# JMH version: 1.22
# VM version: JDK 11.0.4, OpenJDK Server VM, 11.0.4+11-post-Ubuntu-1ubuntu218.04.3
# VM invoker: /usr/lib/jvm/java-11-openjdk-armhf/bin/java
# VM options: <none>
# Warmup: 5 iterations, 10 s each
# Measurement: 5 iterations, 10 s each
# Timeout: 10 min per iteration
# Threads: 1 thread, will synchronize iterations
# Benchmark mode: Throughput, ops/time
# Benchmark: com.sun.glass.ui.monocle.Benchmarks.writeTo08New
# Parameters: (type = large)

# Run progress: 50.00% complete, ETA 00:43:46
# Fork: 1 of 5
# Warmup Iteration   1: 8.349 ops/s
# Warmup Iteration   2: 8.678 ops/s
# Warmup Iteration   3: 8.710 ops/s
# Warmup Iteration   4: 8.711 ops/s
# Warmup Iteration   5: 8.697 ops/s
Iteration   1: 8.707 ops/s
Iteration   2: 8.708 ops/s
Iteration   3: 8.686 ops/s
Iteration   4: 8.705 ops/s
Iteration   5: 8.712 ops/s

# Run progress: 52.00% complete, ETA 00:42:01
# Fork: 2 of 5
# Warmup Iteration   1: 8.363 ops/s
# Warmup Iteration   2: 8.713 ops/s
# Warmup Iteration   3: 8.696 ops/s
# Warmup Iteration   4: 8.715 ops/s
# Warmup Iteration   5: 8.715 ops/s
Iteration   1: 8.701 ops/s
Iteration   2: 8.717 ops/s
Iteration   3: 8.718 ops/s
Iteration   4: 8.701 ops/s
Iteration   5: 8.718 ops/s

# Run progress: 54.00% complete, ETA 00:40:17
# Fork: 3 of 5
# Warmup Iteration   1: 8.973 ops/s
# Warmup Iteration   2: 9.809 ops/s
# Warmup Iteration   3: 9.876 ops/s
# Warmup Iteration   4: 9.858 ops/s
# Warmup Iteration   5: 9.856 ops/s
Iteration   1: 9.881 ops/s
Iteration   2: 9.866 ops/s
Iteration   3: 9.879 ops/s
Iteration   4: 9.876 ops/s
Iteration   5: 9.871 ops/s

# Run progress: 56.00% complete, ETA 00:38:32
# Fork: 4 of 5
# Warmup Iteration   1: 8.343 ops/s
# Warmup Iteration   2: 8.708 ops/s
# Warmup Iteration   3: 8.723 ops/s
# Warmup Iteration   4: 8.722 ops/s
# Warmup Iteration   5: 8.723 ops/s
Iteration   1: 8.722 ops/s
Iteration   2: 8.724 ops/s
Iteration   3: 8.717 ops/s
Iteration   4: 8.726 ops/s
Iteration   5: 8.727 ops/s

# Run progress: 58.00% complete, ETA 00:36:47
# Fork: 5 of 5
# Warmup Iteration   1: 8.348 ops/s
# Warmup Iteration   2: 8.715 ops/s
# Warmup Iteration   3: 8.713 ops/s
# Warmup Iteration   4: 8.729 ops/s
# Warmup Iteration   5: 8.731 ops/s
Iteration   1: 8.720 ops/s
Iteration   2: 8.727 ops/s
Iteration   3: 8.722 ops/s
Iteration   4: 8.716 ops/s
Iteration   5: 8.723 ops/s


Result "com.sun.glass.ui.monocle.Benchmarks.writeTo08New":
  8.947 ±(99.9%) 0.355 ops/s [Average]
  (min, avg, max) = (8.686, 8.947, 9.881), stdev = 0.474
  CI (99.9%): [8.592, 9.301] (assumes normal distribution)


# JMH version: 1.22
# VM version: JDK 11.0.4, OpenJDK Server VM, 11.0.4+11-post-Ubuntu-1ubuntu218.04.3
# VM invoker: /usr/lib/jvm/java-11-openjdk-armhf/bin/java
# VM options: <none>
# Warmup: 5 iterations, 10 s each
# Measurement: 5 iterations, 10 s each
# Timeout: 10 min per iteration
# Threads: 1 thread, will synchronize iterations
# Benchmark mode: Throughput, ops/time
# Benchmark: com.sun.glass.ui.monocle.Benchmarks.writeTo16New
# Parameters: (type = large)

# Run progress: 60.00% complete, ETA 00:35:03
# Fork: 1 of 5
# Warmup Iteration   1: 12.533 ops/s
# Warmup Iteration   2: 13.894 ops/s
# Warmup Iteration   3: 13.957 ops/s
# Warmup Iteration   4: 13.918 ops/s
# Warmup Iteration   5: 13.955 ops/s
Iteration   1: 14.004 ops/s
Iteration   2: 13.946 ops/s
Iteration   3: 14.002 ops/s
Iteration   4: 13.966 ops/s
Iteration   5: 13.932 ops/s

# Run progress: 62.00% complete, ETA 00:33:18
# Fork: 2 of 5
# Warmup Iteration   1: 12.534 ops/s
# Warmup Iteration   2: 13.917 ops/s
# Warmup Iteration   3: 14.009 ops/s
# Warmup Iteration   4: 14.017 ops/s
# Warmup Iteration   5: 13.976 ops/s
Iteration   1: 13.974 ops/s
Iteration   2: 14.012 ops/s
Iteration   3: 13.991 ops/s
Iteration   4: 14.001 ops/s
Iteration   5: 14.000 ops/s

# Run progress: 64.00% complete, ETA 00:31:32
# Fork: 3 of 5
# Warmup Iteration   1: 12.570 ops/s
# Warmup Iteration   2: 13.954 ops/s
# Warmup Iteration   3: 14.002 ops/s
# Warmup Iteration   4: 13.970 ops/s
# Warmup Iteration   5: 13.982 ops/s
Iteration   1: 13.969 ops/s
Iteration   2: 13.993 ops/s
Iteration   3: 13.998 ops/s
Iteration   4: 14.036 ops/s
Iteration   5: 13.964 ops/s

# Run progress: 66.00% complete, ETA 00:29:47
# Fork: 4 of 5
# Warmup Iteration   1: 12.549 ops/s
# Warmup Iteration   2: 13.832 ops/s
# Warmup Iteration   3: 13.952 ops/s
# Warmup Iteration   4: 13.962 ops/s
# Warmup Iteration   5: 13.972 ops/s
Iteration   1: 13.957 ops/s
Iteration   2: 13.951 ops/s
Iteration   3: 13.960 ops/s
Iteration   4: 13.990 ops/s
Iteration   5: 13.983 ops/s

# Run progress: 68.00% complete, ETA 00:28:02
# Fork: 5 of 5
# Warmup Iteration   1: 12.573 ops/s
# Warmup Iteration   2: 13.865 ops/s
# Warmup Iteration   3: 13.947 ops/s
# Warmup Iteration   4: 13.961 ops/s
# Warmup Iteration   5: 13.965 ops/s
Iteration   1: 13.984 ops/s
Iteration   2: 14.008 ops/s
Iteration   3: 13.972 ops/s
Iteration   4: 13.945 ops/s
Iteration   5: 14.040 ops/s


Result "com.sun.glass.ui.monocle.Benchmarks.writeTo16New":
  13.983 ±(99.9%) 0.021 ops/s [Average]
  (min, avg, max) = (13.932, 13.983, 14.040), stdev = 0.027
  CI (99.9%): [13.962, 14.004] (assumes normal distribution)


# JMH version: 1.22
# VM version: JDK 11.0.4, OpenJDK Server VM, 11.0.4+11-post-Ubuntu-1ubuntu218.04.3
# VM invoker: /usr/lib/jvm/java-11-openjdk-armhf/bin/java
# VM options: <none>
# Warmup: 5 iterations, 10 s each
# Measurement: 5 iterations, 10 s each
# Timeout: 10 min per iteration
# Threads: 1 thread, will synchronize iterations
# Benchmark mode: Throughput, ops/time
# Benchmark: com.sun.glass.ui.monocle.Benchmarks.writeTo16Old
# Parameters: (type = large)

# Run progress: 70.00% complete, ETA 00:26:17
# Fork: 1 of 5
# Warmup Iteration   1: 9.315 ops/s
# Warmup Iteration   2: 9.814 ops/s
# Warmup Iteration   3: 9.821 ops/s
# Warmup Iteration   4: 9.808 ops/s
# Warmup Iteration   5: 9.808 ops/s
Iteration   1: 9.815 ops/s
Iteration   2: 9.804 ops/s
Iteration   3: 9.818 ops/s
Iteration   4: 9.819 ops/s
Iteration   5: 9.803 ops/s

# Run progress: 72.00% complete, ETA 00:24:32
# Fork: 2 of 5
# Warmup Iteration   1: 9.505 ops/s
# Warmup Iteration   2: 9.998 ops/s
# Warmup Iteration   3: 10.009 ops/s
# Warmup Iteration   4: 10.008 ops/s
# Warmup Iteration   5: 9.998 ops/s
Iteration   1: 10.001 ops/s
Iteration   2: 10.010 ops/s
Iteration   3: 10.004 ops/s
Iteration   4: 10.015 ops/s
Iteration   5: 10.011 ops/s

# Run progress: 74.00% complete, ETA 00:22:47
# Fork: 3 of 5
# Warmup Iteration   1: 9.308 ops/s
# Warmup Iteration   2: 9.793 ops/s
# Warmup Iteration   3: 9.795 ops/s
# Warmup Iteration   4: 9.801 ops/s
# Warmup Iteration   5: 9.807 ops/s
Iteration   1: 9.799 ops/s
Iteration   2: 9.817 ops/s
Iteration   3: 9.800 ops/s
Iteration   4: 9.805 ops/s
Iteration   5: 9.814 ops/s

# Run progress: 76.00% complete, ETA 00:21:01
# Fork: 4 of 5
# Warmup Iteration   1: 9.597 ops/s
# Warmup Iteration   2: 10.087 ops/s
# Warmup Iteration   3: 10.102 ops/s
# Warmup Iteration   4: 10.113 ops/s
# Warmup Iteration   5: 10.106 ops/s
Iteration   1: 10.123 ops/s
Iteration   2: 10.110 ops/s
Iteration   3: 10.119 ops/s
Iteration   4: 10.111 ops/s
Iteration   5: 10.106 ops/s

# Run progress: 78.00% complete, ETA 00:19:16
# Fork: 5 of 5
# Warmup Iteration   1: 9.499 ops/s
# Warmup Iteration   2: 10.015 ops/s
# Warmup Iteration   3: 10.004 ops/s
# Warmup Iteration   4: 10.020 ops/s
# Warmup Iteration   5: 10.012 ops/s
Iteration   1: 10.011 ops/s
Iteration   2: 10.010 ops/s
Iteration   3: 10.020 ops/s
Iteration   4: 10.004 ops/s
Iteration   5: 10.009 ops/s


Result "com.sun.glass.ui.monocle.Benchmarks.writeTo16Old":
  9.950 ±(99.9%) 0.093 ops/s [Average]
  (min, avg, max) = (9.799, 9.950, 10.123), stdev = 0.124
  CI (99.9%): [9.858, 10.043] (assumes normal distribution)


# JMH version: 1.22
# VM version: JDK 11.0.4, OpenJDK Server VM, 11.0.4+11-post-Ubuntu-1ubuntu218.04.3
# VM invoker: /usr/lib/jvm/java-11-openjdk-armhf/bin/java
# VM options: <none>
# Warmup: 5 iterations, 10 s each
# Measurement: 5 iterations, 10 s each
# Timeout: 10 min per iteration
# Threads: 1 thread, will synchronize iterations
# Benchmark mode: Throughput, ops/time
# Benchmark: com.sun.glass.ui.monocle.Benchmarks.writeTo32New
# Parameters: (type = large)

# Run progress: 80.00% complete, ETA 00:17:31
# Fork: 1 of 5
# Warmup Iteration   1: 88.014 ops/s
# Warmup Iteration   2: 95.737 ops/s
# Warmup Iteration   3: 95.839 ops/s
# Warmup Iteration   4: 95.641 ops/s
# Warmup Iteration   5: 95.794 ops/s
Iteration   1: 95.614 ops/s
Iteration   2: 95.584 ops/s
Iteration   3: 95.720 ops/s
Iteration   4: 95.722 ops/s
Iteration   5: 95.541 ops/s

# Run progress: 82.00% complete, ETA 00:15:46
# Fork: 2 of 5
# Warmup Iteration   1: 88.138 ops/s
# Warmup Iteration   2: 95.688 ops/s
# Warmup Iteration   3: 95.967 ops/s
# Warmup Iteration   4: 95.858 ops/s
# Warmup Iteration   5: 95.810 ops/s
Iteration   1: 95.949 ops/s
Iteration   2: 95.920 ops/s
Iteration   3: 95.590 ops/s
Iteration   4: 95.972 ops/s
Iteration   5: 95.939 ops/s

# Run progress: 84.00% complete, ETA 00:14:01
# Fork: 3 of 5
# Warmup Iteration   1: 87.687 ops/s
# Warmup Iteration   2: 95.433 ops/s
# Warmup Iteration   3: 95.169 ops/s
# Warmup Iteration   4: 95.466 ops/s
# Warmup Iteration   5: 95.441 ops/s
Iteration   1: 95.360 ops/s
Iteration   2: 95.543 ops/s
Iteration   3: 95.496 ops/s
Iteration   4: 95.210 ops/s
Iteration   5: 95.460 ops/s

# Run progress: 86.00% complete, ETA 00:12:16
# Fork: 4 of 5
# Warmup Iteration   1: 85.608 ops/s
# Warmup Iteration   2: 95.286 ops/s
# Warmup Iteration   3: 95.471 ops/s
# Warmup Iteration   4: 95.313 ops/s
# Warmup Iteration   5: 95.305 ops/s
Iteration   1: 95.405 ops/s
Iteration   2: 95.242 ops/s
Iteration   3: 95.442 ops/s
Iteration   4: 95.399 ops/s
Iteration   5: 95.238 ops/s

# Run progress: 88.00% complete, ETA 00:10:30
# Fork: 5 of 5
# Warmup Iteration   1: 88.072 ops/s
# Warmup Iteration   2: 95.842 ops/s
# Warmup Iteration   3: 95.586 ops/s
# Warmup Iteration   4: 95.814 ops/s
# Warmup Iteration   5: 95.629 ops/s
Iteration   1: 95.643 ops/s
Iteration   2: 95.733 ops/s
Iteration   3: 95.604 ops/s
Iteration   4: 95.707 ops/s
Iteration   5: 95.713 ops/s


Result "com.sun.glass.ui.monocle.Benchmarks.writeTo32New":
  95.590 ±(99.9%) 0.164 ops/s [Average]
  (min, avg, max) = (95.210, 95.590, 95.972), stdev = 0.220
  CI (99.9%): [95.425, 95.754] (assumes normal distribution)


# JMH version: 1.22
# VM version: JDK 11.0.4, OpenJDK Server VM, 11.0.4+11-post-Ubuntu-1ubuntu218.04.3
# VM invoker: /usr/lib/jvm/java-11-openjdk-armhf/bin/java
# VM options: <none>
# Warmup: 5 iterations, 10 s each
# Measurement: 5 iterations, 10 s each
# Timeout: 10 min per iteration
# Threads: 1 thread, will synchronize iterations
# Benchmark mode: Throughput, ops/time
# Benchmark: com.sun.glass.ui.monocle.Benchmarks.writeTo32Old
# Parameters: (type = large)

# Run progress: 90.00% complete, ETA 00:08:45
# Fork: 1 of 5
# Warmup Iteration   1: 86.285 ops/s
# Warmup Iteration   2: 95.396 ops/s
# Warmup Iteration   3: 95.530 ops/s
# Warmup Iteration   4: 95.359 ops/s
# Warmup Iteration   5: 95.549 ops/s
Iteration   1: 95.562 ops/s
Iteration   2: 95.341 ops/s
Iteration   3: 95.522 ops/s
Iteration   4: 95.374 ops/s
Iteration   5: 95.560 ops/s

# Run progress: 92.00% complete, ETA 00:07:00
# Fork: 2 of 5
# Warmup Iteration   1: 86.805 ops/s
# Warmup Iteration   2: 95.648 ops/s
# Warmup Iteration   3: 95.691 ops/s
# Warmup Iteration   4: 95.862 ops/s
# Warmup Iteration   5: 95.687 ops/s
Iteration   1: 95.827 ops/s
Iteration   2: 95.812 ops/s
Iteration   3: 95.632 ops/s
Iteration   4: 95.702 ops/s
Iteration   5: 95.815 ops/s

# Run progress: 94.00% complete, ETA 00:05:15
# Fork: 3 of 5
# Warmup Iteration   1: 86.491 ops/s
# Warmup Iteration   2: 94.203 ops/s
# Warmup Iteration   3: 94.144 ops/s
# Warmup Iteration   4: 94.236 ops/s
# Warmup Iteration   5: 94.135 ops/s
Iteration   1: 94.026 ops/s
Iteration   2: 94.269 ops/s
Iteration   3: 94.253 ops/s
Iteration   4: 94.103 ops/s
Iteration   5: 94.192 ops/s

# Run progress: 96.00% complete, ETA 00:03:30
# Fork: 4 of 5
# Warmup Iteration   1: 84.506 ops/s
# Warmup Iteration   2: 93.520 ops/s
# Warmup Iteration   3: 93.510 ops/s
# Warmup Iteration   4: 93.356 ops/s
# Warmup Iteration   5: 93.458 ops/s
Iteration   1: 93.418 ops/s
Iteration   2: 93.374 ops/s
Iteration   3: 93.471 ops/s
Iteration   4: 93.519 ops/s
Iteration   5: 93.363 ops/s

# Run progress: 98.00% complete, ETA 00:01:45
# Fork: 5 of 5
# Warmup Iteration   1: 86.616 ops/s
# Warmup Iteration   2: 94.173 ops/s
# Warmup Iteration   3: 94.191 ops/s
# Warmup Iteration   4: 94.375 ops/s
# Warmup Iteration   5: 94.217 ops/s
Iteration   1: 94.369 ops/s
Iteration   2: 94.333 ops/s
Iteration   3: 94.034 ops/s
Iteration   4: 94.320 ops/s
Iteration   5: 94.324 ops/s


Result "com.sun.glass.ui.monocle.Benchmarks.writeTo32Old":
  94.621 ±(99.9%) 0.667 ops/s [Average]
  (min, avg, max) = (93.363, 94.621, 95.827), stdev = 0.890
  CI (99.9%): [93.954, 95.287] (assumes normal distribution)


# Run complete. Total time: 01:27:33

REMEMBER: The numbers below are just data. To gain reusable insights, you need to follow up on
why the numbers are the way they are. Use profilers (see -prof, -lprof), design factorial
experiments, perform baseline and negative tests that provide experimental control, make sure
the benchmarking environment is safe on JVM/OS/HW level, ask for reviews from the domain experts.
Do not assume the numbers tell you what you want them to tell.

Benchmark                (type)   Mode  Cnt    Score    Error  Units
Benchmarks.copyTo08New    large  thrpt   25    9.940 ±  0.011  ops/s
Benchmarks.copyTo16New    large  thrpt   25   13.683 ±  0.013  ops/s
Benchmarks.copyTo16Old    large  thrpt   25   10.129 ±  0.086  ops/s
Benchmarks.copyTo32New    large  thrpt   25  107.174 ± 10.068  ops/s
Benchmarks.copyTo32Old    large  thrpt   25  105.480 ±  8.603  ops/s
Benchmarks.writeTo08New   large  thrpt   25    8.947 ±  0.355  ops/s
Benchmarks.writeTo16New   large  thrpt   25   13.983 ±  0.021  ops/s
Benchmarks.writeTo16Old   large  thrpt   25    9.950 ±  0.093  ops/s
Benchmarks.writeTo32New   large  thrpt   25   95.590 ±  0.164  ops/s
Benchmarks.writeTo32Old   large  thrpt   25   94.621 ±  0.667  ops/s
